12.077236224
12.079300608
12.08008704
12.078170112
12.117409792
12.117409792
12.104056832
12.10114048
12.093308928
12.093947904
12.096536576
12.096929792
12.09704448
12.097159168
12.09737216
12.097421312
12.097421312
12.095684608
12.095684608
12.111003648
12.111003648
12.094685184
12.094685184
12.091834368
12.091834368
12.096012288
12.096012288
12.08590336
12.08590336
12.105744384
12.105744384
12.090425344
12.090425344
12.087083008
12.087083008
12.099944448
12.099944448
12.084903936
12.084903936
12.1028608
12.1028608
12.084969472
12.084969472
12.079415296
12.079415296
12.091768832
12.091768832
12.0745984
12.0745984
12.09778176
12.09778176
12.079104
12.079104
12.073910272
12.073910272
12.091080704
12.091080704
12.07386112
12.07386112
12.07386112
12.07386112
12.07386112
12.07386112
12.084576256
12.084576256
12.083544064
12.083544064
12.069863424
12.069863424
12.063883264
12.063883264
12.074057728
12.074057728
12.0639488
12.0639488
12.084363264
12.084363264
12.06755328
12.06755328
12.064407552
12.064407552
12.079546368
12.079546368
12.064014336
12.064014336
12.08631296
12.08631296
12.067454976
12.067454976
12.064210944
12.064210944
12.079611904
12.079611904
12.064538624
12.064538624
12.06288384
12.06288384
12.068749312
12.068749312
12.063899648
12.063899648
12.063899648
12.063899648
12.064063488
12.064063488
12.065275904
12.065275904
12.065275904
12.065275904
12.065275904
12.065275904
12.08123392
12.08123392
12.067323904
12.067323904
12.064129024
12.064129024
12.076875776
12.076875776
12.06419456
12.06419456
12.083970048
12.083970048
12.06779904
12.06779904
12.064325632
12.064325632
12.07926784
12.07926784
12.064309248
12.064309248
12.08762368
12.08762368
12.06747136
12.06747136
12.083249152
12.083249152
12.097306624
12.097306624
12.063768576
12.063768576
12.062572544
12.062572544
12.068798464
12.068798464
12.064145408
12.064145408
12.081627136
12.081627136
12.065865728
12.065865728
12.063997952
12.063997952
12.072615936
12.072615936
12.063834112
12.063834112
12.08385536
12.08385536
12.067291136
12.067291136
12.063981568
12.063981568
12.076662784
12.076662784
12.063801344
12.063801344
12.083822592
12.083822592
12.068585472
12.068585472
12.06386688
12.06386688
12.078759936
12.078759936
12.0635392
12.0635392
12.086853632
12.086853632
12.068814848
12.068814848
12.064047104
12.064047104
12.081463296
12.081463296
12.064161792
12.064161792
12.062867456
12.062867456
12.07115776
12.07115776
12.065128448
12.065128448
12.08246272
12.08246272
12.068225024
12.068225024
12.068225024
12.068225024
12.075401216
12.075401216
12.06747136
12.06747136
12.087836672
12.087836672
12.071288832
12.071288832
12.072779776
12.072779776
12.101730304
12.101730304
12.064866304
12.064866304
12.08745984
12.08745984
12.068929536
12.068929536
12.06566912
12.06566912
12.06566912
12.06566912
12.06566912
12.06566912
12.064538624
12.064538624
12.070371328
12.070371328
12.065849344
12.065849344
12.083167232
12.083167232
12.065554432
12.065554432
12.067192832
12.067192832
12.071993344
12.071993344
12.065652736
12.065652736
12.083019776
12.083019776
12.067782656
12.067782656
12.064636928
12.064636928
12.07762944
12.07762944
12.064800768
12.064800768
12.0848384
12.0848384
12.068487168
12.068487168
12.0651776
12.0651776
12.08025088
12.08025088
12.064997376
12.064997376
12.088573952
12.088573952
12.088573952
12.088573952
12.065456128
12.065456128
12.080709632
12.080709632
12.065456128
12.065456128
12.06427648
12.06427648
12.07099392
12.07099392
12.066357248
12.066357248
12.083822592
12.083822592
12.083822592
12.083822592
12.06616064
12.06616064
12.093947904
12.093947904
12.082724864
12.082724864
12.082610176
12.082610176
12.068995072
12.068995072
12.065865728
12.065865728
12.078383104
12.078383104
12.065652736
12.065652736
12.008210432
12.008210432
11.99366144
11.99366144
11.989843968
11.989843968
12.005523456
12.005523456
11.990908928
11.990908928
12.014927872
12.014927872
11.996643328
11.996643328
11.992334336
11.992334336
12.010225664
12.010225664
11.993071616
11.993071616
11.991793664
11.991793664
11.9996416
11.9996416
11.99333376
11.99333376
12.01078272
12.01078272
11.996659712
11.996659712
11.993300992
11.993300992
12.003639296
12.003639296
11.99316992
11.99316992
12.013387776
12.013387776
11.996381184
11.996381184
11.993088
11.993088
12.008046592
12.008046592
11.992727552
11.992727552
12.01496064
12.01496064
11.996397568
11.996397568
11.993153536
11.993153536
12.008275968
12.008275968
11.993137152
11.993137152
11.9914496
11.9914496
12.017188864
12.017188864
12.010979328
12.010979328
12.010061824
12.010061824
11.992891392
11.992891392
11.99407104
11.99407104
11.99915008
11.99915008
11.99300608
11.99300608
12.010422272
12.010422272
11.996135424
11.996135424
11.993055232
11.993055232
11.993055232
11.993055232
11.992809472
11.992809472
12.012699648
12.012699648
11.995758592
11.995758592
11.992547328
11.992547328
12.007718912
12.007718912
11.992694784
11.992694784
12.01627136
12.01627136
12.01627136
12.01627136
11.992449024
11.992449024
12.007391232
12.007391232
11.992203264
11.992203264
11.990499328
11.990499328
11.996954624
11.996954624
11.992154112
11.992154112
12.009684992
12.009684992
11.994103808
11.994103808
11.992317952
11.992317952
12.001230848
12.001230848
12.001230848
12.001230848
12.001230848
12.001230848
11.995906048
11.995906048
12.098306048
12.098306048
12.110954496
12.110954496
12.098240512
12.098240512
12.118081536
12.118081536
12.122112
12.122112
12.115623936
12.115623936
12.08090624
12.08090624
12.064374784
12.064374784
12.086624256
12.086624256
12.086624256
12.086624256
12.086624256
12.086624256
12.11318272
12.11318272
12.098387968
12.098387968
12.096815104
12.096815104
12.104187904
12.104187904
12.096651264
12.096651264
12.11260928
12.11260928
12.11260928
12.11260928
12.11260928
12.11260928
12.100337664
12.100337664
12.088508416
12.088508416
12.088508416
12.088508416
12.088508416
12.088508416
12.082003968
12.082003968
12.075532288
12.075532288
12.059492352
12.059492352
12.079202304
12.079202304
12.062769152
12.062769152
12.058116096
12.058116096
12.07148544
12.07148544
12.054970368
12.054970368
12.05059584
12.05059584
12.05526528
12.05526528
12.048269312
12.048269312
12.067749888
12.067749888
12.050530304
12.050530304
12.052021248
12.052021248
12.05690368
12.05690368
12.050644992
12.050644992
12.068175872
12.068175872
12.053479424
12.053479424
12.068765696
12.068765696
12.080644096
12.080644096
12.047204352
12.047204352
12.0676352
12.0676352
12.051644416
12.051644416
12.048924672
12.048924672
12.064407552
12.064407552
12.049252352
12.049252352
12.072910848
12.072910848
12.052840448
12.052840448
12.049629184
12.049629184
12.064800768
12.064800768
12.049399808
12.049399808
12.0475648
12.0475648
12.05362688
12.05362688
12.04871168
12.04871168
12.04871168
12.04871168
12.04871168
12.04871168
12.048744448
12.048744448
12.057903104
12.057903104
12.057903104
12.057903104
12.057903104
12.057903104
12.052054016
12.052054016
12.048826368
12.048826368
12.061229056
12.061229056
12.048728064
12.048728064
12.068732928
12.068732928
12.053757952
12.053757952
12.048941056
12.048941056
12.064014336
12.064014336
12.049219584
12.049219584
12.072534016
12.072534016
12.054265856
12.054265856
12.054265856
12.054265856
12.066816
12.066816
12.049235968
12.049235968
12.067045376
12.067045376
12.073746432
12.073746432
12.046155776
12.046155776
12.064047104
12.064047104
12.050251776
12.050251776
12.047204352
12.047204352
12.057706496
12.057706496
12.04731904
12.04731904
12.0672256
12.0672256
12.050497536
12.050497536
12.047187968
12.047187968
12.062294016
12.062294016
12.047417344
12.047417344
12.06960128
12.06960128
12.050612224
12.050612224
12.047171584
12.047171584
12.062425088
12.062425088
12.047220736
12.047220736
12.045320192
12.045320192
12.0516608
12.0516608
12.04699136
12.04699136
12.064571392
12.064571392
12.047171584
12.047171584
12.04854784
12.04854784
12.053315584
12.053315584
12.047056896
12.047056896
12.117868544
12.117868544
12.118720512
12.118720512
12.114362368
12.114362368
12.127223808
12.127223808
12.114149376
12.114149376
12.131713024
12.131713024
12.111642624
12.111642624
12.106530816
12.106530816
12.120080384
12.120080384
12.10351616
12.10351616
12.10351616
12.10351616
12.10351616
12.10351616
12.069404672
12.069404672
12.104384512
12.104384512
12.089720832
12.089720832
12.0885248
12.0885248
12.09540608
12.09540608
12.090032128
12.090032128
12.105449472
12.105449472
12.08492032
12.08492032
12.081184768
12.081184768
12.088868864
12.088868864
12.078743552
12.078743552
12.094275584
12.094275584
12.077121536
12.077121536
12.07164928
12.07164928
12.08295424
12.08295424
12.06861824
12.06861824
12.086214656
12.086214656
12.068847616
12.068847616
12.062834688
12.062834688
12.076138496
12.076138496
12.0598528
12.0598528
12.082020352
12.082020352
12.061261824
12.061261824
12.061261824
12.061261824
12.071223296
12.071223296
12.051922944
12.051922944
12.048924672
12.048924672
12.054790144
12.054790144
12.047253504
12.047253504
12.064817152
12.064817152
12.050382848
12.050382848
12.04723712
12.04723712
12.057739264
12.057739264
12.047384576
12.047384576
12.088213504
12.088213504
12.069781504
12.069781504
12.04584448
12.04584448
12.06132736
12.06132736
12.046614528
12.046614528
12.069093376
12.069093376
12.050153472
12.050153472
12.046598144
12.046598144
12.061868032
12.061868032
12.04682752
12.04682752
12.04543488
12.04543488
12.052168704
12.052168704
12.047384576
12.047384576
12.064866304
12.064866304
12.047204352
12.047204352
12.048646144
12.048646144
12.055461888
12.055461888
12.047663104
12.047663104
12.06501376
12.06501376
12.050857984
12.050857984
12.047040512
12.047040512
12.060082176
12.060082176
12.047368192
12.047368192
12.067684352
12.067684352
12.050939904
12.050939904
12.047712256
12.047712256
12.062949376
12.062949376
12.0479744
12.0479744
12.071354368
12.071354368
12.05100544
12.05100544
12.047859712
12.047859712
12.06296576
12.06296576
12.04830208
12.04830208
12.046696448
12.046696448
12.05305344
12.05305344
12.04830208
12.04830208
12.065685504
12.065685504
12.062867456
12.062867456
12.061065216
12.061065216
12.054020096
12.054020096
12.044992512
12.044992512
12.062507008
12.062507008
12.048482304
12.048482304
12.045336576
12.045336576
12.058083328
12.058083328
12.045385728
12.045385728
12.065193984
12.065193984
12.050071552
12.050071552
12.04527104
12.04527104
12.060409856
12.060409856
12.045238272
12.045238272
12.068323328
12.068323328
12.04977664
12.04977664
12.04977664
12.04977664
12.06255616
12.06255616
12.044795904
12.044795904
12.04322304
12.04322304
12.050776064
12.050776064
12.044107776
12.044107776
12.04494336
12.04494336
12.044550144
12.044550144
12.062982144
12.062982144
12.04363264
12.04363264
12.074713088
12.074713088
12.046712832
12.046712832
12.0418304
12.0418304
12.055609344
12.055609344
12.04166656
12.04166656
12.04166656
12.04166656
12.04166656
12.04166656
12.039471104
12.039471104
12.045713408
12.045713408
12.040732672
12.040732672
12.056838144
12.056838144
12.059426816
12.059426816
12.079202304
12.079202304
12.079202304
12.079202304
12.079202304
12.079202304
12.046532608
12.046532608
12.038701056
12.038701056
12.05714944
12.05714944
12.038324224
12.038324224
12.0705024
12.0705024
12.041371648
12.041371648
12.037881856
12.037881856
12.049219584
12.049219584
12.037537792
12.037537792
12.054986752
12.054986752
12.037341184
12.037341184
12.072321024
12.072321024
12.041437184
12.041437184
12.036456448
12.036456448
12.052758528
12.052758528
12.036243456
12.036243456
12.072566784
12.072566784
12.051038208
12.051038208
12.046942208
12.046942208
12.05551104
12.05551104
12.046942208
12.046942208
12.061442048
12.061442048
12.043010048
12.043010048
12.071337984
12.071337984
12.044288
12.044288
12.03929088
12.03929088
12.047532032
12.047532032
12.047532032
12.047532032
12.054708224
12.054708224
12.03560448
12.03560448
12.070797312
12.070797312
12.040142848
12.040142848
12.035571712
12.035571712
12.035571712
12.03666944
12.03666944
