57.50
64.60
64.40
63.24
75.01
64.27
63.77
64.33
64.00
64.32
63.89
64.29
63.21
64.22
63.66
57.96
57.96
20.50
20.50
17.46
17.46
20.18
20.18
17.48
17.48
18.73
18.73
19.52
19.52
19.59
19.59
17.94
17.94
21.73
21.73
16.88
16.88
19.77
19.77
18.79
18.79
17.67
17.67
18.56
18.56
19.83
19.83
18.20
18.20
19.13
19.13
18.12
18.12
19.74
19.74
18.57
18.57
18.06
18.06
19.56
19.56
28.40
28.40
23.97
23.97
19.56
19.56
18.52
18.52
19.28
19.28
18.41
18.41
20.33
20.33
18.54
18.54
19.81
19.81
18.95
18.95
17.33
17.33
18.63
18.63
19.55
19.55
16.59
16.59
19.28
19.28
18.47
18.47
18.34
18.34
19.43
19.43
17.92
17.92
19.54
19.54
19.41
19.41
18.74
18.74
18.62
18.62
18.14
18.14
19.25
19.25
19.10
19.10
18.89
18.89
18.84
18.84
18.86
18.86
18.04
18.04
18.01
18.01
18.75
18.75
19.48
19.48
18.07
18.07
17.89
17.89
19.89
19.89
18.32
18.32
23.95
23.95
18.18
18.18
20.02
20.02
19.26
19.26
18.23
18.23
18.82
18.82
17.75
17.75
19.68
19.68
19.12
19.12
18.99
18.99
19.38
19.38
18.06
18.06
19.23
19.23
17.53
17.53
19.37
19.37
19.54
19.54
17.87
17.87
18.78
18.78
18.75
18.75
17.29
17.29
19.78
19.78
18.69
18.69
18.95
18.95
19.08
19.08
19.33
19.33
19.68
19.68
17.93
17.93
20.31
20.31
19.17
19.17
18.16
18.16
18.34
18.34
19.21
19.21
18.74
18.74
22.19
22.19
19.03
19.03
20.09
20.09
20.35
20.35
22.13
22.13
18.30
18.30
19.55
19.55
18.45
18.45
18.83
18.83
21.45
21.45
18.25
18.25
18.17
18.17
19.54
19.54
19.10
19.10
17.22
17.22
18.73
18.73
18.95
18.95
17.82
17.82
19.68
19.68
17.61
17.61
19.04
19.04
18.27
18.27
19.50
19.50
18.02
18.02
17.16
17.16
19.99
19.99
18.27
18.27
19.23
19.23
18.41
18.41
19.45
19.45
18.59
18.59
18.99
18.99
17.74
17.74
17.74
17.74
24.26
24.26
18.77
18.77
20.04
20.04
18.12
18.12
20.17
20.17
23.08
23.08
24.74
24.74
18.73
18.73
20.11
20.11
17.00
17.00
19.88
19.88
19.22
19.22
18.79
18.79
26.07
26.07
19.25
19.25
18.85
18.85
17.41
17.41
18.27
18.27
19.22
19.22
17.81
17.81
18.79
18.79
19.41
19.41
18.02
18.02
19.13
19.13
19.02
19.02
19.21
19.21
16.32
16.32
18.88
18.88
20.13
20.13
17.86
17.86
18.61
18.61
17.22
17.22
18.98
18.98
19.26
19.26
18.17
18.17
19.61
19.61
18.40
18.40
17.64
17.64
19.88
19.88
17.23
17.23
18.55
18.55
18.27
18.27
25.99
25.99
18.01
18.01
19.35
19.35
18.73
18.73
18.37
18.37
17.70
17.70
18.78
18.78
17.77
17.77
21.83
21.83
19.80
19.80
18.29
18.29
19.11
19.11
17.43
17.43
18.65
18.65
18.75
18.75
17.84
17.84
18.70
18.70
18.90
18.90
18.95
18.95
17.77
17.77
17.34
17.34
20.02
20.02
18.71
18.71
19.06
19.06
18.80
18.80
18.10
18.10
18.98
18.98
18.11
18.11
18.72
18.72
18.30
18.30
18.45
18.45
18.00
18.00
20.85
20.85
18.27
18.27
19.19
19.19
18.01
18.01
25.31
25.31
19.61
19.61
18.65
18.65
18.00
18.00
18.19
18.19
18.27
18.27
19.22
19.22
17.63
17.63
20.43
20.43
18.25
18.25
19.66
19.66
17.26
17.26
19.45
19.45
16.79
16.79
19.17
19.17
17.97
17.97
18.37
18.37
19.23
19.23
18.31
18.31
19.81
19.81
19.76
19.76
19.27
19.27
17.41
17.41
19.75
19.75
17.08
17.08
19.53
19.53
19.03
19.03
17.58
17.58
18.93
18.93
17.75
17.75
21.58
21.58
18.50
18.50
19.18
19.18
18.34
18.34
18.69
18.69
17.71
17.71
22.61
22.61
24.29
24.29
18.88
18.88
19.39
19.39
19.10
19.10
19.20
19.20
19.12
19.12
18.29
18.29
19.10
19.10
18.07
18.07
19.31
19.31
18.36
18.36
18.41
18.41
17.00
17.00
18.61
18.61
18.60
18.60
17.23
17.23
19.58
19.58
17.78
17.78
17.38
17.38
18.53
18.53
17.91
17.91
19.13
19.13
20.16
20.16
17.96
17.96
17.79
17.79
18.47
18.47
18.39
18.39
18.75
18.75
17.70
17.70
18.15
18.15
18.92
18.92
18.65
18.65
18.55
18.55
18.75
18.75
18.49
18.49
18.13
18.13
23.01
23.01
19.51
19.51
18.59
18.59
18.81
18.81
17.68
17.68
18.93
18.93
18.46
18.46
17.88
17.88
20.48
20.48
18.92
18.92
17.43
17.43
18.60
18.60
18.10
18.10
19.36
19.36
16.88
16.88
18.24
18.24
18.01
18.01
17.59
17.59
18.66
18.66
18.31
18.31
17.81
17.81
17.87
17.87
18.69
18.69
18.59
18.59
18.67
18.67
18.01
18.01
22.14
22.14
36.13
36.13
24.19
24.19
17.73
17.73
17.74
17.74
17.56
17.56
19.00
19.00
17.48
17.48
19.06
19.06
19.86
19.86
23.42
23.42
18.77
18.77
18.73
18.73
19.23
19.23
19.07
19.07
17.69
17.69
17.81
17.81
18.92
18.92
18.87
18.87
17.87
17.87
19.08
19.08
18.10
18.10
19.48
19.48
17.48
17.48
18.12
18.12
18.52
18.52
18.58
18.58
18.53
18.53
16.78
16.78
19.23
19.23
18.16
18.16
18.62
18.62
18.45
18.45
18.11
18.11
18.53
18.53
18.29
18.29
18.27
18.27
19.59
19.59
18.09
18.09
18.06
18.06
18.79
18.79
19.46
19.46
18.22
18.22
18.45
18.45
18.18
18.18
17.16
17.16
30.78
30.78
18.46
18.46
18.98
18.98
17.94
17.94
18.21
18.21
19.83
19.83
19.14
19.14
19.89
19.89
18.59
18.59
17.72
17.72
18.37
18.37
17.63
17.63
20.31
20.31
17.76
17.76
18.80
18.80
17.13
17.13
22.72
22.72
19.85
19.85
18.88
18.88
18.60
18.60
19.39
19.39
19.41
19.41
19.23
19.23
17.53
17.53
18.61
18.61
18.93
18.93
17.45
17.45
19.02
19.02
17.79
17.79
19.43
19.43
18.00
18.00
19.08
19.08
21.91
21.91
19.40
19.40
17.72
17.72
18.27
18.27
18.61
18.61
25.42
25.42
17.33
17.33
20.47
20.47
18.57
18.57
19.07
19.07
19.16
19.16
18.02
18.02
19.44
19.44
18.49
18.49
17.76
17.76
20.20
20.20
18.01
18.01
19.29
19.29
17.80
17.80
20.37
20.37
17.92
17.92
17.78
17.78
17.93
17.93
18.54
18.54
19.30
19.30
17.77
17.77
20.02
20.02
12.89
12.89
13.94
13.94
10.15
10.15
9.89
9.89
9.47
9.47
9.60
9.60
8.64
8.64
9.54
9.54
10.57
10.57
9.12
9.12
8.85
8.85
10.39
10.39
9.37
9.37
10.56
10.56
9.35
9.35
13.12
13.12
11.03
11.03
10.59
10.59
9.56
9.56
10.15
10.15
10.26
10.26
9.03
9.03
9.16
9.16
10.78
10.78
10.18
10.18
10.08
10.08
9.69
9.69
8.81
8.81
10.72
10.72
8.64
8.64
8.92
8.92
10.72
10.72
9.42
9.42
10.13
10.13
10.58
10.58
10.27
10.27
10.25
10.25
9.31
9.31
15.24
15.24
21.87
21.87
10.81
10.81
9.31
9.31
10.81
10.81
10.08
10.08
10.63
10.63
9.35
9.35
8.93
8.93
9.15
9.15
9.33
9.33
10.53
10.53
9.93
9.93
11.21
11.21
11.21
14.85
14.85
