0.006532612722367048
0.012218745425343513
0.051453351974487305
0.04765554144978523
0.008473189547657967
0.0627388283610344
0.010859132744371891
0.007557980716228485
0.053704455494880676
0.050137829035520554
0.008724802173674107
0.020484155043959618
0.018168294802308083
0.013357209041714668
0.05471332371234894
0.008970450609922409
0.022139128297567368
0.029773561283946037
0.017173049971461296
0.011012754403054714
0.02401171252131462
0.01551940105855465
0.045089926570653915
0.009432220831513405
0.03694063052535057
0.042172808200120926
0.005186871159821749
0.005297214258462191
0.04241948947310448
0.0071759335696697235
0.011964458972215652
0.03033321350812912
0.018620053306221962
0.006622370798140764
0.05103202909231186
0.022022631019353867
0.015439657494425774
0.004704299382865429
0.01612386852502823
0.024169500917196274
0.006690484471619129
0.00798020325601101
0.03198661282658577
0.004954769741743803
0.009972689673304558
0.010436022654175758
0.023627059534192085
0.002161635085940361
0.02813156694173813
0.013716090470552444
0.015210566110908985
0.0045630172826349735
0.09293904155492783
0.04042942449450493
0.013587265275418758
0.04987550526857376
0.014659413136541843
0.006555257830768824
0.026173612102866173
0.015439800918102264
0.010135278105735779
0.17130549252033234
0.005099265370517969
0.008979160338640213
0.008369678631424904
0.01777208410203457
0.009445609524846077
0.31347909569740295
0.010267595760524273
0.008099318481981754
0.022883208468556404
0.010355524718761444
0.008176768198609352
0.004813591483980417
0.017315324395895004
0.05582917109131813
0.029373494908213615
0.005263708997517824
0.010074503719806671
0.0046609495766460896
0.007696748711168766
0.01437414065003395
0.008923349902033806
0.011556960642337799
0.023962488397955894
0.010193336755037308
0.003972653765231371
0.0033106503542512655
0.010076787322759628
0.11781617999076843
0.010839151218533516
0.01720069907605648
0.030432511121034622
0.0022281918209046125
0.037788812071084976
0.006595941726118326
0.07584008574485779
0.011723991483449936
0.04898042976856232
0.020423991605639458
0.12589384615421295
0.014725299552083015
0.013370785862207413
0.012036205269396305
0.029831431806087494
0.021509351208806038
0.02025388926267624
0.010279241017997265
0.011270505376160145
0.009787866845726967
0.062492985278367996
0.008326303213834763
0.007029059808701277
0.006334218196570873
0.01406753621995449
0.008608127012848854
0.04307778924703598
0.01164596900343895
0.07602851837873459
0.027671875432133675
0.04605581983923912
0.02837565541267395
0.036985740065574646
0.03129547834396362
0.017999861389398575
0.008646451868116856
0.005187562201172113
0.012059456668794155
0.013189481571316719
0.02419654093682766
0.036545928567647934
0.007900714874267578
0.013943923637270927
0.005134976003319025
0.021213028579950333
0.014538184739649296
0.01940135471522808
0.005391528829932213
0.003712000558152795
0.012858363799750805
0.0069968970492482185
0.0062203118577599525
0.050592999905347824
0.002457308815792203
0.05235230550169945
0.020739411935210228
0.026728274300694466
0.009516343474388123
0.02871682494878769
0.01575828529894352
0.005759926978498697
0.045545559376478195
0.009394287131726742
0.013863850384950638
0.024877114221453667
0.007040566299110651
0.006280293222516775
0.05631398409605026
0.005577192176133394
0.16092324256896973
0.020137984305620193
0.017763765528798103
0.087734654545784
0.004945835098624229
0.0237593837082386
0.0015244923997670412
0.0025228627491742373
0.003426132258027792
0.06605666130781174
0.04062233865261078
0.005036582704633474
0.015579347498714924
0.01901540346443653
0.05384214222431183
0.04086368530988693
0.016830332577228546
0.10470318049192429
0.014583969488739967
0.03461746126413345
0.026521841064095497
0.02837195061147213
0.03099893406033516
0.019236261025071144
0.00965268537402153
0.028159575536847115
0.014558069407939911
0.027602989226579666
0.006348617374897003
0.027185924351215363
0.01824040524661541
0.020652420818805695
0.005321161821484566
0.005369130056351423
0.010093191638588905
0.12360486388206482
0.03431645780801773
0.027822300791740417
0.0402601920068264
0.012559110298752785
0.049303337931632996
0.06004048511385918
0.008493395522236824
0.07916922122240067
0.020803295075893402
0.03892768546938896
0.08788717538118362
0.006021874025464058
0.01839498244225979
0.026432247832417488
0.0037493782583624125
0.02761528268456459
0.056584108620882034
0.0508207231760025
0.0186653733253479
0.019134383648633957
0.007623779587447643
0.021030642092227936
0.04816204681992531
0.018975879997015
0.010568652302026749
0.003154527861624956
0.015447660349309444
0.025159956887364388
0.006206538528203964
0.009039893746376038
0.027208447456359863
0.018895139917731285
0.0187897477298975
0.008805242367088795
0.007591370027512312
0.012709835544228554
0.01766454055905342
0.04310731217265129
0.006574680097401142
0.009147181175649166
0.036180876195430756
0.015249794349074364
0.009979888796806335
0.00777618819847703
0.015611221082508564
0.01022371370345354
0.07020589709281921
0.05924875661730766
0.005093872081488371
0.0442080982029438
0.03935683146119118
0.03807692229747772
0.016081683337688446
0.04995052143931389
0.01410713791847229
0.018226198852062225
0.02952038124203682
0.03593386709690094
0.09832927584648132
0.002036894205957651
0.023318378254771233
0.003918572328984737
0.00994947925209999
0.005633780267089605
0.05305054038763046
0.07776918262243271
0.022968938574194908
0.020878516137599945
0.04422305151820183
0.0028611423913389444
0.008925390429794788
0.0072975726798176765
0.03559861704707146
0.05005577951669693
0.04993332922458649
0.015677284449338913
0.07240157574415207
0.05023692548274994
0.012977334670722485
0.018687337636947632
0.008322344161570072
0.007788366638123989
0.013660544529557228
0.03496113792061806
0.008730560541152954
0.028633063659071922
0.04206787422299385
0.03884483873844147
0.03032507747411728
0.01586761698126793
0.007107181940227747
0.013720562681555748
0.012773602269589901
0.04529048502445221
0.0057769170962274075
0.07440383732318878
0.0044721318408846855
0.022646641358733177
0.08128101378679276
0.1187838613986969
0.016188969835639
0.08152987062931061
0.007464730180799961
0.018120771273970604
0.007299663498997688
0.0583808459341526
0.0038871755823493004
0.011782772839069366
0.006834513042122126
0.08202109485864639
0.031157689169049263
0.008135881274938583
0.05115821957588196
0.06295758485794067
0.007569905370473862
0.0047899940982460976
0.006704413332045078
0.013933849520981312
0.005041463766247034
0.05325568467378616
0.047367244958877563
0.009879655204713345
0.006775781977921724
0.015442921780049801
0.04295242205262184
0.03981594368815422
0.029325610026717186
0.015055402182042599
0.021999577060341835
0.023093730211257935
0.03681169077754021
0.0018257548799738288
0.02107103355228901
0.0042575872503221035
0.020361056551337242
0.006666524801403284
0.06563763320446014
0.013026738539338112
0.09132871776819229
0.03254188969731331
0.021216463297605515
0.030699588358402252
0.02629086747765541
0.002501688664779067
0.016297072172164917
0.018525654450058937
0.0051231952384114265
0.005766148213297129
0.007600259967148304
0.04890294000506401
0.009272124618291855
0.015474292449653149
0.004384959582239389
0.13659468293190002
0.003909323364496231
0.040154892951250076
0.00908843707293272
0.005258925259113312
0.001590991159901023
0.008605431765317917
0.004052020609378815
0.00937097892165184
0.017532000318169594
0.00861557386815548
0.005223669111728668
0.009818636812269688
0.016502918675541878
0.0060957432724535465
0.013413608074188232
0.0028478046879172325
0.007032776717096567
0.008504441007971764
0.043938152492046356
0.019251259043812752
0.030416205525398254
0.050299350172281265
0.0073065306060016155
0.016219697892665863
0.05538765713572502
0.008762454614043236
0.011781461536884308
0.016860751435160637
0.0054990979842841625
0.014483972452580929
0.00457277987152338
0.012874963693320751
0.021138837561011314
0.02164863795042038
0.024893609806895256
0.007087944075465202
0.011487484909594059
0.041170015931129456
0.03228535130620003
0.03243069723248482
0.02335641346871853
0.04113461449742317
0.05596764013171196
0.023110080510377884
0.010783110745251179
0.034804996103048325
0.0667138323187828
0.003577021649107337
0.004985227715224028
0.0034248509909957647
0.005567250773310661
0.019367996603250504
0.010000757873058319
0.12175101041793823
0.060112349689006805
0.022781725972890854
0.026571238413453102
0.024127986282110214
0.008782768622040749
0.06210275739431381
0.09554778784513474
0.05710230767726898
0.01682138629257679
0.06456178426742554
0.025732114911079407
0.009175775572657585
0.003269547363743186
0.00459877448156476
0.015991294756531715
0.009859793819487095
0.029819218441843987
0.011612189002335072
0.009583797305822372
0.011724704876542091
0.04942763224244118
0.0648747980594635
0.028707779943943024
0.011956500820815563
0.031324587762355804
0.025167053565382957
0.022024448961019516
0.00572609156370163
0.027269575744867325
0.0069123730063438416
0.07308496534824371
0.008765325881540775
0.004722302313894033
0.015702299773693085
0.01181316189467907
0.02626548521220684
0.01587526872754097
0.008903367444872856
0.0074554127641022205
0.01573038287460804
0.018061431124806404
0.013584310188889503
0.014979197643697262
0.0073648737743496895
0.03313036262989044
0.04227066785097122
0.027412645518779755
0.011829218827188015
0.07683686167001724
0.05507327616214752
0.01461540162563324
0.0972040444612503
0.005821778904646635
0.011863422580063343
0.0038969959132373333
0.01654999516904354
0.019024338573217392
0.008835287764668465
0.021818537265062332
0.006533204112201929
0.01525149680674076
0.0314338393509388
0.0026404724922031164
0.03397198021411896
0.03324232995510101
0.02769877202808857
0.060208920389413834
0.008009647019207478
0.03234352916479111
0.0045386021956801414
0.026450777426362038
0.013929413631558418
0.06456305831670761
0.002603016560897231
0.02583017759025097
0.0187666118144989
0.12273447960615158
0.009677999652922153
0.03199080377817154
0.004960432182997465
0.010714772157371044
0.023951726034283638
0.01750723458826542
0.060791607946157455
0.01832832582294941
0.030896851792931557
0.008198141120374203
0.006001404952257872
0.016422495245933533
0.027973780408501625
0.01128766406327486
0.013780063949525356
0.05412406846880913
0.11454036086797714
0.02285717986524105
0.010022458620369434
0.008129569701850414
0.00745294988155365
0.02472463622689247
0.05957417190074921
0.016168350353837013
0.0476851612329483
0.0027100499719381332
0.04031560570001602
0.01575147546827793
0.05423733964562416
0.011502367444336414
0.004276738036423922
0.005727375857532024
0.02230057492852211
0.018200691789388657
0.03419191762804985
0.006408194079995155
0.03811626881361008
0.006720434408634901
0.10190709680318832
0.05414273962378502
0.022323880344629288
0.01202088501304388
0.006708910688757896
0.0447201244533062
0.008917608298361301
0.031035367399454117
0.014774872921407223
0.006629129406064749
0.01998842880129814
0.009113370440900326
0.03698385879397392
0.007568676490336657
0.0047075580805540085
0.005480530671775341
0.014932896010577679
0.008093251846730709
0.014374682679772377
0.05515348166227341
0.01857517845928669
0.08147790282964706
0.0017003000248223543
0.0042721182107925415
0.018310336396098137
0.010695165954530239
0.011423137970268726
0.014159208163619041
0.05518354848027229
0.008978631347417831
0.034095585346221924
0.022981472313404083
0.06055574119091034
0.026743685826659203
0.01881488226354122
0.006693271454423666
0.03202880546450615
0.10334501415491104
0.04848174378275871
0.013680057600140572
0.022484835237264633
0.016009477898478508
0.07183242589235306
0.006831448525190353
0.02189354971051216
0.02345975488424301
0.002641754224896431
0.046400655061006546
0.020531823858618736
0.009338274598121643
0.008448454551398754
0.0636516883969307
0.004246736876666546
0.047874655574560165
0.017586009576916695
0.05525203421711922
0.01925046741962433
0.0388876348733902
0.019092286005616188
0.0070726824924349785
0.14934447407722473
0.01687285304069519
0.0061762984842062
0.007678138557821512
0.01679431088268757
0.03162778541445732
0.04416908696293831
0.012933711521327496
0.010427694767713547
0.02575068362057209
0.12216021865606308
0.061966672539711
0.0028394064866006374
0.03550013527274132
0.005506815388798714
0.03457733616232872
0.005382765084505081
0.03014644980430603
0.009553906507790089
0.015097778290510178
0.021198036149144173
0.004714599344879389
0.015469664707779884
0.02031182497739792
0.04588085412979126
0.02470601722598076
0.010066572576761246
0.045499105006456375
0.04373794049024582
0.011529640294611454
0.052553627640008926
0.05521409213542938
0.17022311687469482
0.041034601628780365
0.0420161671936512
0.05101500079035759
0.008190309628844261
0.009577231481671333
0.006021338514983654
0.002252583159133792
0.02357245236635208
0.032180704176425934
0.002570724580436945
0.02973679080605507
0.04272792860865593
0.0078055099584162235
0.005072916857898235
0.045534759759902954
0.015209388919174671
0.06410793960094452
0.02089744433760643
0.022560102865099907
0.010818538255989552
0.09744895994663239
0.03037448413670063
0.019010894000530243
0.021313805133104324
0.005370020400732756
0.010469241067767143
0.008360158652067184
0.008228166960179806
0.08607201278209686
0.006014814134687185
0.011157291010022163
0.09305457025766373
0.010207168757915497
0.05351656302809715
0.004068915266543627
0.008934085257351398
0.07080026715993881
0.013256099075078964
0.03160402923822403
0.027358442544937134
0.006398167926818132
0.008028705604374409
0.011982711963355541
0.05538839474320412
0.015985950827598572
0.005141308531165123
0.03187660500407219
0.05175298824906349
0.02345682866871357
0.016074836254119873
0.0017311887349933386
0.002186970319598913
0.056586045771837234
0.025400923565030098
0.02093733660876751
0.026367906481027603
0.008327208459377289
0.006636160425841808
0.020556392148137093
0.0119654331356287
0.0024113149847835302
0.038320958614349365
0.005875242408365011
0.021740645170211792
0.014250953681766987
0.011360621079802513
0.05300142243504524
0.06789116561412811
0.015369437634944916
0.019489051774144173
0.0016517371404916048
0.021631501615047455
0.005312064196914434
0.022379247471690178
0.01863889768719673
0.011488977819681168
0.05786386504769325
0.01860937289893627
0.011709080077707767
0.017962787300348282
0.09238997101783752
0.07561930269002914
0.011696506291627884
0.01054463442414999
0.029961807653307915
0.04125075787305832
0.01617003045976162
0.006031334400177002
0.021939700469374657
0.0040503451600670815
0.0442073717713356
0.01735771633684635
0.017216859385371208
0.013440721668303013
0.020313624292612076
0.1645178347826004
0.006998769007623196
0.0321795791387558
0.02022477611899376
0.03326210752129555
0.01022002100944519
0.058928295969963074
0.005061883945018053
0.002242246177047491
0.03606675937771797
0.009133140556514263
0.006774837616831064
0.017285989597439766
0.011704201810061932
0.05321463942527771
0.013913489878177643
0.011343534104526043
0.011992364190518856
0.002449124353006482
0.0020388655830174685
0.05276637524366379
0.01494223065674305
0.07775696367025375
0.002123226411640644
0.0413561575114727
0.04419878497719765
0.02590547688305378
0.0053507136180996895
0.04945172369480133
0.042059604078531265
0.012532727792859077
0.010038629174232483
0.06904573738574982
0.025386586785316467
0.029619857668876648
0.010039828717708588
0.023905714973807335
0.010004222393035889
0.09176844358444214
0.02420647442340851
0.002699511358514428
0.038871072232723236
0.03754906728863716
0.03236446902155876
0.011245401576161385
0.008082383312284946
0.0028477043379098177
0.005173046607524157
0.013092142529785633
0.012560296803712845
0.003317418973892927
0.019862523302435875
0.03426128253340721
0.06154058128595352
0.01483856700360775
0.06246145814657211
0.0039023731369525194
0.041752446442842484
0.0019845759961754084
0.005792900454252958
0.010417956858873367
0.0027038543485105038
0.09876301884651184
0.03839556872844696
0.011139809153974056
0.06572820246219635
0.006054934114217758
0.015502889640629292
0.0031629707664251328
0.018895376473665237
0.05368573218584061
0.02799621783196926
0.027343392372131348
0.016656503081321716
0.0072784931398928165
0.03100423701107502
0.0054657976143062115
0.025949819013476372
0.001622953568585217
0.14156194031238556
0.015032238326966763
0.03635737672448158
0.007564630825072527
0.001967498566955328
0.019489863887429237
0.08372586965560913
0.03618094325065613
0.045751720666885376
0.06527106463909149
0.009938729926943779
0.015363883227109909
0.013249051757156849
0.0033518678974360228
0.023429615423083305
0.020973002538084984
0.008586546406149864
0.025730561465024948
0.007438488770276308
0.008182032033801079
0.01707528717815876
0.0021082947496324778
0.007439455948770046
0.008879114873707294
0.047641005367040634
0.0063256630674004555
0.01696380041539669
0.008119478821754456
0.023296788334846497
0.01655973121523857
0.005836002063006163
0.034883737564086914
0.030538856983184814
0.025689516216516495
0.01646779291331768
0.013696986250579357
0.0030696073081344366
0.010222995653748512
0.011505641043186188
0.016845136880874634
0.01051306538283825
0.007291794754564762
0.011775203049182892
0.06475161761045456
0.010545004159212112
0.004019932821393013
0.004282176028937101
0.011271335184574127
0.02978140488266945
0.08742621541023254
0.015595928765833378
0.050967052578926086
0.06493085622787476
0.002662802580744028
0.011575709097087383
0.002992936410009861
0.04303264990448952
0.02551872469484806
0.04005483537912369
0.009462938643991947
0.04890167713165283
0.06138254702091217
0.009282340295612812
0.006930594332516193
0.009770503267645836
0.007591518573462963
0.04212185740470886
0.07513817399740219
0.012987387366592884
0.0821593776345253
0.03624323382973671
0.013361235149204731
0.014388409443199635
0.009405898861587048
0.012469496577978134
0.002452791901305318
0.0039888909086585045
0.05724423751235008
0.050245996564626694
0.04378784820437431
0.03119942732155323
0.029783565551042557
0.03368998318910599
0.028276212513446808
0.006829111836850643
0.030399322509765625
0.03443199768662453
0.015857920050621033
0.04515664279460907
0.005934425629675388
0.010573158971965313
0.004522913601249456
0.025724168866872787
0.017237253487110138
0.0011194734834134579
0.010462969541549683
0.08575288206338882
0.0034046575892716646
0.00856905896216631
0.0032022371888160706
0.04372674226760864
0.00546612124890089
0.03400507569313049
0.0028721881099045277
0.0030721910297870636
0.06298144161701202
0.028818955644965172
0.01711844652891159
0.015496909618377686
0.11554426699876785
0.019747108221054077
0.0319223515689373
0.029280396178364754
0.051237110048532486
0.036153607070446014
0.013348422944545746
0.002667918335646391
0.0488961786031723
0.022420115768909454
0.017826436087489128
0.005507646594196558
0.01602393202483654
0.004799285437911749
0.014321294613182545
0.0034311297349631786
0.05938404053449631
0.012609249912202358
0.020493164658546448
0.005359893199056387
0.006655542179942131
0.03691903129220009
0.008096657693386078
0.05263576656579971
0.02464798279106617
0.08991879224777222
0.003240667749196291
0.06589225679636002
0.017893042415380478
0.007318444084376097
0.0281363632529974
0.03163830190896988
0.015348026528954506
0.015353504568338394
0.033675771206617355
0.02028723806142807
0.0036430524196475744
0.019042963162064552
0.002280001062899828
0.03147650882601738
0.009020971134305
0.01673811860382557
0.0094585120677948
0.015126621350646019
0.0013672959757968783
0.027776619419455528
