6.25
18.75
25
32.8125
26.5625
26.5625
39.0625
40.625
39.0625
43.75
46.875
51.5625
59.375
65.625
62.5
59.375
60.9375
78.125
62.5
71.875
71.875
62.5
68.75
64.0625
65.625
73.4375
75
76.5625
64.0625
76.5625
81.25
76.5625
78.125
78.125
82.8125
73.4375
82.8125
87.5
84.375
79.6875
87.5
73.4375
87.5
87.5
87.5
84.375
82.8125
84.375
93.75
81.25
76.5625
84.375
82.8125
92.1875
85.9375
84.375
92.1875
85.9375
87.5
92.1875
85.9375
90.625
84.375
84.375
87.5
79.6875
89.0625
85.9375
90.625
82.8125
96.875
90.625
89.0625
87.5
90.625
89.0625
82.8125
85.9375
92.1875
90.625
85.9375
92.1875
90.625
87.5
85.9375
92.1875
78.125
89.0625
95.3125
82.8125
90.625
90.625
84.375
89.0625
85.9375
84.375
89.0625
85.9375
90.625
85.9375
84.375
90.625
90.625
95.3125
89.0625
89.0625
87.5
89.0625
90.625
90.625
98.4375
87.5
89.0625
89.0625
89.0625
92.1875
95.3125
92.1875
85.9375
98.4375
90.625
93.75
93.75
90.625
92.1875
93.75
92.1875
96.875
89.0625
89.0625
95.3125
96.875
93.75
95.3125
93.75
93.75
85.9375
90.625
95.3125
84.375
85.9375
92.1875
87.5
95.3125
92.1875
92.1875
95.3125
87.5
90.625
90.625
90.625
93.75
93.75
84.375
92.1875
82.8125
95.3125
89.0625
90.625
98.4375
90.625
93.75
95.3125
79.6875
95.3125
90.625
95.3125
90.625
93.75
90.625
96.875
95.3125
95.3125
90.625
93.75
90.625
95.3125
89.0625
89.0625
95.3125
90.625
90.625
98.4375
96.875
90.625
89.0625
90.625
98.4375
93.75
93.75
98.4375
95.3125
93.75
92.1875
92.1875
93.75
96.875
93.75
95.3125
87.5
93.75
95.3125
95.3125
93.75
89.0625
95.3125
95.3125
98.4375
96.875
92.1875
96.875
95.3125
95.3125
96.875
96.875
98.4375
92.1875
96.875
95.3125
93.75
96.875
96.875
95.3125
93.75
93.75
93.75
90.625
93.75
98.4375
90.625
96.875
92.1875
93.75
95.3125
93.75
89.0625
89.0625
87.5
95.3125
95.3125
93.75
100
92.1875
92.1875
96.875
96.875
100
93.75
93.75
98.4375
95.3125
92.1875
96.875
92.1875
92.1875
96.875
92.1875
95.3125
96.875
89.0625
98.4375
95.3125
95.3125
96.875
98.4375
96.875
93.75
95.3125
95.3125
93.75
93.75
98.4375
96.875
98.4375
93.75
95.3125
90.625
96.875
100
95.3125
95.3125
95.3125
92.1875
93.75
95.3125
96.875
95.3125
95.3125
96.875
96.875
98.4375
90.625
98.4375
98.4375
95.3125
92.1875
96.875
95.3125
96.875
93.75
95.3125
93.75
90.625
98.4375
96.875
96.875
93.75
96.875
95.3125
89.0625
96.875
92.1875
92.1875
92.1875
93.75
96.875
93.75
96.875
93.75
89.0625
93.75
92.1875
93.75
93.75
98.4375
95.3125
93.75
93.75
84.375
95.3125
93.75
93.75
98.4375
95.3125
95.3125
96.875
96.875
92.1875
87.5
95.3125
95.3125
92.1875
96.875
96.875
93.75
98.4375
95.3125
93.75
100
95.3125
92.1875
96.875
95.3125
93.75
96.875
98.4375
93.75
93.75
92.1875
95.3125
96.875
92.1875
89.0625
98.4375
92.1875
93.75
96.875
92.1875
98.4375
85.9375
95.3125
100
93.75
89.0625
95.3125
95.3125
96.875
93.75
96.875
98.4375
92.1875
95.3125
96.875
90.625
87.5
100
98.4375
92.1875
96.875
92.1875
100
92.1875
93.75
98.4375
93.75
96.875
95.3125
90.625
96.875
98.4375
95.3125
93.75
96.875
96.875
96.875
95.3125
96.875
95.3125
95.3125
100
98.4375
96.875
92.1875
93.75
96.875
92.1875
100
98.4375
96.875
96.875
100
95.3125
98.4375
98.4375
95.3125
98.4375
96.875
95.3125
95.3125
96.875
100
90.625
93.75
93.75
93.75
93.75
96.875
92.1875
96.875
96.875
98.4375
96.875
93.75
96.875
96.875
98.4375
95.3125
95.3125
98.4375
95.3125
89.0625
100
93.75
95.3125
96.875
95.3125
96.875
98.4375
95.3125
93.75
95.3125
96.875
96.875
98.4375
96.875
95.3125
93.75
90.625
95.3125
95.3125
98.4375
96.875
98.4375
98.4375
95.3125
98.4375
96.875
95.3125
98.4375
96.875
95.3125
96.875
100
96.875
98.4375
95.3125
100
96.875
95.3125
100
92.1875
98.4375
95.3125
100
93.75
98.4375
92.1875
100
93.75
93.75
98.4375
96.875
98.4375
96.875
95.3125
95.3125
93.75
100
93.75
95.3125
90.625
96.875
98.4375
93.75
98.4375
92.1875
98.4375
93.75
87.5
92.1875
93.75
95.3125
93.75
98.4375
95.3125
92.1875
98.4375
96.875
95.3125
95.3125
96.875
96.875
96.875
96.875
95.3125
87.5
98.4375
92.1875
95.3125
98.4375
92.1875
92.1875
98.4375
98.4375
98.4375
93.75
100
95.3125
98.4375
92.1875
98.4375
95.3125
96.875
95.3125
90.625
95.3125
98.4375
96.875
95.3125
95.3125
96.875
95.3125
98.4375
95.3125
95.3125
100
100
98.4375
100
96.875
98.4375
96.875
96.875
96.875
100
98.4375
100
95.3125
96.875
95.3125
92.1875
96.875
95.3125
92.1875
98.4375
98.4375
96.875
95.3125
96.875
93.75
95.3125
96.875
98.4375
98.4375
95.3125
96.875
95.3125
96.875
96.875
100
95.3125
96.875
96.875
100
96.875
93.75
100
98.4375
95.3125
98.4375
93.75
98.4375
96.875
98.4375
96.875
96.875
95.3125
98.4375
100
93.75
98.4375
93.75
93.75
95.3125
98.4375
89.0625
95.3125
96.875
100
95.3125
100
98.4375
93.75
96.875
98.4375
98.4375
96.875
92.1875
98.4375
100
95.3125
98.4375
100
98.4375
90.625
98.4375
96.875
98.4375
98.4375
95.3125
93.75
96.875
100
96.875
90.625
98.4375
100
93.75
93.75
95.3125
98.4375
100
96.875
100
93.75
98.4375
98.4375
90.625
96.875
98.4375
95.3125
92.1875
92.1875
100
93.75
98.4375
95.3125
98.4375
98.4375
96.875
98.4375
95.3125
95.3125
96.875
96.875
95.3125
96.875
92.1875
96.875
100
93.75
95.3125
96.875
96.875
96.875
98.4375
96.875
96.875
100
93.75
98.4375
96.875
96.875
98.4375
95.3125
96.875
100
92.1875
95.3125
92.1875
93.75
95.3125
98.4375
98.4375
95.3125
98.4375
100
93.75
100
96.875
100
96.875
95.3125
96.875
96.875
93.75
96.875
96.875
96.875
96.875
98.4375
100
96.875
93.75
96.875
95.3125
100
95.3125
96.875
95.3125
96.875
96.875
96.875
100
96.875
96.875
98.4375
95.3125
100
96.875
93.75
98.4375
96.875
93.75
93.75
98.4375
95.3125
100
96.875
96.875
98.4375
98.4375
93.75
98.4375
95.3125
96.875
96.875
96.875
95.3125
93.75
96.875
95.3125
93.75
93.75
96.875
96.875
90.625
98.4375
96.875
96.875
93.75
93.75
98.4375
100
98.4375
100
96.875
96.875
92.1875
93.75
95.3125
92.1875
96.875
98.4375
98.4375
98.4375
93.75
96.875
100
96.875
95.3125
100
95.3125
100
95.3125
93.75
100
98.4375
98.4375
95.3125
96.875
95.3125
98.4375
98.4375
96.875
95.3125
96.875
95.3125
96.875
95.3125
96.875
98.4375
100
96.875
98.4375
98.4375
92.1875
92.1875
100
95.3125
95.3125
98.4375
96.875
100
96.875
98.4375
95.3125
100
100
96.875
98.4375
96.875
96.875
98.4375
96.875
96.875
95.3125
98.4375
98.4375
98.4375
96.875
96.875
96.875
93.75
93.75
98.4375
93.75
96.875
96.875
93.75
95.3125
96.875
95.3125
96.875
96.875
98.4375
100
98.4375
100
100
95.3125
95.3125
96.875
92.1875
96.875
98.4375
93.75
92.1875
98.4375
96.875
98.4375
95.3125
95.3125
96.875
95.3125
93.75
100
96.875
98.4375
95.3125
98.4375
96.875
95.3125
98.4375
93.75
95.3125
95.3125
95.3125
96.875
100
98.4375
95.3125
100
96.875
96.875
96.875
96.875
95.3125
100
100
95.3125
100
95.3125
96.875
100
96.875
98.4375
93.75
93.75
96.875
95.3125
95.3125
98.4375
95.3125
96.875
98.4375
98.4375
100
93.75
96.875
98.4375
98.4375
96.875
95.3125
95.83333333333334
100
96.875
100
95.83333333333334
100
