50.78
50.78
19.71
19.71
18.09
18.09
19.53
19.53
17.53
17.53
19.11
19.11
19.78
19.78
36.04
36.04
18.35
18.35
19.30
19.30
20.26
20.26
17.60
17.60
19.73
19.73
18.07
18.07
18.90
18.90
18.25
18.25
20.65
20.65
17.59
17.59
19.04
19.04
18.09
18.09
18.17
18.17
18.31
18.31
18.88
18.88
17.94
17.94
18.77
18.77
23.03
23.03
19.46
19.46
18.71
18.71
18.52
18.52
19.08
19.08
19.15
19.15
18.22
18.22
16.98
16.98
18.29
18.29
19.86
19.86
17.70
17.70
18.92
18.92
17.90
17.90
18.26
18.26
18.82
18.82
18.37
18.37
16.22
16.22
24.49
24.49
18.91
18.91
19.89
19.89
17.87
17.87
20.31
20.31
19.42
19.42
18.33
18.33
19.51
19.51
18.04
18.04
17.86
17.86
18.22
18.22
20.84
20.84
17.65
17.65
18.57
18.57
19.50
19.50
18.67
18.67
19.31
19.31
21.82
21.82
19.06
19.06
29.08
29.08
23.92
23.92
19.38
19.38
19.89
19.89
21.74
21.74
19.00
19.00
18.26
18.26
19.86
19.86
19.56
19.56
18.54
18.54
20.16
20.16
18.20
18.20
17.45
17.45
18.72
18.72
19.59
19.59
17.78
17.78
18.73
18.73
18.74
18.74
18.03
18.03
18.13
18.13
18.72
18.72
17.83
17.83
17.92
17.92
20.34
20.34
17.74
17.74
18.11
18.11
19.55
19.55
17.88
17.88
19.13
19.13
18.45
18.45
18.87
18.87
18.27
18.27
19.69
19.69
17.39
17.39
18.88
18.88
17.85
17.85
18.92
18.92
24.57
24.57
19.76
19.76
19.37
19.37
17.16
17.16
18.50
18.50
18.72
18.72
17.92
17.92
18.87
18.87
20.54
20.54
18.08
18.08
18.08
18.08
18.83
18.83
19.13
19.13
17.11
17.11
20.56
20.56
17.59
17.59
17.79
17.79
18.88
18.88
18.07
18.07
17.89
17.89
20.21
20.21
19.51
19.51
17.25
17.25
18.96
18.96
17.88
17.88
19.18
19.18
17.28
17.28
18.15
18.15
19.08
19.08
17.91
17.91
18.34
18.34
19.71
19.71
17.38
17.38
18.06
18.06
18.99
18.99
19.59
19.59
18.80
18.80
21.86
21.86
20.05
20.05
18.11
18.11
20.09
20.09
17.20
17.20
18.64
18.64
19.93
19.93
18.78
18.78
18.62
18.62
17.74
17.74
19.52
19.52
18.12
18.12
19.05
19.05
17.79
17.79
18.66
18.66
17.62
17.62
18.55
18.55
17.49
17.49
19.65
19.65
17.82
17.82
20.49
20.49
18.32
18.32
20.62
20.62
18.67
18.67
18.70
18.70
18.42
18.42
19.90
19.90
18.75
18.75
19.82
19.82
17.84
17.84
17.81
17.81
22.41
22.41
17.17
17.17
21.00
21.00
19.52
19.52
17.91
17.91
32.15
32.15
20.67
20.67
18.55
18.55
18.87
18.87
19.28
19.28
25.68
25.68
20.52
20.52
19.66
19.66
20.23
20.23
18.59
18.59
18.93
18.93
17.45
17.45
18.60
18.60
18.61
18.61
17.27
17.27
19.98
19.98
17.82
17.82
18.50
18.50
20.79
20.79
21.09
21.09
18.92
18.92
18.86
18.86
18.77
18.77
18.47
18.47
19.03
19.03
18.30
18.30
17.75
17.75
19.38
19.38
18.09
18.09
19.90
19.90
18.19
18.19
18.02
18.02
18.36
18.36
18.71
18.71
18.67
18.67
19.09
19.09
18.72
18.72
22.40
22.40
18.48
18.48
19.87
19.87
17.29
17.29
18.92
18.92
18.78
18.78
17.69
17.69
18.88
18.88
18.04
18.04
20.29
20.29
18.13
18.13
18.02
18.02
17.84
17.84
17.86
17.86
17.92
17.92
18.35
18.35
18.34
18.34
19.28
19.28
18.72
18.72
17.81
17.81
17.52
17.52
19.03
19.03
17.01
17.01
19.56
19.56
17.35
17.35
19.65
19.65
17.92
17.92
18.68
18.68
23.61
23.61
17.35
17.35
19.68
19.68
18.19
18.19
19.68
19.68
18.17
18.17
18.81
18.81
18.31
18.31
18.75
18.75
24.22
24.22
18.18
18.18
19.81
19.81
17.21
17.21
18.41
18.41
18.50
18.50
18.75
18.75
17.87
17.87
18.02
18.02
18.93
18.93
18.70
18.70
17.66
17.66
19.05
19.05
18.34
18.34
18.64
18.64
18.87
18.87
18.57
18.57
17.27
17.27
19.65
19.65
17.72
17.72
18.22
18.22
19.51
19.51
17.82
17.82
17.09
17.09
18.29
18.29
19.25
19.25
17.58
17.58
18.79
18.79
18.62
18.62
18.65
18.65
18.01
18.01
18.60
18.60
17.59
17.59
18.38
18.38
18.50
18.50
23.57
23.57
26.87
26.87
27.00
27.00
19.23
19.23
21.37
21.37
18.26
18.26
17.53
17.53
19.41
19.41
18.32
18.32
19.18
19.18
17.97
17.97
18.92
18.92
18.06
18.06
17.61
17.61
19.23
19.23
18.87
18.87
18.30
18.30
17.91
17.91
22.50
22.50
18.85
18.85
17.21
17.21
19.55
19.55
18.43
18.43
17.47
17.47
19.46
19.46
18.76
18.76
18.34
18.34
18.41
18.41
17.89
17.89
19.26
19.26
19.18
19.18
18.82
18.82
19.20
19.20
17.73
17.73
19.99
19.99
18.06
18.06
18.41
18.41
18.88
18.88
23.60
23.60
18.57
18.57
19.61
19.61
18.19
18.19
17.59
17.59
18.36
18.36
18.55
18.55
18.96
18.96
16.85
16.85
20.00
20.00
17.97
17.97
19.54
19.54
18.34
18.34
18.34
18.34
17.41
17.41
18.34
18.34
16.78
16.78
18.37
18.37
19.05
19.05
16.87
16.87
19.11
19.11
17.22
17.22
19.36
19.36
18.14
18.14
17.25
17.25
20.18
20.18
17.08
17.08
18.63
18.63
18.01
18.01
18.09
18.09
19.54
19.54
17.08
17.08
18.43
18.43
17.88
17.88
19.13
19.13
18.64
18.64
18.70
18.70
23.74
23.74
19.10
19.10
18.71
18.71
18.61
18.61
19.20
19.20
17.75
17.75
19.87
19.87
18.44
18.44
17.51
17.51
19.12
19.12
19.71
19.71
24.32
24.32
27.30
27.30
18.42
18.42
18.62
18.62
18.98
18.98
17.24
17.24
47.40
47.40
18.19
18.19
18.50
18.50
20.04
20.04
18.06
18.06
18.70
18.70
17.59
17.59
18.86
18.86
17.71
17.71
18.99
18.99
17.03
17.03
18.07
18.07
19.26
19.26
18.47
18.47
18.02
18.02
18.54
18.54
18.07
18.07
21.07
21.07
18.55
18.55
19.49
19.49
32.47
32.47
20.21
20.21
19.37
19.37
17.43
17.43
18.95
18.95
18.88
18.88
19.40
19.40
19.22
19.22
19.11
19.11
19.07
19.07
18.34
18.34
18.73
18.73
17.79
17.79
18.52
18.52
17.85
17.85
19.18
19.18
18.24
18.24
18.70
18.70
19.79
19.79
20.44
20.44
18.26
18.26
18.82
18.82
18.47
18.47
15.31
15.31
19.79
19.79
10.19
10.19
12.36
12.36
10.79
10.79
11.97
11.97
9.48
9.48
10.75
10.75
8.75
8.75
8.65
8.65
11.19
11.19
9.69
9.69
10.06
10.06
10.60
10.60
15.42
15.42
9.40
9.40
9.71
9.71
11.75
11.75
9.71
9.71
8.44
8.44
10.62
10.62
10.63
10.63
9.93
9.93
9.46
9.46
8.71
8.71
12.15
12.15
10.35
10.35
10.02
10.02
9.64
9.64
9.52
9.52
9.94
9.94
9.67
9.67
9.25
9.25
10.38
10.38
9.21
9.21
9.19
9.19
9.71
9.71
10.62
10.62
8.02
8.02
10.19
10.19
10.92
10.92
9.48
9.48
9.21
9.21
9.66
9.66
23.08
23.08
22.51
22.51
11.87
11.87
10.08
10.08
8.92
8.92
9.52
9.52
9.11
9.11
10.17
10.17
9.22
9.22
9.53
9.53
9.53
15.00
