12.170051584
12.170051584
12.291571712
12.291571712
12.276547584
12.276547584
12.275122176
12.275122176
12.290523136
12.290523136
12.250447872
12.250447872
12.250447872
12.250447872
12.250447872
12.250447872
12.297404416
12.297404416
12.311248896
12.311248896
12.294586368
12.294586368
12.291506176
12.291506176
12.29479936
12.29479936
12.28865536
12.28865536
12.305137664
12.305137664
12.288720896
12.288720896
12.285149184
12.285149184
12.292489216
12.292489216
12.292489216
12.292489216
12.292489216
12.292489216
12.282118144
12.282118144
12.277481472
12.277481472
12.29029376
12.29029376
12.27743232
12.27743232
12.297388032
12.297388032
12.299862016
12.299862016
12.292456448
12.292456448
12.290605056
12.290605056
12.275695616
12.275695616
12.299173888
12.299173888
12.279349248
12.279349248
12.276072448
12.276072448
12.291424256
12.291424256
12.276383744
12.276383744
12.274925568
12.274925568
12.282544128
12.282544128
12.27644928
12.27644928
12.293636096
12.293636096
12.279463936
12.279463936
12.276170752
12.276170752
12.283756544
12.283756544
12.273647616
12.273647616
12.294275072
12.294275072
12.277383168
12.277383168
12.274302976
12.274302976
12.289376256
12.289376256
12.274368512
12.274368512
12.2937344
12.2937344
12.277317632
12.277317632
12.273844224
12.273844224
12.288917504
12.288917504
12.288917504
12.288917504
12.272205824
12.272205824
12.278382592
12.278382592
12.273778688
12.273778688
12.291260416
12.291260416
12.274024448
12.274024448
12.274057216
12.274057216
12.279824384
12.279824384
12.274139136
12.274139136
12.291489792
12.291489792
12.307677184
12.307677184
12.302942208
12.302942208
12.294537216
12.294537216
12.2847232
12.2847232
12.304662528
12.304662528
12.288196608
12.288196608
12.28496896
12.28496896
12.300025856
12.300025856
12.285018112
12.285018112
12.285018112
12.285018112
12.285018112
12.285018112
12.285313024
12.285313024
12.300681216
12.300681216
12.285444096
12.285444096
12.283936768
12.283936768
12.29029376
12.29029376
12.285591552
12.285591552
12.303171584
12.303171584
12.287279104
12.287279104
12.285591552
12.285591552
12.294586368
12.294586368
12.28546048
12.28546048
12.28546048
12.28546048
12.288589824
12.288589824
12.285313024
12.285313024
12.298010624
12.298010624
12.28546048
12.28546048
12.305498112
12.305498112
12.29029376
12.29029376
12.28570624
12.28570624
12.30053376
12.30053376
12.285558784
12.285558784
12.309250048
12.309250048
12.288671744
12.288671744
12.288671744
12.288671744
12.300550144
12.300550144
12.285444096
12.285444096
12.303220736
12.303220736
12.309676032
12.309676032
12.283723776
12.283723776
12.301910016
12.301910016
12.287852544
12.287852544
12.285034496
12.285034496
12.295749632
12.295749632
12.285034496
12.285034496
12.285034496
12.285034496
12.285034496
12.285034496
12.285018112
12.285018112
12.300238848
12.300238848
12.285886464
12.285886464
12.285886464
12.285886464
12.289359872
12.289359872
12.28603392
12.28603392
12.28603392
12.28603392
12.28603392
12.28603392
12.28447744
12.28447744
12.289785856
12.289785856
12.276416512
12.276416512
12.282118144
12.282118144
12.264865792
12.264865792
12.264833024
12.264833024
12.271026176
12.271026176
12.264865792
12.264865792
12.28218368
12.28218368
12.268077056
12.268077056
12.265029632
12.265029632
12.27538432
12.27538432
12.2650624
12.2650624
12.285198336
12.285198336
12.268208128
12.268208128
12.265160704
12.265160704
12.2802176
12.2802176
12.26539008
12.26539008
12.2875904
12.2875904
12.284936192
12.284936192
12.263686144
12.263686144
12.268945408
12.268945408
12.268945408
12.268945408
12.268945408
12.268945408
12.25826304
12.25826304
12.25326592
12.25326592
12.270665728
12.270665728
12.249186304
12.249186304
12.248137728
12.248137728
12.257787904
12.257787904
12.35419136
12.35419136
12.371738624
12.371738624
12.35771392
12.35771392
12.354338816
12.354338816
12.36566016
12.36566016
12.36566016
12.36566016
12.369051648
12.369051648
12.352339968
12.352339968
12.346294272
12.346294272
12.33133568
12.33133568
12.314984448
12.314984448
12.338855936
12.338855936
12.318982144
12.318982144
12.318982144
12.318982144
12.328189952
12.328189952
12.27931648
12.27931648
12.278022144
12.278022144
12.278022144
12.278022144
12.276301824
12.276301824
12.29225984
12.29225984
12.331696128
12.331696128
12.328501248
12.328501248
12.33936384
12.33936384
12.32912384
12.32912384
12.34911232
12.34911232
12.364300288
12.364300288
12.337545216
12.337545216
12.297273344
12.297273344
12.280774656
12.280774656
12.299124736
12.299124736
12.284624896
12.284624896
12.281921536
12.281921536
12.29733888
12.29733888
12.282052608
12.282052608
12.28046336
12.28046336
12.285820928
12.285820928
12.278874112
12.278874112
12.294946816
12.294946816
12.277792768
12.277792768
12.277710848
12.277710848
12.283707392
12.283707392
12.27726848
12.27726848
12.294733824
12.294733824
12.284772352
12.284772352
12.282052608
12.282052608
12.292456448
12.292456448
12.28201984
12.28201984
12.301893632
12.301893632
12.284116992
12.284116992
12.279119872
12.279119872
12.29258752
12.29258752
12.277579776
12.277579776
12.299501568
12.299501568
12.280594432
12.280594432
12.277481472
12.277481472
12.292390912
12.292390912
12.277399552
12.277399552
12.276154368
12.276154368
12.282527744
12.282527744
12.277612544
12.277612544
12.295323648
12.295323648
12.279693312
12.279693312
12.29586432
12.29586432
12.303384576
12.303384576
12.276088832
12.276088832
12.293996544
12.293996544
12.279840768
12.279840768
12.276809728
12.276809728
12.289540096
12.289540096
12.276924416
12.276924416
12.29684736
12.29684736
12.28152832
12.28152832
12.2769408
12.2769408
12.2769408
12.2769408
12.27669504
12.27669504
12.299976704
12.299976704
12.299976704
12.299976704
12.299976704
12.299976704
12.291162112
12.291162112
12.276563968
12.276563968
12.276563968
12.276563968
12.276563968
12.276563968
12.276187136
12.276187136
12.293505024
12.293505024
12.279250944
12.279250944
12.27636736
12.27636736
12.286558208
12.286558208
12.27636736
12.27636736
12.296323072
12.296323072
12.279922688
12.279922688
12.293423104
12.293423104
12.306857984
12.306857984
12.306857984
12.306857984
12.306857984
12.306857984
12.291637248
12.291637248
12.284854272
12.284854272
12.300058624
12.300058624
12.284854272
12.284854272
12.281495552
12.281495552
12.305711104
12.305711104
12.29717504
12.29717504
12.295110656
12.295110656
12.277743616
12.277743616
12.278136832
12.278136832
12.278136832
12.278136832
12.278136832
12.278136832
12.295716864
12.295716864
12.281479168
12.281479168
12.278530048
12.278530048
12.288442368
12.288442368
12.278300672
12.278300672
12.298092544
12.298092544
12.281724928
12.281724928
12.278382592
12.278382592
12.293390336
12.293390336
12.278431744
12.278431744
12.300468224
12.300468224
12.281495552
12.281495552
12.278382592
12.278382592
12.293537792
12.293537792
12.278431744
12.278431744
12.276809728
12.276809728
12.283019264
12.283019264
12.278054912
12.278054912
12.295520256
12.295520256
12.279775232
12.279775232
12.278530048
12.278530048
12.287246336
12.287246336
12.277972992
12.277972992
12.295356416
12.295356416
12.28120064
12.28120064
12.277940224
12.277940224
12.290752512
12.290752512
12.277907456
12.277907456
12.298846208
12.298846208
12.316540928
12.316540928
12.294815744
12.294815744
12.29283328
12.29283328
12.278185984
12.278185984
12.301631488
12.301631488
12.281348096
12.281348096
12.281348096
12.281348096
12.293062656
12.293062656
12.277940224
12.277940224
12.27636736
12.27636736
12.27636736
12.27636736
12.277858304
12.277858304
12.295159808
12.295159808
12.2810368
12.2810368
12.2781696
12.2781696
12.288540672
12.288540672
12.278136832
12.278136832
12.298190848
12.298190848
12.28128256
12.28128256
12.277956608
12.277956608
12.293177344
12.293177344
12.278513664
12.278513664
12.297846784
12.297846784
12.281331712
12.281331712
12.277940224
12.277940224
12.293177344
12.293177344
12.293177344
12.293177344
12.27669504
12.27669504
12.283183104
12.283183104
12.283183104
12.283183104
12.283183104
12.283183104
12.278349824
12.278349824
12.278792192
12.278792192
12.284837888
12.284837888
12.284837888
12.284837888
12.295766016
12.295766016
12.281380864
12.281380864
12.29824
12.29824
12.306251776
12.306251776
12.277825536
12.277825536
12.298010624
12.298010624
12.281626624
12.281626624
12.2781696
12.2781696
12.293193728
12.293193728
12.278480896
12.278480896
12.300517376
12.300517376
12.281905152
12.281905152
12.278562816
12.278562816
12.293292032
12.293292032
12.278317056
12.278317056
12.276678656
12.276678656
12.283265024
12.283265024
12.278513664
12.278513664
12.295962624
12.295962624
12.279955456
12.279955456
12.278284288
12.278284288
12.2875904
12.2875904
12.278530048
12.278530048
12.296093696
12.296093696
12.281659392
12.281659392
12.278300672
12.278300672
12.291014656
12.291014656
12.278480896
12.278480896
12.298338304
12.298338304
12.282822656
12.282822656
12.278218752
12.278218752
12.293193728
12.293193728
12.278104064
12.278104064
12.302286848
12.302286848
12.281954304
12.281954304
12.278677504
12.278677504
12.293685248
12.293685248
12.278530048
12.278530048
12.276957184
12.276957184
12.303613952
12.303613952
12.296077312
12.296077312
12.295634944
12.295634944
12.281675776
12.281675776
12.278382592
12.278382592
12.288671744
12.288671744
12.278546432
12.278546432
12.278546432
12.278546432
12.278546432
12.278546432
12.226134016
12.226134016
12.241092608
12.241092608
12.238094336
12.238094336
12.274909184
12.274909184
12.25654272
12.25654272
12.25375744
12.25375744
12.269289472
12.269289472
12.254642176
12.254642176
12.293963776
12.293963776
12.299108352
12.299108352
12.292390912
12.292390912
12.322127872
12.322127872
12.304596992
12.304596992
12.303515648
12.303515648
12.309725184
12.309725184
12.303777792
12.303777792
12.317589504
12.317589504
12.301959168
12.301959168
12.296962048
12.296962048
12.306464768
12.306464768
12.294701056
12.294701056
12.313018368
12.313018368
12.294504448
12.294504448
12.291293184
12.291293184
12.306317312
12.306317312
12.29160448
12.29160448
12.313116672
12.313116672
12.294520832
12.294520832
12.32461824
12.32461824
12.31929344
12.31929344
12.289294336
12.289294336
12.28808192
12.28808192
12.294193152
12.294193152
12.28955648
12.28955648
12.306989056
12.306989056
12.290981888
12.290981888
12.289425408
12.289425408
12.298289152
12.298289152
12.289507328
12.289507328
12.289507328
12.289507328
12.292898816
12.292898816
12.289687552
12.289687552
12.30241792
12.30241792
12.289671168
12.289671168
12.309430272
12.309430272
12.294275072
12.294275072
12.394561536
12.394561536
12.409716736
12.409716736
12.394512384
12.394512384
12.417794048
12.417794048
12.397182976
12.397182976
12.416827392
12.416827392
12.395462656
12.395462656
12.391563264
12.391563264
12.39072768
12.39072768
12.409257984
12.409257984
12.287328256
12.287328256
12.284297216
12.284297216
12.289900544
12.289900544
12.285067264
12.285067264
12.30127104
12.30127104
12.284624896
12.284624896
12.306776064
12.306776064
12.287721472
12.287721472
12.284215296
12.284215296
12.310953984
12.310953984
12.303384576
12.303384576
12.299583488
12.299583488
12.283478016
12.283478016
12.312690688
12.312690688
12.286640128
12.286640128
12.283101184
12.283101184
12.294438912
12.294438912
12.282560512
12.282560512
12.30118912
12.30118912
12.282249216
12.282249216
12.317114368
12.317114368
12.286181376
12.286181376
12.281167872
12.281167872
12.297306112
12.297306112
12.281004032
12.281004032
12.300517376
12.300517376
12.282068992
12.282068992
12.278939648
12.278939648
12.28603392
12.28603392
12.279955456
12.279955456
12.295995392
12.295995392
12.279414784
12.279414784
12.308414464
12.308414464
12.282085376
12.282085376
12.278644736
12.278644736
12.286066688
12.286066688
12.278398976
12.278398976
12.296945664
12.296945664
12.277891072
12.277891072
12.316000256
12.316000256
12.285476864
12.285476864
12.280856576
12.280856576
12.294586368
12.294586368
12.2806272
12.2806272
12.300189696
12.300189696
12.2802176
12.2802176
12.278235136
12.278235136
12.257296384
12.257296384
12.260622336
12.260622336
12.260622336
12.263030784
