2.3429126739501953
2.2246553897857666
2.204275131225586
2.16998553276062
2.1461000442504883
2.079460382461548
2.107231855392456
2.076181650161743
2.0540366172790527
2.0006632804870605
1.9184153079986572
1.835349440574646
1.8114290237426758
1.6819534301757813
1.6870219707489014
1.6914616823196411
1.606913447380066
1.533466100692749
1.523628830909729
1.4434751272201538
1.359991192817688
1.477850317955017
1.2617172002792358
1.341198205947876
1.3007107973098755
1.2849421501159668
1.1599165201187134
1.175168752670288
1.269384741783142
1.0589667558670044
1.1074016094207764
1.1279977560043335
0.975979745388031
0.9466654658317566
1.0076289176940918
1.0053960084915161
0.9725699424743652
0.9631259441375732
0.8571038246154785
0.8809919953346252
0.8725209832191467
0.9451302289962769
0.7593851685523987
0.7521371841430664
0.8015267848968506
0.768445611000061
0.7902524471282959
0.7281136512756348
0.6175969839096069
0.7765952944755554
0.771489143371582
0.7382370233535767
0.7031876444816589
0.6636173129081726
0.6514438986778259
0.8646138310432434
0.5361992120742798
0.7208219170570374
0.6573302745819092
0.47405973076820374
0.6663454174995422
0.5428019165992737
0.6755813360214233
0.6289334297180176
0.6227881908416748
0.7799701690673828
0.5273612141609192
0.6092523336410522
0.5353039503097534
0.6280306577682495
0.32997655868530273
0.534954845905304
0.4525607228279114
0.66435307264328
0.5286141633987427
0.46806031465530396
0.5903754234313965
0.6754198670387268
0.39451950788497925
0.4617310166358948
0.5390798449516296
0.4433818459510803
0.4620002508163452
0.4096384644508362
0.443570613861084
0.4419056475162506
0.6462669372558594
0.48909875750541687
0.3587057292461395
0.6090384721755981
0.545278787612915
0.43442055583000183
0.5424092411994934
0.3961111307144165
0.6082721948623657
0.47752705216407776
0.5132851600646973
0.49444136023521423
0.36421090364456177
0.4510082006454468
0.7136649489402771
0.46027448773384094
0.3574230670928955
0.32655075192451477
0.47260168194770813
0.44347691535949707
0.459240198135376
0.4206168055534363
0.42648032307624817
0.3215344548225403
0.24098140001296997
0.4983173608779907
0.4711814224720001
0.5074583292007446
0.5779110193252563
0.33850398659706116
0.3506881296634674
0.3436622619628906
0.42751747369766235
0.2769094407558441
0.3521217703819275
0.3860211968421936
0.22549931704998016
0.4320199489593506
0.25696226954460144
0.3314356803894043
0.3694291412830353
0.24891754984855652
0.44139838218688965
0.4204154312610626
0.28577908873558044
0.21115364134311676
0.22158244252204895
0.3570028245449066
0.3102238178253174
0.2635571360588074
0.46348869800567627
0.29426875710487366
0.3729884922504425
0.42256593704223633
0.35528555512428284
0.3419627547264099
0.3376961648464203
0.19015459716320038
0.3234454095363617
0.3480168581008911
0.2112094610929489
0.47320467233657837
0.3953988254070282
0.2878017723560333
0.41335999965667725
0.2767876982688904
0.3063729405403137
0.4089743196964264
0.31124475598335266
0.46685051918029785
0.18477463722229004
0.47660380601882935
0.3321462571620941
0.17224659025669098
0.2455679178237915
0.25654536485671997
0.23869474232196808
0.6342704892158508
0.24821941554546356
0.35551533102989197
0.24908201396465302
0.2921481430530548
0.289734810590744
0.3138832151889801
0.22667859494686127
0.2680642008781433
0.2605060040950775
0.31732335686683655
0.30481281876564026
0.2548186480998993
0.2611720561981201
0.3188427984714508
0.31186985969543457
0.1810285896062851
0.30021318793296814
0.34077417850494385
0.14003586769104004
0.1610749363899231
0.3146815896034241
0.43586307764053345
0.3174034059047699
0.17135970294475555
0.24603769183158875
0.3828350007534027
0.29886099696159363
0.20097851753234863
0.24665889143943787
0.32176896929740906
0.2646935284137726
0.21673788130283356
0.17996345460414886
0.2045031040906906
0.17953698337078094
0.3317161798477173
0.26985350251197815
0.17843303084373474
0.17956693470478058
0.2212437391281128
0.36167725920677185
0.2510633170604706
0.24833537638187408
0.1328970193862915
0.15018703043460846
0.200527161359787
0.1896476000547409
0.17705874145030975
0.17282480001449585
0.16001524031162262
0.1427907645702362
0.188228577375412
0.43596675992012024
0.21312826871871948
0.1989997923374176
0.23254483938217163
0.1776682436466217
0.13570615649223328
0.23197665810585022
0.24343553185462952
0.32977214455604553
0.25461438298225403
0.22342252731323242
0.2166362851858139
0.20012611150741577
0.3355408310890198
0.18494382500648499
0.3025839328765869
0.33100995421409607
0.16584913432598114
0.2474009394645691
0.2670818269252777
0.3363029956817627
0.3363310694694519
0.18213564157485962
0.17129842936992645
0.3065764009952545
0.12196944653987885
0.2451053410768509
0.25363364815711975
0.15598726272583008
0.20172415673732758
0.10771491378545761
0.21458297967910767
0.27888423204421997
0.1353766769170761
0.2989368140697479
0.2305130660533905
0.19797775149345398
0.3086855411529541
0.24184496700763702
0.17518484592437744
0.23412619531154633
0.20668521523475647
0.11259221285581589
0.25463056564331055
0.16575351357460022
0.2876608073711395
0.15052546560764313
0.1495736837387085
0.12290161848068237
0.20247222483158112
0.318168044090271
0.18853111565113068
0.17276307940483093
0.25926876068115234
0.2549542188644409
0.10113255679607391
0.1435408741235733
0.14904464781284332
0.1836247742176056
0.22566059231758118
0.20714597404003143
0.13622798025608063
0.10627400875091553
0.13995783030986786
0.19360582530498505
0.1829511523246765
0.25098803639411926
0.30045393109321594
0.13200213015079498
0.10652557760477066
0.22729618847370148
0.18443045020103455
0.1183498278260231
0.1536109447479248
0.17412956058979034
0.20506010949611664
0.11093027144670486
0.12849794328212738
0.11737469583749771
0.27827927470207214
0.151282399892807
0.15925686061382294
0.199040487408638
0.33483630418777466
0.15451040863990784
0.22816109657287598
0.35948455333709717
0.12144334614276886
0.1611585170030594
0.11802098155021667
0.2637465000152588
0.1303430050611496
0.170253723859787
0.2419654130935669
0.14790892601013184
0.2478170543909073
0.3236798346042633
0.2305818349123001
0.2594316005706787
0.1511239856481552
0.19881142675876617
0.1532253473997116
0.18697136640548706
0.44469934701919556
0.1962808519601822
0.26790139079093933
0.21929924190044403
0.171251580119133
0.2045193463563919
0.17177599668502808
0.25255951285362244
0.1344076693058014
0.4971642792224884
0.14789211750030518
0.1715540885925293
0.1808517873287201
0.06716509908437729
0.2600768506526947
0.1712305247783661
0.1401178240776062
0.17836040258407593
0.22415043413639069
0.29147961735725403
0.17119599878787994
0.15301427245140076
0.2813057005405426
0.18261966109275818
0.10972839593887329
0.18872013688087463
0.0759136751294136
0.15166375041007996
0.19126978516578674
0.13371530175209045
0.13753211498260498
0.20489926636219025
0.13506120443344116
0.2151169627904892
0.18934200704097748
0.19532515108585358
0.127114936709404
0.19473320245742798
0.2709532380104065
0.2549338936805725
0.23159894347190857
0.19524794816970825
0.19298557937145233
0.26098155975341797
0.09736830741167068
0.2118760347366333
0.23316872119903564
0.19672442972660065
0.22316525876522064
0.08479947596788406
0.43261057138442993
0.2053617388010025
0.033953551203012466
0.19055302441120148
0.22032366693019867
0.16671566665172577
0.2382746785879135
0.10710212588310242
0.2500802278518677
0.20366434752941132
0.11142447590827942
0.2402786761522293
0.1667647808790207
0.20792528986930847
0.32319822907447815
0.2969725728034973
0.05795799940824509
0.12244154512882233
0.2314496785402298
0.1281791478395462
0.31698793172836304
0.08365700393915176
0.2556766867637634
0.18997865915298462
0.11491638422012329
0.1877543330192566
0.16544926166534424
0.15730281174182892
0.20666125416755676
0.16089631617069244
0.0882495567202568
0.1444462537765503
0.18360556662082672
0.17756232619285583
0.10513581335544586
0.0992935299873352
0.2272222638130188
0.16170628368854523
0.1423732042312622
0.1528969705104828
0.07078111916780472
0.1392177790403366
0.14500916004180908
0.18375679850578308
0.22222484648227692
0.11268837749958038
0.1451769918203354
0.09808436781167984
0.08930748701095581
0.14278827607631683
0.09323859959840775
0.07093258202075958
0.22899381816387177
0.0843425765633583
0.10064316540956497
0.1692894995212555
0.06700612604618073
0.07700253278017044
0.14889207482337952
0.1853867620229721
0.11336933821439743
0.06777974963188171
0.24726805090904236
0.11297516524791718
0.20930111408233643
0.22283810377120972
0.16185007989406586
0.10378140956163406
0.15889447927474976
0.1441778987646103
0.09754814952611923
0.1347467005252838
0.12706615030765533
0.2546332776546478
0.20050308108329773
0.11364096403121948
0.05295555666089058
0.1830126792192459
0.19263918697834015
0.05887291952967644
0.14425547420978546
0.23339103162288666
0.051833752542734146
0.1752745658159256
0.1448860764503479
0.10252852737903595
0.13017494976520538
0.05740146338939667
0.08648326247930527
0.10955102741718292
0.1516120731830597
0.17272800207138062
0.10042300075292587
0.1271568387746811
0.09247297048568726
0.15656201541423798
0.20630903542041779
0.1594565510749817
0.25106608867645264
0.14048798382282257
0.14944155514240265
0.0902097299695015
0.11381536722183228
0.08714785426855087
0.10901902616024017
0.1572335958480835
0.10292079299688339
0.11070793122053146
0.22018229961395264
0.11316823214292526
0.09263364970684052
0.12539854645729065
0.10808184742927551
0.047038983553647995
0.11429644376039505
0.07775306701660156
0.13543003797531128
0.05578085407614708
0.11104819923639297
0.2383003979921341
0.06215430796146393
0.24044270813465118
0.10845556855201721
0.09710102528333664
0.06281857937574387
0.20021845400333405
0.11545345932245255
0.1653098165988922
0.06945841759443283
0.273043692111969
0.17854571342468262
0.08955144882202148
0.13317717611789703
0.16043436527252197
0.10204357653856277
0.1090274304151535
0.12226340919733047
0.18053385615348816
0.09318115562200546
0.127090722322464
0.10237489640712738
0.228012353181839
0.06525122374296188
0.09230445325374603
0.27190932631492615
0.10103806853294373
0.17894844710826874
0.10349337756633759
0.11774133890867233
0.3811015486717224
0.19824758172035217
0.22573170065879822
0.14452706277370453
0.18532785773277283
0.09102120995521545
0.16262978315353394
0.14145928621292114
0.11115814000368118
0.0917300283908844
0.09038008749485016
0.14261698722839355
0.14110223948955536
0.0833032950758934
0.1042906865477562
0.2819550335407257
0.09885349124670029
0.28816673159599304
0.13089822232723236
0.21661856770515442
0.14880171418190002
0.059655509889125824
0.21697452664375305
0.22429879009723663
0.09630650281906128
0.09304818511009216
0.1376769095659256
0.2608183026313782
0.07906799763441086
0.18117555975914001
0.11124157160520554
0.2567451298236847
0.07000552862882614
0.2590019702911377
0.26304951310157776
0.14203326404094696
0.17900706827640533
0.12556925415992737
0.09583058208227158
0.10555090755224228
0.11452820152044296
0.13940384984016418
0.08643606305122375
0.15543976426124573
0.08076896518468857
0.14671489596366882
0.13207674026489258
0.04306948184967041
0.06214400380849838
0.07482647895812988
0.05918159335851669
0.10670749843120575
0.10495400428771973
0.09459230303764343
0.10833258181810379
0.08600018173456192
0.0550101213157177
0.06809656322002411
0.06201827898621559
0.14741286635398865
0.12353992462158203
0.12793919444084167
0.3293026387691498
0.14129072427749634
0.27625083923339844
0.1870284080505371
0.04880481958389282
0.0832771584391594
0.15678200125694275
0.16417725384235382
0.08005241304636002
0.27076369524002075
0.09988468885421753
0.10695608705282211
0.07628392428159714
0.092314712703228
0.13794291019439697
0.11110291630029678
0.13818974792957306
0.10918711870908737
0.1474025696516037
0.054294418543577194
0.13102193176746368
0.13681970536708832
0.16578027606010437
0.049334339797496796
0.12619251012802124
0.13680756092071533
0.05883370712399483
0.06117197126150131
0.16436108946800232
0.1283031851053238
0.2646852433681488
0.06860668212175369
0.1664138287305832
0.0895116850733757
0.13809485733509064
0.10104259103536606
0.13752613961696625
0.10748542100191116
0.054207347333431244
0.21544702351093292
0.10689504444599152
0.1683557778596878
0.18365469574928284
0.11697735637426376
0.08129320293664932
0.2889764606952667
0.1710674911737442
0.1916918307542801
0.05364757403731346
0.10644670575857162
0.057527635246515274
0.0838860496878624
0.12164361029863358
0.11241777241230011
0.08084066957235336
0.06676588952541351
0.09868628531694412
0.17100384831428528
0.07428614795207977
0.05653391033411026
0.12225589901208878
0.12951435148715973
0.07460132986307144
0.07916130870580673
0.28138309717178345
0.07169368118047714
0.13486695289611816
0.08522983640432358
0.12423092871904373
0.10500356554985046
0.20771992206573486
0.07012294977903366
0.03799093887209892
0.20493583381175995
0.20081259310245514
0.07367943227291107
0.03828200325369835
0.12061909586191177
0.20393705368041992
0.13343462347984314
0.05769522115588188
0.04113828390836716
0.16629284620285034
0.04146523401141167
0.23652324080467224
0.07612600177526474
0.06216202303767204
0.2548019587993622
0.118632473051548
0.05145212262868881
0.16231496632099152
0.25942590832710266
0.18411307036876678
0.06504843384027481
0.12514729797840118
0.09529389441013336
0.16126902401447296
0.08854487538337708
0.09416806697845459
0.1327664703130722
0.06334293633699417
0.2019929587841034
0.15729378163814545
0.12908776104450226
0.1034901961684227
0.12268783897161484
0.09967320412397385
0.19105437397956848
0.11440635472536087
0.04640946164727211
0.2110995650291443
0.1419554352760315
0.16570299863815308
0.09221454709768295
0.2486661970615387
0.09743057936429977
0.05910240858793259
0.1727505475282669
0.0560893714427948
0.1021832600235939
0.08827468752861023
0.0903349369764328
0.08867445588111877
0.07191300392150879
0.16394898295402527
0.13833333551883698
0.0921395793557167
0.20535799860954285
0.2029569149017334
0.21790234744548798
0.21122993528842926
0.13782237470149994
0.0802149698138237
0.09869708865880966
0.26061171293258667
0.06668815016746521
0.02927170880138874
0.1381840854883194
0.037825025618076324
0.0789136216044426
0.030734820291399956
0.20867319405078888
0.2455953061580658
0.07981763780117035
0.0910416916012764
0.22916388511657715
0.12332264333963394
0.08108862489461899
0.09795229136943817
0.16347265243530273
0.1239563599228859
0.053919896483421326
0.13908126950263977
0.24218538403511047
0.10633326321840286
0.08349540829658508
0.037244413048028946
0.1272367537021637
0.0999310240149498
0.178378626704216
0.09844926744699478
0.10749824345111847
0.08022792637348175
0.039837855845689774
0.1697593331336975
0.15226700901985168
0.0709540843963623
0.08577119559049606
0.04633196070790291
0.1095474436879158
0.2096051573753357
0.077212855219841
0.11712045967578888
0.14083516597747803
0.20312891900539398
0.09933080524206161
0.25382542610168457
0.061072997748851776
0.19156263768672943
0.08835616707801819
0.07339701801538467
0.06397810578346252
0.17885328829288483
0.05014161020517349
0.14478802680969238
0.1407407969236374
0.17360132932662964
0.07637400180101395
0.20028986036777496
0.17466776072978973
0.08625835925340652
0.133535698056221
0.1062621921300888
0.14801174402236938
0.06648031622171402
0.08527248352766037
0.23129628598690033
0.06856054812669754
0.11322764307260513
0.08505244553089142
0.2160675972700119
0.1904255747795105
0.05907701700925827
0.02668929472565651
0.05355506017804146
0.026889747008681297
0.07658929377794266
0.12193900346755981
0.2245100885629654
0.1918925791978836
0.11177986115217209
0.11504240334033966
0.1345299333333969
0.045298781245946884
0.11817587167024612
0.08257000148296356
0.1614534854888916
0.1232500970363617
0.010661373846232891
0.17850850522518158
0.2221795916557312
0.04538703337311745
0.11466503888368607
0.05783607438206673
0.11625885218381882
0.1484747976064682
0.051186103373765945
0.05774413421750069
0.058104269206523895
0.09908629208803177
0.09274736046791077
0.20878244936466217
0.059357400983572006
0.09083783626556396
0.0913735032081604
0.0788649171590805
0.07940734922885895
0.10048136860132217
0.08730120211839676
0.169693261384964
0.06341032683849335
0.08346445113420486
0.05432313680648804
0.11834504455327988
0.05315501615405083
0.09007434546947479
0.20058181881904602
0.22208291292190552
0.0744432583451271
0.21712186932563782
0.17101813852787018
0.11893387138843536
0.15212534368038177
0.03296985849738121
0.13169662654399872
0.08727340400218964
0.17299015820026398
0.042580898851156235
0.04841090366244316
0.12578712403774261
0.06798259913921356
0.1600307822227478
0.1369769275188446
0.07883486896753311
0.0670497789978981
0.08484605699777603
0.12094356119632721
0.07466988265514374
0.05600940063595772
0.07519903033971786
0.09169523417949677
0.11175821721553802
0.05710405111312866
0.15305252373218536
0.16761848330497742
0.06251391023397446
0.20302847027778625
0.0615270622074604
0.121971994638443
0.12481029331684113
0.10958880931138992
0.1002170667052269
0.24749022722244263
0.06143747270107269
0.09628061205148697
0.1048576757311821
0.05307597294449806
0.07200058549642563
0.037193894386291504
0.05491076782345772
0.1750783771276474
0.27341583371162415
0.06250889599323273
0.1754327416419983
0.09499001502990723
0.07529545575380325
0.14157871901988983
0.16341522336006165
0.12105625122785568
0.06530789285898209
0.0763387605547905
0.13429754972457886
0.1478758007287979
0.08504001796245575
0.10836020857095718
0.13099610805511475
0.045412611216306686
0.08081559091806412
0.03858405351638794
0.1047743484377861
0.11512823402881622
0.16728268563747406
0.2161361575126648
0.05342073366045952
0.11771204322576523
0.11094530671834946
0.18861596286296844
0.18427711725234985
0.11546602100133896
0.04949673265218735
0.09588028490543365
0.13354229927062988
0.027706002816557884
0.11163921654224396
0.10510119795799255
0.060716412961483
0.18247997760772705
0.08847390860319138
0.03124961256980896
0.05251888930797577
0.13763661682605743
0.034959811717271805
0.16078878939151764
0.06834851205348969
0.05300714075565338
0.17001691460609436
0.09174435585737228
0.14917710423469543
0.12251987308263779
0.08338954299688339
0.0880901962518692
0.10232781618833542
0.1140090823173523
0.0880250483751297
0.1401226669549942
0.06089286506175995
0.051392365247011185
0.05014472454786301
0.12126821279525757
0.11014527082443237
0.06622636318206787
0.09757193922996521
0.07509611546993256
0.16870370507240295
0.04204895347356796
0.04221950098872185
0.12882614135742188
0.016913920640945435
0.08710732311010361
0.01697356626391411
