12.1225216
12.18895872
12.18895872
12.18895872
12.22393856
12.222070784
12.183207936
12.184174592
12.175327232
12.175867904
12.176293888
12.176572416
12.177129472
12.177309696
12.1749504
12.1749504
12.1749504
12.1810944
12.1810944
12.190941184
12.190941184
12.2044416
12.2044416
12.2044416
12.2044416
12.21033984
12.21033984
12.1868288
12.1868288
12.179472384
12.179472384
12.195741696
12.195741696
12.176441344
12.176441344
12.172689408
12.172689408
12.179062784
12.179062784
12.170985472
12.170985472
12.187615232
12.187615232
12.17216512
12.17216512
12.167757824
12.167757824
12.167757824
12.167757824
12.164431872
12.164431872
12.181766144
12.181766144
12.16380928
12.16380928
12.147294208
12.147294208
12.16118784
12.16118784
12.144279552
12.144279552
12.160565248
12.160565248
12.163874816
12.163874816
12.159041536
12.159041536
12.158451712
12.158451712
12.143181824
12.143181824
12.13874176
12.13874176
12.146311168
12.146311168
12.1413632
12.1413632
12.159107072
12.159107072
12.141314048
12.141314048
12.142804992
12.142804992
12.147294208
12.147294208
12.141314048
12.141314048
12.141314048
12.141314048
12.144508928
12.144508928
12.14152704
12.14152704
12.156649472
12.156649472
12.143853568
12.143853568
12.163760128
12.163760128
12.147212288
12.147212288
12.143853568
12.143853568
12.159172608
12.159172608
12.144017408
12.144017408
12.167462912
12.167462912
12.14726144
12.14726144
12.144099328
12.144099328
12.159188992
12.159188992
12.14406656
12.14406656
12.142460928
12.142460928
12.14849024
12.14849024
12.144115712
12.144115712
12.161155072
12.161155072
12.145639424
12.145639424
12.143837184
12.143837184
12.15266816
12.15266816
12.143919104
12.143919104
12.161335296
12.161335296
12.165234688
12.165234688
12.160008192
12.160008192
12.153831424
12.153831424
12.141297664
12.141297664
12.141297664
12.141297664
12.1458688
12.1458688
12.14103552
12.14103552
12.15627264
12.15627264
12.141592576
12.141592576
12.165005312
12.165005312
12.146393088
12.146393088
12.141641728
12.141641728
12.159238144
12.159238144
12.141805568
12.141805568
12.1401344
12.1401344
12.14726144
12.14726144
12.14726144
12.14726144
12.158713856
12.158713856
12.144443392
12.144443392
12.141019136
12.141019136
12.141019136
12.141019136
12.141051904
12.141051904
12.160958464
12.160958464
12.144607232
12.144607232
12.141264896
12.141264896
12.15627264
12.15627264
12.14103552
12.14103552
12.163072
12.163072
12.14431232
12.14431232
12.140822528
12.140822528
12.15619072
12.15619072
12.141658112
12.141658112
12.139954176
12.139954176
12.146327552
12.146327552
12.142460928
12.142460928
12.159746048
12.159746048
12.16159744
12.16159744
12.161335296
12.161335296
12.146393088
12.146393088
12.140806144
12.140806144
12.158517248
12.158517248
12.144410624
12.144410624
12.141346816
12.141346816
12.141346816
12.141346816
12.141346816
12.141346816
12.160876544
12.160876544
12.144427008
12.144427008
12.141559808
12.141559808
12.156633088
12.156633088
12.14160896
12.14160896
12.16528384
12.16528384
12.145000448
12.145000448
12.14193664
12.14193664
12.157042688
12.157042688
12.193267712
12.193267712
12.191891456
12.191891456
12.19862528
12.19862528
12.193792
12.193792
12.209569792
12.209569792
12.19239936
12.19239936
12.189138944
12.189138944
12.196347904
12.196347904
12.18568192
12.18568192
12.202508288
12.202508288
12.184436736
12.184436736
12.179554304
12.179554304
12.190908416
12.190908416
12.175884288
12.175884288
12.194660352
12.194660352
12.177997824
12.177997824
12.170133504
12.170133504
12.184256512
12.184256512
12.16692224
12.16692224
12.20706304
12.20706304
12.145999872
12.145999872
12.141264896
12.141264896
12.158222336
12.158222336
12.141084672
12.141084672
12.140838912
12.140838912
12.14898176
12.14898176
12.069634048
12.069634048
12.087410688
12.087410688
12.073582592
12.073582592
12.070797312
12.070797312
12.081364992
12.081364992
12.071616512
12.071616512
12.091490304
12.091490304
12.07533568
12.07533568
12.07222272
12.07222272
12.087230464
12.087230464
12.072599552
12.072599552
12.094783488
12.094783488
12.094783488
12.094783488
12.085477376
12.085477376
12.100534272
12.100534272
12.085706752
12.085706752
12.085706752
12.085706752
12.085936128
12.085936128
12.078317568
12.078317568
12.093243392
12.093243392
12.074467328
12.074467328
12.074909696
12.074909696
12.078841856
12.078841856
12.072157184
12.072157184
12.089851904
12.089851904
12.076007424
12.076007424
12.072681472
12.072681472
12.085215232
12.085215232
12.072206336
12.072206336
12.11121664
12.11121664
12.092276736
12.092276736
12.070731776
12.070731776
12.085755904
12.085755904
12.071092224
12.071092224
12.094390272
12.094390272
12.074205184
12.074205184
12.071124992
12.071124992
12.08614912
12.08614912
12.070879232
12.070879232
12.069257216
12.069257216
12.075532288
12.075532288
12.070715392
12.070715392
12.088377344
12.088377344
12.07271424
12.07271424
12.070944768
12.070944768
12.079890432
12.079890432
12.071370752
12.071370752
12.088786944
12.088786944
12.074287104
12.074287104
12.070977536
12.070977536
12.083347456
12.083347456
12.070699008
12.070699008
12.070699008
12.070699008
12.0758272
12.0758272
12.071092224
12.071092224
12.086034432
12.086034432
12.07083008
12.07083008
12.094062592
12.094062592
12.07549952
12.07549952
12.070912
12.070912
12.070912
12.070912
12.070977536
12.070977536
12.069666816
12.069666816
12.069666816
12.069666816
12.069666816
12.069666816
12.10916864
12.10916864
12.093390848
12.093390848
12.06992896
12.06992896
12.080889856
12.080889856
12.070682624
12.070682624
12.090359808
12.090359808
12.073844736
12.073844736
12.070518784
12.070518784
12.08557568
12.08557568
12.0705024
12.0705024
12.092751872
12.092751872
12.073730048
12.073730048
12.070289408
12.070289408
12.085248
12.085248
12.070158336
12.070158336
12.068667392
12.068667392
12.074942464
12.074942464
12.070273024
12.070273024
12.087656448
12.087656448
12.069945344
12.069945344
12.071534592
12.071534592
12.076384256
12.076384256
12.06992896
12.06992896
12.087410688
12.087410688
12.073009152
12.073009152
12.069863424
12.069863424
12.10671104
12.10671104
12.092014592
12.092014592
12.108087296
12.108087296
12.092014592
12.092014592
12.089196544
12.089196544
12.102713344
12.102713344
12.086198272
12.086198272
12.104695808
12.104695808
12.083183616
12.083183616
12.07861248
12.07861248
12.110053376
12.110053376
12.09311232
12.09311232
12.070158336
12.070158336
12.076548096
12.076548096
12.0717312
12.0717312
12.088999936
12.088999936
12.073467904
12.073467904
12.071534592
12.071534592
12.080463872
12.080463872
12.071337984
12.071337984
12.089032704
12.089032704
12.074876928
12.074876928
12.071747584
12.071747584
12.08451072
12.08451072
12.071600128
12.071600128
12.09131008
12.09131008
12.076269568
12.076269568
12.071436288
12.071436288
12.086525952
12.086525952
12.071501824
12.071501824
12.095094784
12.095094784
12.076302336
12.076302336
12.0717312
12.0717312
12.0889344
12.0889344
12.071436288
12.071436288
12.069814272
12.069814272
12.077563904
12.077563904
12.077563904
12.077563904
12.088590336
12.088590336
12.074450944
12.074450944
12.071108608
12.071108608
12.071108608
12.071108608
12.070928384
12.070928384
12.090998784
12.090998784
12.090998784
12.090998784
12.090998784
12.090998784
12.106006528
12.106006528
12.089704448
12.089704448
12.092260352
12.092260352
12.0733696
12.0733696
12.070404096
12.070404096
12.085510144
12.085510144
12.070633472
12.070633472
12.069224448
12.069224448
12.0758272
12.0758272
12.071059456
12.071059456
12.08827904
12.08827904
12.071026688
12.071026688
12.072337408
12.072337408
12.07721984
12.07721984
12.071124992
12.071124992
12.0885248
12.0885248
12.074467328
12.074467328
12.070977536
12.070977536
12.083560448
12.083560448
12.070780928
12.070780928
12.091031552
12.091031552
12.074254336
12.074254336
12.071092224
12.071092224
12.08631296
12.08631296
12.071206912
12.071206912
12.094521344
12.094521344
12.094521344
12.094521344
12.094521344
12.094521344
12.138627072
12.138627072
12.123766784
12.123766784
12.12137472
12.12137472
12.12571648
12.12571648
12.118720512
12.118720512
12.13472768
12.13472768
12.1176064
12.1176064
12.11392
12.11392
12.121407488
12.121407488
12.130582528
12.130582528
12.146016256
12.146016256
12.080562176
12.080562176
12.076138496
12.076138496
12.08655872
12.08655872
12.07263232
12.07263232
12.091899904
12.091899904
12.076548096
12.076548096
12.071632896
12.071632896
12.086755328
12.086755328
12.086755328
12.086755328
12.09540608
12.09540608
12.07681024
12.07681024
12.071714816
12.071714816
12.088721408
12.088721408
12.07164928
12.07164928
12.069978112
12.069978112
12.077809664
12.077809664
12.071436288
12.071436288
12.089229312
12.089229312
12.07517184
12.07517184
12.072124416
12.072124416
12.082577408
12.082577408
12.072419328
12.072419328
12.092096512
12.092096512
12.075450368
12.075450368
12.072353792
12.072353792
12.087443456
12.087443456
12.072501248
12.072501248
12.096749568
12.096749568
12.077842432
12.077842432
12.075204608
12.075204608
12.090343424
12.090343424
12.075565056
12.075565056
12.075565056
12.075565056
12.079939584
12.079939584
12.093243392
12.093243392
12.108693504
12.108693504
12.07468032
12.07468032
12.076269568
12.076269568
12.080955392
12.080955392
12.074647552
12.074647552
12.092309504
12.092309504
12.078022656
12.078022656
12.074876928
12.074876928
12.087508992
12.087508992
12.074582016
12.074582016
12.094619648
12.094619648
12.07795712
12.07795712
12.074745856
12.074745856
12.08958976
12.08958976
12.074303488
12.074303488
12.097519616
12.097519616
12.077449216
12.077449216
12.07443456
12.07443456
12.116738048
12.116738048
12.09925632
12.09925632
12.093161472
12.093161472
12.099780608
12.099780608
12.093947904
12.093947904
12.110004224
12.110004224
12.09294848
12.09294848
12.086542336
12.086542336
12.094193664
12.094193664
12.08344576
12.08344576
12.099059712
12.099059712
12.081840128
12.081840128
12.077268992
12.077268992
12.088180736
12.088180736
12.07533568
12.07533568
12.07533568
12.07533568
12.080103424
12.080103424
12.07549952
12.07549952
12.107628544
12.107628544
12.0737792
12.0737792
12.097896448
12.097896448
12.07943168
12.07943168
12.10802176
12.10802176
12.168101888
12.168101888
12.142034944
12.142034944
12.14324736
12.14324736
12.153585664
12.153585664
12.148850688
12.148850688
12.167725056
12.167725056
12.155912192
12.155912192
12.152963072
12.152963072
12.163416064
12.163416064
12.15307776
12.15307776
12.172853248
12.172853248
12.154355712
12.154355712
12.150931456
12.150931456
12.166004736
12.166004736
12.150882304
12.150882304
12.173082624
12.173082624
12.150767616
12.150767616
12.150358016
12.150358016
12.14980096
12.14980096
12.17634304
12.17634304
12.161318912
12.161318912
12.146016256
12.146016256
12.16479232
12.16479232
12.144295936
12.144295936
12.142444544
12.142444544
12.148637696
12.148637696
12.143837184
12.143837184
12.159942656
12.159942656
12.143394816
12.143394816
12.1655296
12.1655296
12.146393088
12.146393088
12.14431232
12.14431232
12.170575872
12.170575872
12.161482752
12.161482752
12.15995904
12.15995904
12.14144512
12.14144512
12.173541376
12.173541376
12.144541696
12.144541696
12.14119936
12.14119936
12.152553472
12.152553472
12.140838912
12.140838912
12.15799296
12.15799296
12.140167168
12.140167168
12.175343616
12.175343616
12.175343616
12.175343616
12.139593728
12.139593728
12.155830272
12.155830272
12.139298816
12.139298816
12.161253376
12.161253376
12.140773376
12.140773376
12.136955904
12.136955904
12.144459776
12.144459776
12.13816832
12.13816832
12.153831424
12.153831424
12.137283584
12.137283584
12.16626688
12.16626688
12.13997056
12.13997056
12.136464384
12.136464384
12.14644224
12.14644224
12.135989248
12.135989248
12.181569536
12.181569536
12.15520768
12.15520768
12.190220288
12.190220288
12.159696896
12.159696896
12.153782272
12.153782272
12.165300224
12.165300224
12.149047296
12.149047296
12.163530752
12.163530752
12.163530752
12.163530752
12.163530752
12.163530752
12.163530752
