58.26
63.33
64.58
63.88
73.73
64.15
64.30
63.24
63.60
64.91
63.96
63.73
63.64
64.29
63.57
63.85
63.85
26.30
26.30
19.15
19.15
16.90
16.90
20.11
20.11
17.56
17.56
20.08
20.08
17.53
17.53
19.29
19.29
17.48
17.48
19.06
19.06
18.00
18.00
18.57
18.57
18.44
18.44
20.21
20.21
19.33
19.33
17.74
17.74
19.86
19.86
18.17
18.17
17.51
17.51
23.39
23.39
18.88
18.88
19.63
19.63
19.37
19.37
25.45
25.45
17.03
17.03
20.54
20.54
17.95
17.95
18.98
18.98
20.14
20.14
19.15
19.15
19.02
19.02
19.71
19.71
18.34
18.34
18.43
18.43
18.63
18.63
18.89
18.89
18.48
18.48
18.39
18.39
22.28
22.28
17.63
17.63
19.19
19.19
18.26
18.26
17.73
17.73
19.39
19.39
18.23
18.23
18.20
18.20
18.15
18.15
20.14
20.14
17.14
17.14
17.63
17.63
20.60
20.60
18.69
18.69
16.73
16.73
19.69
19.69
18.58
18.58
18.60
18.60
22.85
22.85
16.84
16.84
21.67
21.67
25.47
25.47
18.65
18.65
19.53
19.53
18.88
18.88
18.34
18.34
20.26
20.26
18.07
18.07
20.78
20.78
18.31
18.31
19.42
19.42
17.30
17.30
19.09
19.09
18.93
18.93
17.91
17.91
18.34
18.34
19.03
19.03
17.41
17.41
20.04
20.04
17.85
17.85
19.49
19.49
17.95
17.95
18.31
18.31
19.45
19.45
17.48
17.48
18.30
18.30
17.82
17.82
19.38
19.38
17.92
17.92
19.55
19.55
18.19
18.19
19.21
19.21
17.24
17.24
18.65
18.65
18.84
18.84
24.62
24.62
19.59
19.59
24.96
24.96
20.65
20.65
19.73
19.73
18.63
18.63
18.49
18.49
19.32
19.32
18.80
18.80
18.75
18.75
20.85
20.85
19.80
19.80
19.21
19.21
22.33
22.33
19.17
19.17
20.07
20.07
18.50
18.50
18.77
18.77
18.14
18.14
17.97
17.97
19.96
19.96
16.83
16.83
19.83
19.83
17.90
17.90
20.16
20.16
19.87
19.87
17.74
17.74
18.70
18.70
19.11
19.11
17.66
17.66
19.52
19.52
18.26
18.26
18.43
18.43
18.19
18.19
18.30
18.30
18.82
18.82
19.33
19.33
18.78
18.78
19.15
19.15
23.61
23.61
19.23
19.23
18.44
18.44
18.60
18.60
18.76
18.76
21.13
21.13
17.15
17.15
22.28
22.28
18.88
18.88
18.61
18.61
17.69
17.69
18.95
18.95
18.24
18.24
17.29
17.29
18.86
18.86
19.98
19.98
18.19
18.19
21.80
21.80
18.67
18.67
18.44
18.44
18.16
18.16
18.70
18.70
18.27
18.27
18.49
18.49
19.50
19.50
18.80
18.80
18.27
18.27
18.45
18.45
18.42
18.42
18.34
18.34
18.68
18.68
18.25
18.25
18.61
18.61
18.26
18.26
18.52
18.52
24.69
24.69
23.37
23.37
19.12
19.12
19.66
19.66
16.20
16.20
19.46
19.46
19.13
19.13
19.68
19.68
17.71
17.71
19.36
19.36
18.82
18.82
18.16
18.16
18.95
18.95
17.96
17.96
18.97
18.97
18.24
18.24
19.96
19.96
16.34
16.34
19.30
19.30
18.88
18.88
19.11
19.11
17.61
17.61
19.15
19.15
17.35
17.35
19.11
19.11
18.44
18.44
18.34
18.34
19.16
19.16
17.96
17.96
18.44
18.44
19.17
19.17
18.35
18.35
18.93
18.93
17.78
17.78
18.95
18.95
17.89
17.89
18.29
18.29
23.98
23.98
18.65
18.65
19.28
19.28
18.77
18.77
17.68
17.68
19.38
19.38
18.61
18.61
19.15
19.15
18.58
18.58
19.98
19.98
18.53
18.53
18.25
18.25
18.37
18.37
18.98
18.98
16.73
16.73
18.92
18.92
17.56
17.56
19.33
19.33
18.57
18.57
17.83
17.83
17.36
17.36
20.07
20.07
17.79
17.79
18.07
18.07
21.46
21.46
17.70
17.70
21.80
21.80
19.35
19.35
18.34
18.34
18.83
18.83
18.97
18.97
17.25
17.25
19.00
19.00
20.62
20.62
16.70
16.70
18.10
18.10
23.85
23.85
18.31
18.31
18.80
18.80
18.85
18.85
18.41
18.41
19.36
19.36
18.45
18.45
17.55
17.55
19.63
19.63
19.78
19.78
18.75
18.75
18.63
18.63
18.97
18.97
17.56
17.56
19.71
19.71
18.67
18.67
18.04
18.04
19.35
19.35
18.68
18.68
18.55
18.55
18.70
18.70
18.68
18.68
18.94
18.94
19.27
19.27
17.94
17.94
19.53
19.53
18.28
18.28
18.26
18.26
19.01
19.01
18.02
18.02
18.07
18.07
19.41
19.41
17.73
17.73
20.06
20.06
18.92
18.92
19.16
19.16
26.55
26.55
20.47
20.47
19.30
19.30
19.66
19.66
17.30
17.30
19.38
19.38
18.94
18.94
19.16
19.16
18.32
18.32
18.77
18.77
17.48
17.48
18.70
18.70
18.83
18.83
17.13
17.13
19.43
19.43
17.54
17.54
18.97
18.97
17.90
17.90
19.53
19.53
18.02
18.02
19.15
19.15
17.74
17.74
18.83
18.83
19.28
19.28
18.61
18.61
16.82
16.82
18.59
18.59
19.71
19.71
17.56
17.56
19.37
19.37
19.53
19.53
19.06
19.06
18.82
18.82
20.42
20.42
17.77
17.77
18.59
18.59
17.83
17.83
26.06
26.06
17.39
17.39
19.03
19.03
17.97
17.97
19.78
19.78
18.37
18.37
18.07
18.07
18.51
18.51
20.36
20.36
19.01
19.01
20.17
20.17
18.32
18.32
18.50
18.50
19.74
19.74
16.73
16.73
19.03
19.03
18.92
18.92
18.67
18.67
18.42
18.42
23.15
23.15
18.11
18.11
21.12
21.12
18.01
18.01
21.63
21.63
18.33
18.33
18.14
18.14
19.46
19.46
19.78
19.78
17.07
17.07
20.58
20.58
19.03
19.03
20.16
20.16
20.20
20.20
19.94
19.94
19.69
19.69
18.27
18.27
23.83
23.83
19.30
19.30
19.13
19.13
18.75
18.75
18.06
18.06
20.36
20.36
17.23
17.23
18.70
18.70
18.54
18.54
20.33
20.33
16.70
16.70
19.63
19.63
18.09
18.09
18.95
18.95
18.75
18.75
18.89
18.89
17.59
17.59
18.32
18.32
17.92
17.92
20.32
20.32
18.59
18.59
19.52
19.52
18.87
18.87
19.37
19.37
17.39
17.39
18.82
18.82
19.17
19.17
18.74
18.74
17.74
17.74
18.20
18.20
19.24
19.24
17.71
17.71
19.69
19.69
17.96
17.96
19.17
19.17
18.74
18.74
23.67
23.67
22.58
22.58
18.81
18.81
18.85
18.85
18.75
18.75
41.95
41.95
45.49
45.49
36.86
36.86
35.02
35.02
33.96
33.96
34.24
34.24
35.19
35.19
32.75
32.75
19.98
19.98
18.25
18.25
17.06
17.06
18.37
18.37
19.12
19.12
16.88
16.88
18.01
18.01
20.87
20.87
17.83
17.83
17.68
17.68
12.86
12.86
15.06
15.06
9.77
9.77
11.50
11.50
10.85
10.85
9.35
9.35
9.92
9.92
9.15
9.15
10.14
10.14
8.96
8.96
11.24
11.24
9.42
9.42
9.23
9.23
11.17
11.17
9.38
9.38
15.65
15.65
9.19
9.19
11.62
11.62
9.67
9.67
9.94
9.94
10.63
10.63
9.81
9.81
10.54
10.54
9.19
9.19
9.55
9.55
10.60
10.60
8.46
8.46
10.03
10.03
9.71
9.71
9.79
9.79
9.91
9.91
10.06
10.06
8.41
8.41
11.20
11.20
7.46
7.46
11.03
11.03
9.70
9.70
9.09
9.09
10.63
10.63
9.94
9.94
10.12
10.12
9.81
9.81
8.96
8.96
14.45
14.45
9.68
9.68
9.33
9.33
9.21
9.21
9.38
9.38
9.64
9.64
10.15
10.15
9.27
9.27
12.29
12.29
12.29
9.83
9.83
