0.04548095911741257
0.022568704560399055
0.010277003049850464
0.01331826951354742
0.01101809274405241
0.005902671720832586
0.009020213037729263
0.019589336588978767
0.05152583867311478
0.00709795206785202
0.015547176823019981
0.0061593386344611645
0.009496110491454601
0.02936447225511074
0.009101074188947678
0.0051607172936201096
0.009355668909847736
0.013093426823616028
0.004481985233724117
0.004366873297840357
0.011506017297506332
0.02066202647984028
0.03489242121577263
0.04360537603497505
0.009189118631184101
0.01654718443751335
0.06561009585857391
0.020589053630828857
0.01175158005207777
0.0072804903611540794
0.008007182739675045
0.004645137116312981
0.0037520993500947952
0.011324571445584297
0.015340585261583328
0.06407711654901505
0.020010612905025482
0.014448464848101139
0.002430618042126298
0.010693117044866085
0.029612796381115913
0.021463945508003235
0.005777026992291212
0.0032625747844576836
0.006369780283421278
0.0030625176150351763
0.02245829813182354
0.0023344827350229025
0.02953110821545124
0.06978540867567062
0.008081716485321522
0.013517065905034542
0.016993237659335136
0.022566672414541245
0.008413893170654774
0.10463037341833115
0.006352338474243879
0.005536952987313271
0.013792416080832481
0.004285964649170637
0.01514189038425684
0.01760362833738327
0.006115926895290613
0.005453336052596569
0.03147812560200691
0.1016373261809349
0.006621256470680237
0.004491237923502922
0.04755545035004616
0.008240807801485062
0.0065415301360189915
0.02507147565484047
0.003104493021965027
0.024249594658613205
0.005571496672928333
0.014435053803026676
0.010554108768701553
0.02963019721210003
0.01444886066019535
0.006095358170568943
0.005318790208548307
0.004056629259139299
0.004146904684603214
0.02491672709584236
0.011515500023961067
0.019482573494315147
0.010679910890758038
0.023870917037129402
0.009664010256528854
0.04091450944542885
0.04161030799150467
0.021153513342142105
0.029333528131246567
0.013860700652003288
0.003740502055734396
0.0049300286918878555
0.022154295817017555
0.007189561612904072
0.063711017370224
0.026565643027424812
0.005092807114124298
0.09639817476272583
0.005982003640383482
0.01348151732236147
0.045612312853336334
0.06308949738740921
0.005703179631382227
0.025990480557084084
0.006309910211712122
0.020405609160661697
0.02877568081021309
0.011024081148207188
0.030607299879193306
0.009084389545023441
0.02432018704712391
0.006850683130323887
0.00466329138725996
0.0038276140112429857
0.03502659499645233
0.007945198565721512
0.007941348478198051
0.006628729403018951
0.06696014106273651
0.007910692133009434
0.023993810638785362
0.011650096625089645
0.015583254396915436
0.011887667700648308
0.010837423615157604
0.01350103784352541
0.00676773302257061
0.004000787623226643
0.007637716829776764
0.020416131243109703
0.009241779334843159
0.029593823477625847
0.004672328941524029
0.00439541507512331
0.08051601052284241
0.03167002275586128
0.0348435714840889
0.06586235016584396
0.003611429361626506
0.009923599660396576
0.0024425240699201822
0.021563038229942322
0.03544527292251587
0.027455845847725868
0.06042702868580818
0.018910977989435196
0.007034950889647007
0.009138497523963451
0.018415946513414383
0.0832790955901146
0.011488748714327812
0.012114085257053375
0.013282997533679008
0.01419232040643692
0.0017627367051318288
0.01158937904983759
0.010834070853888988
0.006466273218393326
0.013189316727221012
0.007662076037377119
0.002252592472359538
0.0506124384701252
0.017435958608984947
0.013248583301901817
0.018359418958425522
0.04502139985561371
0.005365668796002865
0.01169558335095644
0.018042823299765587
0.08405020087957382
0.028135981410741806
0.005499847698956728
0.004234312102198601
0.010771036148071289
0.05549292638897896
0.007619813550263643
0.02978821098804474
0.006175881717354059
0.012548050843179226
0.004041806794703007
0.019371557980775833
0.01859125681221485
0.004876480903476477
0.007799150422215462
0.02504272386431694
0.016484323889017105
0.0024667358957231045
0.005601576063781977
0.03269723802804947
0.006224916782230139
0.07235091924667358
0.005101058166474104
0.051841117441654205
0.06456701457500458
0.007277799770236015
0.004347637295722961
0.033739473670721054
0.045432113111019135
0.005685769021511078
0.0061112758703529835
0.009268143214285374
0.017517689615488052
0.0053395600989460945
0.02565985731780529
0.015432056970894337
0.022062357515096664
0.04339819401502609
0.004037143662571907
0.03955942019820213
0.016928840428590775
0.007942944765090942
0.008246312849223614
0.0017451820895075798
0.0582861453294754
0.00327592296525836
0.012022183276712894
0.004326077178120613
0.0021443930454552174
0.00377507321536541
0.0014204657636582851
0.011830730363726616
0.016494380310177803
0.0037437742576003075
0.003632953157648444
0.020968962460756302
0.016049057245254517
0.04292409494519234
0.003952604718506336
0.019116265699267387
0.002961386227980256
0.030192911624908447
0.008748728781938553
0.019152702763676643
0.038211021572351456
0.004798510577529669
0.02667233906686306
0.02587832696735859
0.11899472773075104
0.027060918509960175
0.06469417363405228
0.008474371396005154
0.04429442808032036
0.013343682512640953
0.006291828118264675
0.03947872668504715
0.0020919109228998423
0.043009672313928604
0.024687957018613815
0.008300446905195713
0.02346031367778778
0.004388611763715744
0.011694822460412979
0.0088201854377985
0.030085742473602295
0.003013934940099716
0.06268609315156937
0.011409836821258068
0.02386009320616722
0.08463246375322342
0.10485570877790451
0.003312663873657584
0.0014491135952994227
0.03402248024940491
0.004107324872165918
0.02431677281856537
0.05156118795275688
0.030087361112236977
0.012276391498744488
0.03568371385335922
0.039338767528533936
0.018268151208758354
0.00803229957818985
0.011060184799134731
0.012265052646398544
0.05594378709793091
0.009976075030863285
0.02214367315173149
0.0037634617183357477
0.010383174754679203
0.056258782744407654
0.04266652837395668
0.036654628813266754
0.011674444191157818
0.016422318294644356
0.006296433974057436
0.004873464349657297
0.009673943743109703
0.0074985153041779995
0.039063453674316406
0.027129918336868286
0.009754578582942486
0.004247535020112991
0.0058522699400782585
0.017600353807210922
0.0190768800675869
0.013791180215775967
0.03247550502419472
0.030452925711870193
0.0027467571198940277
0.010753925889730453
0.0026500874664634466
0.011994459666311741
0.016193937510252
0.0037912391126155853
0.0029471199959516525
0.05490400642156601
0.005417929962277412
0.006895297672599554
0.013037865050137043
0.008129198104143143
0.002304535824805498
0.0041562034748494625
0.09524484723806381
0.010305755771696568
0.015974290668964386
0.03033665381371975
0.008720205165445805
0.03177586942911148
0.007575504947453737
0.03423774614930153
0.01224581804126501
0.14453348517417908
0.010527151636779308
0.08486595749855042
0.0035556454677134752
0.010977251455187798
0.008285620249807835
0.014484506100416183
0.019509540870785713
0.004875544924288988
0.0048396289348602295
0.025481650605797768
0.02545783668756485
0.12903156876564026
0.019190078601241112
0.006115424912422895
0.005318347830325365
0.07465457916259766
0.02515595592558384
0.0073166112415492535
0.023535124957561493
0.026351692155003548
0.0021972861140966415
0.0020761832129210234
0.00945160910487175
0.004697805270552635
0.03366359323263168
0.018193291500210762
0.00219050538726151
0.021206878125667572
0.016989078372716904
0.01466341596096754
0.004790453240275383
0.005628552753478289
0.029077427461743355
0.024499092251062393
0.05069766938686371
0.07942222058773041
0.00468846783041954
0.011036469601094723
0.0038651726208627224
0.011197098530828953
0.0025778673589229584
0.004820368252694607
0.003697979962453246
0.004779255483299494
0.028320256620645523
0.044670719653367996
0.004570954479277134
0.006082810927182436
0.010730545967817307
0.023230906575918198
0.005979190114885569
0.013342926278710365
0.0011161718284711242
0.052476320415735245
0.11468077450990677
0.006212735082954168
0.040419209748506546
0.050301868468523026
0.018427271395921707
0.02494473196566105
0.018025584518909454
0.017488213256001472
0.03195089474320412
0.011063707992434502
0.010725709609687328
0.005361801013350487
0.0018664782401174307
0.08044368028640747
0.0067937374114990234
0.005394326522946358
0.026804955676198006
0.01094718649983406
0.0047856769524514675
0.00958369392901659
0.02564447931945324
0.012418304570019245
0.07728730142116547
0.016003137454390526
0.0027339018415659666
0.0126017015427351
0.007815876044332981
0.07190901786088943
0.003149554831907153
0.011036855168640614
0.0406026765704155
0.023756880313158035
0.007784330286085606
0.030549313873052597
0.015951329842209816
0.009215261787176132
0.004179221112281084
0.026361048221588135
0.01809677667915821
0.0017636492848396301
0.048711687326431274
0.010901779867708683
0.017165962606668472
0.003354384796693921
0.008499788120388985
0.013275204226374626
0.021867364645004272
0.04539277032017708
0.0012899962021037936
0.06793507188558578
0.006573063787072897
0.003697003237903118
0.0033332635648548603
0.032511547207832336
0.0640619620680809
0.042742472141981125
0.008606367744505405
0.04320883750915527
0.012318737804889679
0.015216801315546036
0.011945240199565887
0.0022088156547397375
0.02691664546728134
0.022363990545272827
0.011210251599550247
0.004190984647721052
0.014308830723166466
0.014054560102522373
0.004614778328686953
0.0010329124052077532
0.08873076736927032
0.018880924209952354
0.05119211599230766
0.002203206764534116
0.029016075655817986
0.01134520024061203
0.007234018296003342
0.01749090850353241
0.0012443175073713064
0.00917951948940754
0.08251923322677612
0.029088033363223076
0.005568246822804213
0.0042950306087732315
0.0030827419832348824
0.007010062225162983
0.015943920239806175
0.017427250742912292
0.0033945711329579353
0.014706960879266262
0.010357551276683807
0.008141112513840199
0.006417357362806797
0.01770550198853016
0.013092946261167526
0.0025424230843782425
0.005682234652340412
0.0227215476334095
0.013626530766487122
0.03382745385169983
0.028114957734942436
0.010126996785402298
0.004056119825690985
0.0060353041626513
0.02284359373152256
0.007113779429346323
0.0424187108874321
0.005689454264938831
0.008714010007679462
0.0054572513327002525
0.03933693841099739
0.007586377207189798
0.009805671870708466
0.01681768149137497
0.04160766676068306
0.0065247491002082825
0.004977303557097912
0.06596259772777557
0.006083629559725523
0.012088253162801266
0.036494169384241104
0.007456070277839899
0.0024653696455061436
0.036975450813770294
0.02227121964097023
0.032535798847675323
0.031030626967549324
0.035721804946660995
0.00419296370819211
0.0067763663828372955
0.023317400366067886
0.0070798322558403015
0.08321960270404816
0.04309806600213051
0.049099478870630264
0.009688959456980228
0.014303830452263355
0.02897726744413376
0.003586087841540575
0.002631725277751684
0.06045787036418915
0.04212150350213051
0.010056004859507084
0.06500578671693802
0.031217388808727264
0.024192649871110916
0.02697606571018696
0.040963832288980484
0.008233738131821156
0.004577904473990202
0.02531586028635502
0.0061165569350123405
0.004812916275113821
0.025544414296746254
0.0067608412355184555
0.03302585333585739
0.018742086365818977
0.015843555331230164
0.008572988212108612
0.016375891864299774
0.026552235707640648
0.050340257585048676
0.006925119087100029
0.04901081323623657
0.0019768131896853447
0.013748561963438988
0.020019475370645523
0.006756642833352089
0.010608999989926815
0.021714244037866592
0.023344559594988823
0.010379417799413204
0.010578852146863937
0.005582916550338268
0.00340282148681581
0.01667228527367115
0.06392887979745865
0.0029911003075540066
0.003456951817497611
0.060540225356817245
0.00662720063701272
0.01290467381477356
0.02951471135020256
0.004690429195761681
0.0088382912799716
0.006968789268285036
0.01861489564180374
0.01800706423819065
0.021295474842190742
0.0051956987008452415
0.012927744537591934
0.012854929082095623
0.00717149255797267
0.0023081328254193068
0.06905540823936462
0.00429673632606864
0.015129666775465012
0.0032080758828669786
0.021071091294288635
0.051897190511226654
0.014077973552048206
0.00927524920552969
0.011097418144345284
0.00404586223885417
0.05491805076599121
0.009435986168682575
0.008768925443291664
0.021548565477132797
0.011228390038013458
0.018592609092593193
0.00914901215583086
0.0158466137945652
0.010541954077780247
0.003846923355013132
0.005652190186083317
0.006782103329896927
0.017072070389986038
0.023592893034219742
0.044817645102739334
0.0067572081461548805
0.010841796174645424
0.015315122902393341
0.023951932787895203
0.006169693544507027
0.018748799338936806
0.005001148674637079
0.0526421032845974
0.03003046289086342
0.02218116633594036
0.013498268090188503
0.012555173598229885
0.06926039606332779
0.01232826802879572
0.07025277614593506
0.018320491537451744
0.04376451298594475
0.005425452254712582
0.04519673436880112
0.13072040677070618
0.021587049588561058
0.006397232413291931
0.009679669514298439
0.0224358718842268
0.003747562412172556
0.006904057692736387
0.008241912350058556
0.005269884597510099
0.004893356468528509
0.03544294461607933
0.02121809870004654
0.008718611672520638
0.0030228120740503073
0.003135534469038248
0.00458684703335166
0.050597649067640305
0.044659145176410675
0.003399590263143182
0.036399368196725845
0.008929884992539883
0.012267574667930603
0.019970456138253212
0.023119380697607994
0.0033407474402338266
0.07237417995929718
0.044885944575071335
0.027948182076215744
0.011716527864336967
0.017830805853009224
0.022497480735182762
0.04687753692269325
0.010904012247920036
0.005485589150339365
0.011212481185793877
0.031779564917087555
0.0009753623162396252
0.011166894808411598
0.022776782512664795
0.002835894702002406
0.026368483901023865
0.008990897797048092
0.02443094365298748
0.027765408158302307
0.03047770820558071
0.02059301547706127
0.004625581670552492
0.023654617369174957
0.03659091889858246
0.0031018091831356287
0.0016772294184193015
0.004957218188792467
0.030645161867141724
0.012844234704971313
0.010177134536206722
0.0038636343088001013
0.019840503111481667
0.03676857054233551
0.013777587562799454
0.01142917014658451
0.006740598473697901
0.015859071165323257
0.03411133214831352
0.0039122882299125195
0.01882919855415821
0.01342520397156477
0.01051535364240408
0.05002913251519203
0.03915024921298027
0.018073145300149918
0.02914314717054367
0.0062460219487547874
0.015193246304988861
0.0032410495914518833
0.02599770575761795
0.015606939792633057
0.04735084995627403
0.05043628439307213
0.006902356632053852
0.03589173033833504
0.019838962703943253
0.00853467732667923
0.009898134507238865
0.0036018926184624434
0.021882856264710426
0.0318802110850811
0.021131044253706932
0.019753465428948402
0.011353177949786186
0.028588593006134033
0.006936331745237112
0.003232906572520733
0.003536239266395569
0.05173202604055405
0.032632309943437576
0.01477988064289093
0.007066330872476101
0.01814325712621212
0.03397015854716301
0.008354448713362217
0.0038149801548570395
0.01157317403703928
0.007704494521021843
0.014359892345964909
0.009788969531655312
0.009201324544847012
0.001939705340191722
0.10292162746191025
0.0035145794972777367
0.009089122526347637
0.011304905638098717
0.019755594432353973
0.011416560970246792
0.028290579095482826
0.1606605350971222
0.009118982590734959
0.008682271465659142
0.001221074373461306
0.006710174027830362
0.03471602499485016
0.02116381749510765
0.007268780842423439
0.02330837771296501
0.08063901215791702
0.011063264682888985
0.025640608742833138
0.0013743005692958832
0.01878340169787407
0.02478826977312565
0.011599420569837093
0.00388955301605165
0.08903399109840393
0.031229013577103615
0.003856569528579712
0.0043259854428470135
0.0029510429594665766
0.02215654030442238
0.019082646816968918
0.09916055202484131
0.06250742822885513
0.006234088912606239
0.0168377123773098
0.009962699376046658
0.021882016211748123
0.01745479553937912
0.014033929444849491
0.013508785516023636
0.004947975277900696
0.02625897526741028
0.021217260509729385
0.0023474409244954586
0.09482907503843307
0.11533351987600327
0.01660839281976223
0.0012434368254616857
0.006082497071474791
0.3059292435646057
0.023243337869644165
0.10110027343034744
0.006253562867641449
0.0036744747776538134
0.002677668584510684
0.012370412237942219
0.014612438157200813
0.018857445567846298
0.0810365155339241
0.0023173412773758173
0.03891658037900925
0.03862932696938515
0.061321042478084564
0.05302141234278679
0.02853422239422798
0.028505878522992134
0.00511774979531765
0.06507555395364761
0.03280230611562729
0.017053958028554916
0.013416852802038193
0.056966688483953476
0.004853735212236643
0.04687023162841797
0.0029873086605221033
0.010635646060109138
0.03826321288943291
0.0019973504822701216
0.00874059833586216
0.057825542986392975
0.02786792255938053
0.01159338466823101
0.009252569638192654
0.007309078238904476
0.002803514478728175
0.012875380925834179
0.03815783932805061
0.004356365650892258
0.009068995714187622
0.014273036271333694
0.027562417089939117
0.023435484617948532
0.11028846353292465
0.02907223254442215
0.06100081652402878
0.0627451241016388
0.012600017711520195
0.0015092254616320133
0.03921252489089966
0.031629592180252075
0.03184216096997261
0.08574089407920837
0.0360635444521904
0.018697816878557205
0.008305241353809834
0.037450388073921204
0.065359927713871
0.005091166123747826
0.06375137716531754
0.011157805100083351
0.004890056326985359
0.0032856010366231203
0.005263184197247028
0.03552195057272911
0.09818871319293976
0.09478922933340073
0.036298640072345734
0.03202921524643898
0.03376714885234833
0.016664305701851845
0.013659629039466381
0.004367935471236706
0.03086814098060131
0.004953572992235422
0.022673383355140686
0.05502958968281746
0.004957783035933971
0.006517580710351467
0.004959630314260721
0.007839149795472622
0.0033301457297056913
0.0066261752508580685
0.023615626618266106
0.0112461494281888
0.023029875010252
0.020416397601366043
0.05108572542667389
0.07738421112298965
0.009788647294044495
0.04657131806015968
0.02248661033809185
0.006249164696782827
0.001916865585371852
0.011620658449828625
0.05313562974333763
0.026465140283107758
0.019207634031772614
0.011461222544312477
0.009790031239390373
0.0030139682348817587
0.008966141380369663
0.05597531795501709
0.005672791041433811
0.010279795154929161
0.008059085346758366
0.00517067639157176
0.05696195363998413
0.06353180855512619
0.07454176247119904
0.04044885188341141
0.0017309816321358085
0.008541096933186054
0.006329299416393042
0.018629157915711403
0.012804006226360798
0.010168817825615406
0.003387740347534418
0.019379431381821632
0.15645238757133484
0.002520704874768853
0.003277160692960024
0.021892301738262177
0.011140716262161732
0.0020260801538825035
0.006464655976742506
0.027874063700437546
0.005083737429231405
0.05302620679140091
0.03480556234717369
0.00442512659355998
0.014302641153335571
0.008787901140749454
0.005574055016040802
0.011335143819451332
0.003979863133281469
0.0180146936327219
0.0030823422130197287
0.17621833086013794
0.015562478452920914
0.06822484731674194
0.026500113308429718
0.026166042312979698
0.0068491920828819275
0.0261226836591959
0.009928290732204914
0.007971605286002159
0.003787208115682006
0.07452507317066193
0.026451384648680687
0.007824521511793137
0.006319299340248108
0.005149667151272297
0.0074610356241464615
0.045057520270347595
0.002944160019978881
0.13871483504772186
0.005804317072033882
0.0027527555357664824
0.004943499807268381
0.03691370412707329
0.04204201698303223
0.005755006335675716
0.018283402547240257
0.01706123538315296
0.006718663033097982
