12.191399936
12.174983168
12.16888832
12.1663488
12.186796032
12.201508864
12.203360256
12.204261376
12.204212224
12.204376064
12.204949504
12.205031424
12.204834816
12.2028032
12.202590208
12.203655168
12.203655168
12.205162496
12.205162496
12.199215104
12.199215104
12.215074816
12.215074816
12.19608576
12.19608576
12.195889152
12.195889152
12.199395328
12.199395328
12.167872512
12.167872512
12.18535424
12.18535424
12.18650112
12.18650112
12.189958144
12.189958144
12.199313408
12.199313408
12.187123712
12.187123712
12.205441024
12.205441024
12.186320896
12.186320896
12.182880256
12.182880256
12.196675584
12.196675584
12.179800064
12.179800064
12.219039744
12.219039744
12.197003264
12.197003264
12.168953856
12.168953856
12.179275776
12.179275776
12.179275776
12.179275776
12.163743744
12.163743744
12.168495104
12.168495104
12.163678208
12.163678208
12.181159936
12.181159936
12.165644288
12.165644288
12.163923968
12.163923968
12.17232896
12.17232896
12.1634816
12.1634816
12.180963328
12.180963328
12.166791168
12.166791168
12.162891776
12.162891776
12.18699264
12.18699264
12.174360576
12.174360576
12.194217984
12.194217984
12.179079168
12.179079168
12.174508032
12.174508032
12.189466624
12.189466624
12.174508032
12.174508032
12.197625856
12.197625856
12.178915328
12.178915328
12.174344192
12.174344192
12.192055296
12.192055296
12.174524416
12.174524416
12.194791424
12.194791424
12.199723008
12.199723008
12.193595392
12.193595392
12.211191808
12.211191808
12.211191808
12.211191808
12.193071104
12.193071104
12.184469504
12.184469504
12.184469504
12.184469504
12.184469504
12.184469504
12.197937152
12.197937152
12.194660352
12.194660352
12.192514048
12.192514048
12.177555456
12.177555456
12.19739648
12.19739648
12.180865024
12.180865024
12.177457152
12.177457152
12.192694272
12.192694272
12.177620992
12.177620992
12.193988608
12.193988608
12.20091904
12.20091904
12.20091904
12.20091904
12.214255616
12.214255616
12.19723264
12.19723264
12.19772416
12.19772416
12.20100096
12.20100096
12.187533312
12.187533312
12.218335232
12.218335232
12.201984
12.201984
12.197412864
12.197412864
12.208242688
12.208242688
12.194136064
12.194136064
12.212224
12.212224
12.17552384
12.17552384
12.168609792
12.168609792
12.185501696
12.185501696
12.14455808
12.14455808
12.19862528
12.19862528
12.142395392
12.142395392
12.136710144
12.136710144
12.169723904
12.169723904
12.15021056
12.15021056
12.14906368
12.14906368
12.152619008
12.152619008
12.1491456
12.1491456
12.169445376
12.169445376
12.131991552
12.131991552
12.133056512
12.133056512
12.113231872
12.113231872
12.109561856
12.109561856
12.148637696
12.148637696
12.133859328
12.133859328
12.126601216
12.126601216
12.140118016
12.140118016
12.128731136
12.128731136
12.1479168
12.1479168
12.130598912
12.130598912
12.127240192
12.127240192
12.142936064
12.142936064
12.13169664
12.13169664
12.210388992
12.210388992
12.19149824
12.19149824
12.185976832
12.185976832
12.203393024
12.203393024
12.185747456
12.185747456
12.18019328
12.18019328
12.184731648
12.184731648
12.177227776
12.177227776
12.193071104
12.193071104
12.178046976
12.178046976
12.17232896
12.17232896
12.180045824
12.180045824
12.16749568
12.16749568
12.186107904
12.186107904
12.167774208
12.167774208
12.163022848
12.163022848
12.17609728
12.17609728
12.15684608
12.15684608
12.179767296
12.179767296
12.153602048
12.153602048
12.14185472
12.14185472
12.156829696
12.156829696
12.1577472
12.1577472
12.154535936
12.154535936
12.132712448
12.132712448
12.12809216
12.12809216
12.14521344
12.14521344
12.13341696
12.13341696
12.134612992
12.134612992
12.139331584
12.139331584
12.133548032
12.133548032
12.151046144
12.151046144
12.13693952
12.13693952
12.133777408
12.133777408
12.146311168
12.146311168
12.069945344
12.069945344
12.089786368
12.089786368
12.073402368
12.073402368
12.070109184
12.070109184
12.0725504
12.0725504
12.057952256
12.057952256
12.057952256
12.057952256
12.088803328
12.088803328
12.083412992
12.083412992
12.093865984
12.093865984
12.078759936
12.078759936
12.077121536
12.077121536
12.081119232
12.081119232
12.073566208
12.073566208
12.073566208
12.073566208
12.06919168
12.06919168
12.064129024
12.064129024
12.072206336
12.072206336
12.0610816
12.0610816
12.076613632
12.076613632
12.061310976
12.061310976
12.058066944
12.058066944
12.070895616
12.070895616
12.057460736
12.057460736
12.093243392
12.093243392
12.07590912
12.07590912
12.052299776
12.052299776
12.068241408
12.068241408
12.053348352
12.053348352
12.076941312
12.076941312
12.058247168
12.058247168
12.053495808
12.053495808
12.070699008
12.070699008
12.053102592
12.053102592
12.051759104
12.051759104
12.059262976
12.059262976
12.052987904
12.052987904
12.070453248
12.070453248
12.056133632
12.056133632
12.055330816
12.055330816
12.071682048
12.071682048
12.062539776
12.062539776
12.083150848
12.083150848
12.066275328
12.066275328
12.063113216
12.063113216
12.07844864
12.07844864
12.06337536
12.06337536
12.094816256
12.094816256
12.07607296
12.07607296
12.073730048
12.073730048
12.086034432
12.086034432
12.06534144
12.06534144
12.062932992
12.062932992
12.068913152
12.068913152
12.064129024
12.064129024
12.081709056
12.081709056
12.064063488
12.064063488
12.06534144
12.06534144
12.069715968
12.069715968
12.063522816
12.063522816
12.100354048
12.100354048
12.084641792
12.084641792
12.059475968
12.059475968
12.07320576
12.07320576
12.06419456
12.06419456
12.084068352
12.084068352
12.067438592
12.067438592
12.063997952
12.063997952
12.079300608
12.079300608
12.063834112
12.063834112
12.087328768
12.087328768
12.067373056
12.067373056
12.064063488
12.064063488
12.079169536
12.079169536
12.064063488
12.064063488
12.062195712
12.062195712
12.068323328
12.068323328
12.063490048
12.063490048
12.080955392
12.080955392
12.065308672
12.065308672
12.063424512
12.063424512
12.072370176
12.072370176
12.063506432
12.063506432
12.080644096
12.080644096
12.066553856
12.066553856
12.06321152
12.06321152
12.075728896
12.075728896
12.0655872
12.0655872
12.086919168
12.086919168
12.086919168
12.086919168
12.086919168
12.086919168
12.082249728
12.082249728
12.067504128
12.067504128
12.091293696
12.091293696
12.072648704
12.072648704
12.067864576
12.067864576
12.085264384
12.085264384
12.085624832
12.085624832
12.082528256
12.082528256
12.07197696
12.07197696
12.066111488
12.066111488
12.083953664
12.083953664
12.069863424
12.069863424
12.06689792
12.06689792
12.077236224
12.077236224
12.066914304
12.066914304
12.08696832
12.08696832
12.07025664
12.07025664
12.067094528
12.067094528
12.08205312
12.08205312
12.066783232
12.066783232
12.088754176
12.088754176
12.06984704
12.06984704
12.066701312
12.066701312
12.066701312
12.066701312
12.06673408
12.06673408
12.065308672
12.065308672
12.0717312
12.0717312
12.067127296
12.067127296
12.08467456
12.08467456
12.067110912
12.067110912
12.068421632
12.068421632
12.073172992
12.073172992
12.066783232
12.066783232
12.084248576
12.084248576
12.069732352
12.069732352
12.066537472
12.066537472
12.079480832
12.079480832
12.06730752
12.06730752
12.087443456
12.087443456
12.070895616
12.070895616
12.067700736
12.067700736
12.082511872
12.082511872
12.085460992
12.085460992
12.106891264
12.106891264
12.06452224
12.06452224
12.061704192
12.061704192
12.077285376
12.077285376
12.06255616
12.06255616
12.061392896
12.061392896
12.068241408
12.068241408
12.063686656
12.063686656
12.063686656
12.063686656
12.06386688
12.06386688
12.062359552
12.062359552
12.068913152
12.068913152
12.068913152
12.068913152
12.079415296
12.079415296
12.062523392
12.062523392
12.058853376
12.058853376
12.071632896
12.071632896
12.05911552
12.05911552
12.078841856
12.078841856
12.063670272
12.063670272
12.058984448
12.058984448
12.075761664
12.075761664
12.060983296
12.060983296
12.0844288
12.0844288
12.06632448
12.06632448
12.061442048
12.061442048
12.079005696
12.079005696
12.009193472
12.009193472
12.007489536
12.007489536
12.015108096
12.015108096
12.014436352
12.014436352
12.03183616
12.03183616
12.017139712
12.017139712
12.01422336
12.01422336
12.024578048
12.024578048
12.014403584
12.014403584
12.014403584
12.014403584
12.032180224
12.032180224
12.01152
12.01152
12.02634752
12.02634752
12.011257856
12.011257856
12.0332288
12.0332288
12.014403584
12.014403584
12.014403584
12.014403584
12.014403584
12.014403584
12.01127424
12.01127424
12.009930752
12.009930752
12.01618944
12.01618944
12.011503616
12.011503616
12.029165568
12.029165568
12.010995712
12.010995712
12.017811456
12.017811456
12.022448128
12.022448128
12.016369664
12.016369664
12.033867776
12.033867776
12.019662848
12.019662848
12.016418816
12.016418816
12.028985344
12.028985344
12.016795648
12.016795648
12.036734976
12.036734976
12.020056064
12.020056064
12.01692672
12.01692672
12.03208192
12.03208192
12.016975872
12.016975872
12.040388608
12.040388608
12.02028544
12.02028544
12.017123328
12.017123328
12.032016384
12.032016384
12.016943104
12.016943104
12.015501312
12.015501312
12.021989376
12.021989376
12.017041408
12.017041408
12.05346304
12.05346304
12.03617792
12.03617792
12.015140864
12.015140864
12.02470912
12.02470912
12.016041984
12.016041984
12.035538944
12.035538944
12.0193024
12.0193024
12.01610752
12.01610752
12.029034496
12.029034496
12.0164352
12.0164352
12.036308992
12.036308992
12.020924416
12.020924416
12.016091136
12.016091136
12.031246336
12.031246336
12.0160256
12.0160256
12.039520256
12.039520256
12.02069504
12.02069504
12.015894528
12.015894528
12.033769472
12.033769472
12.033769472
12.033769472
12.033769472
12.033769472
12.043124736
12.043124736
12.03683328
12.03683328
12.054380544
12.054380544
12.039258112
12.039258112
12.034342912
12.034342912
12.043354112
12.043354112
12.028592128
12.028592128
12.04617216
12.04617216
12.02823168
12.02823168
12.023431168
12.023431168
12.036620288
12.036620288
12.01963008
12.01963008
12.040372224
12.040372224
12.020350976
12.020350976
12.016975872
12.016975872
12.03191808
12.03191808
12.033998848
12.033998848
12.030066688
12.030066688
12.017647616
12.017647616
12.013191168
12.013191168
12.031901696
12.031901696
12.014698496
12.014698496
12.01618944
12.01618944
12.01618944
12.01618944
12.01463296
12.01463296
12.032065536
12.032065536
12.017778688
12.017778688
12.12022784
12.12022784
12.1327616
12.1327616
12.120195072
12.120195072
12.140036096
12.140036096
12.123373568
12.123373568
12.118376448
12.118376448
12.131958784
12.131958784
12.115116032
12.115116032
12.136955904
12.136955904
12.115509248
12.115509248
12.110610432
12.110610432
12.124176384
12.124176384
12.107104256
12.107104256
12.10392576
12.10392576
12.104155136
12.104155136
12.102172672
12.102172672
12.100550656
12.100550656
12.13227008
12.13227008
12.111282176
12.111282176
12.093063168
12.093063168
12.111593472
12.111593472
12.084936704
12.084936704
12.0799232
12.0799232
12.085116928
12.085116928
12.075941888
12.075941888
12.092882944
12.092882944
12.090949632
12.090949632
12.121145344
12.121145344
12.067602432
12.067602432
12.06272
12.06272
12.076548096
12.076548096
12.06272
12.06272
12.082495488
12.082495488
12.062605312
12.062605312
12.06116352
12.06116352
12.067291136
12.067291136
12.067291136
12.067291136
12.078514176
12.078514176
12.061949952
12.061949952
12.124422144
12.124422144
12.129501184
12.129501184
12.129927168
12.129927168
12.137807872
12.137807872
12.132548608
12.132548608
12.153831424
12.153831424
12.13677568
12.13677568
12.169003008
12.169003008
12.139823104
12.139823104
12.136316928
12.136316928
12.147605504
12.147605504
12.136415232
12.136415232
12.153634816
12.153634816
12.135989248
12.135989248
12.170952704
12.170952704
12.139905024
12.139905024
12.164251648
12.164251648
12.176031744
12.176031744
12.159664128
12.159664128
12.181880832
12.181880832
12.15766528
12.15766528
12.151832576
12.151832576
12.156305408
12.156305408
12.145442816
12.145442816
12.145442816
12.145442816
12.145442816
12.145442816
12.183437312
12.183437312
12.183437312
12.151947264
12.151947264
12.151947264
12.151947264
