58.66
64.26
64.08
63.12
69.61
68.45
64.24
64.19
63.01
64.15
63.90
63.35
63.08
64.22
63.56
61.99
61.99
27.11
27.11
18.49
18.49
17.82
17.82
19.88
19.88
18.64
18.64
17.57
17.57
22.39
22.39
17.43
17.43
21.84
21.84
19.08
19.08
21.23
21.23
19.92
19.92
18.28
18.28
25.25
25.25
21.81
21.81
19.93
19.93
18.02
18.02
23.88
23.88
17.94
17.94
20.29
20.29
17.79
17.79
19.43
19.43
17.48
17.48
18.60
18.60
18.70
18.70
18.85
18.85
18.67
18.67
20.37
20.37
19.53
19.53
18.43
18.43
18.31
18.31
18.95
18.95
18.93
18.93
28.09
28.09
17.29
17.29
19.53
19.53
17.99
17.99
18.39
18.39
19.19
19.19
19.09
19.09
19.11
19.11
19.36
19.36
19.03
19.03
18.12
18.12
18.31
18.31
33.53
33.53
19.63
19.63
23.40
23.40
20.30
20.30
20.74
20.74
21.25
21.25
22.12
22.12
18.18
18.18
24.12
24.12
25.87
25.87
18.70
18.70
19.87
19.87
18.58
18.58
19.04
19.04
18.44
18.44
18.67
18.67
19.88
19.88
16.39
16.39
18.68
18.68
19.26
19.26
19.06
19.06
16.63
16.63
19.15
19.15
17.20
17.20
18.86
18.86
24.54
24.54
30.70
30.70
20.82
20.82
22.11
22.11
18.02
18.02
18.78
18.78
18.05
18.05
49.84
49.84
62.88
62.88
28.67
28.67
38.07
38.07
78.23
78.23
30.45
30.45
25.63
25.63
49.55
49.55
68.18
68.18
42.90
42.90
32.95
32.95
46.84
46.84
67.17
67.17
32.90
32.90
28.96
28.96
65.31
65.31
45.01
45.01
36.51
36.51
38.61
38.61
66.39
66.39
39.17
39.17
43.35
43.35
53.97
53.97
48.38
48.38
28.85
28.85
29.90
29.90
64.65
64.65
31.50
31.50
34.97
34.97
42.33
42.33
48.73
48.73
23.96
23.96
23.96
23.96
18.01
18.01
20.21
20.21
19.74
19.74
22.32
22.32
32.98
32.98
22.03
22.03
20.75
20.75
17.56
17.56
20.90
20.90
19.63
19.63
18.10
18.10
19.67
19.67
33.21
33.21
22.69
22.69
26.59
26.59
20.85
20.85
25.45
25.45
19.16
19.16
24.65
24.65
19.16
19.16
18.42
18.42
22.71
22.71
19.02
19.02
22.31
22.31
17.41
17.41
18.90
18.90
18.86
18.86
17.79
17.79
19.06
19.06
19.94
19.94
18.07
18.07
19.15
19.15
19.88
19.88
21.26
21.26
20.16
20.16
16.76
16.76
20.57
20.57
20.49
20.49
17.81
17.81
18.87
18.87
19.52
19.52
18.44
18.44
19.00
19.00
19.75
19.75
19.94
19.94
18.47
18.47
18.59
18.59
17.29
17.29
18.32
18.32
19.03
19.03
18.52
18.52
19.37
19.37
21.21
21.21
24.57
24.57
17.28
17.28
21.20
21.20
17.10
17.10
19.28
19.28
18.98
18.98
18.12
18.12
20.36
20.36
18.32
18.32
19.18
19.18
18.81
18.81
19.56
19.56
17.81
17.81
18.35
18.35
19.31
19.31
23.91
23.91
32.04
32.04
22.58
22.58
18.70
18.70
20.31
20.31
26.07
26.07
20.16
20.16
19.17
19.17
24.88
24.88
19.55
19.55
18.75
18.75
19.51
19.51
19.79
19.79
18.43
18.43
19.40
19.40
19.07
19.07
17.85
17.85
20.32
20.32
20.07
20.07
20.45
20.45
18.65
18.65
27.35
27.35
18.66
18.66
20.51
20.51
17.80
17.80
21.04
21.04
18.69
18.69
18.87
18.87
19.39
19.39
19.42
19.42
18.50
18.50
18.17
18.17
18.77
18.77
18.45
18.45
19.48
19.48
18.02
18.02
19.44
19.44
18.16
18.16
17.91
17.91
19.40
19.40
17.49
17.49
18.70
18.70
19.44
19.44
18.52
18.52
17.85
17.85
18.49
18.49
19.28
19.28
17.33
17.33
27.90
27.90
32.96
32.96
23.42
23.42
19.25
19.25
19.26
19.26
18.93
18.93
19.37
19.37
19.21
19.21
18.40
18.40
18.24
18.24
23.80
23.80
19.38
19.38
19.01
19.01
18.31
18.31
18.87
18.87
19.21
19.21
20.42
20.42
18.58
18.58
20.81
20.81
17.42
17.42
18.39
18.39
19.28
19.28
18.80
18.80
18.82
18.82
18.76
18.76
17.99
17.99
19.39
19.39
18.00
18.00
19.51
19.51
18.68
18.68
18.17
18.17
19.41
19.41
18.62
18.62
18.69
18.69
19.48
19.48
19.46
19.46
19.10
19.10
19.36
19.36
18.47
18.47
17.92
17.92
18.99
18.99
19.00
19.00
19.47
19.47
18.83
18.83
18.11
18.11
18.99
18.99
28.16
28.16
20.06
20.06
18.51
18.51
18.07
18.07
18.80
18.80
18.12
18.12
18.45
18.45
19.20
19.20
18.12
18.12
19.59
19.59
17.49
17.49
18.91
18.91
19.36
19.36
18.78
18.78
18.83
18.83
18.47
18.47
18.84
18.84
19.03
19.03
18.11
18.11
19.00
19.00
18.70
18.70
18.35
18.35
25.86
25.86
27.13
27.13
21.14
21.14
18.13
18.13
19.27
19.27
19.27
19.27
19.28
19.28
17.74
17.74
19.39
19.39
22.69
22.69
18.19
18.19
18.72
18.72
19.06
19.06
18.90
18.90
18.87
18.87
26.02
26.02
19.28
19.28
18.69
18.69
18.61
18.61
17.96
17.96
18.77
18.77
19.21
19.21
18.12
18.12
21.21
21.21
18.90
18.90
18.47
18.47
18.48
18.48
17.98
17.98
18.16
18.16
20.30
20.30
21.47
21.47
19.40
19.40
19.26
19.26
17.42
17.42
19.06
19.06
19.40
19.40
18.45
18.45
19.36
19.36
19.05
19.05
19.07
19.07
18.92
18.92
17.46
17.46
19.07
19.07
17.65
17.65
18.52
18.52
18.45
18.45
20.36
20.36
18.95
18.95
19.64
19.64
18.32
18.32
19.24
19.24
23.90
23.90
18.45
18.45
19.69
19.69
16.82
16.82
20.12
20.12
17.97
17.97
19.06
19.06
19.56
19.56
19.53
19.53
19.20
19.20
19.84
19.84
17.08
17.08
19.55
19.55
17.54
17.54
20.06
20.06
17.96
17.96
18.67
18.67
18.93
18.93
19.31
19.31
18.15
18.15
21.26
21.26
17.65
17.65
18.13
18.13
18.65
18.65
18.39
18.39
19.12
19.12
17.01
17.01
18.52
18.52
19.09
19.09
19.20
19.20
18.09
18.09
18.59
18.59
18.07
18.07
19.33
19.33
18.34
18.34
19.69
19.69
22.49
22.49
23.03
23.03
17.87
17.87
21.76
21.76
19.48
19.48
17.81
17.81
20.06
20.06
18.13
18.13
19.05
19.05
19.12
19.12
17.74
17.74
18.39
18.39
19.49
19.49
17.41
17.41
18.23
18.23
18.55
18.55
18.71
18.71
19.49
19.49
17.05
17.05
19.47
19.47
18.93
18.93
17.92
17.92
20.52
20.52
18.49
18.49
17.77
17.77
19.54
19.54
15.51
15.51
13.87
13.87
13.68
13.68
10.51
10.51
11.30
11.30
9.27
9.27
11.08
11.08
9.73
9.73
11.58
11.58
8.98
8.98
10.19
10.19
10.60
10.60
14.41
14.41
8.50
8.50
11.37
11.37
9.23
9.23
10.54
10.54
16.31
16.31
10.85
10.85
12.37
12.37
12.03
12.03
11.39
11.39
11.63
11.63
9.77
9.77
9.33
9.33
35.37
35.37
41.60
41.60
26.67
26.67
25.41
25.41
25.90
25.90
30.56
30.56
25.13
25.13
12.04
12.04
8.69
8.69
10.83
10.83
11.13
11.13
17.92
17.92
10.58
10.58
9.41
9.41
8.94
8.94
9.83
9.83
13.91
13.91
9.87
9.87
9.79
9.79
11.12
11.12
9.65
9.65
9.46
9.46
10.60
10.60
9.31
9.31
10.99
10.99
9.94
9.94
15.52
15.52
15.52
12.04
12.04
12.04
13.04
