0.1272440105676651
0.016438720747828484
0.023509958758950233
0.010278787463903427
0.027134936302900314
0.05272885784506798
0.004454188514500856
0.016303082928061485
0.06870472431182861
0.09022127836942673
0.015419545583426952
0.005743404850363731
0.006368591450154781
0.011612797155976295
0.009457687847316265
0.004198119044303894
0.09749425202608109
0.021828262135386467
0.0355805866420269
0.04483097046613693
0.015904679894447327
0.26305630803108215
0.05518043041229248
0.05053567513823509
0.0799986869096756
0.044517405331134796
0.028418583795428276
0.008027392439544201
0.07726600766181946
0.026638617739081383
0.004641734063625336
0.04537765309214592
0.027580682188272476
0.0175634752959013
0.06035598739981651
0.014560285955667496
0.05794460326433182
0.04605226591229439
0.0532299280166626
0.014145766384899616
0.019543033093214035
0.0779743641614914
0.10460326075553894
0.04075661301612854
0.010904578492045403
0.023298067972064018
0.011872055009007454
0.022218862548470497
0.0065467157401144505
0.08522229641675949
0.09736266732215881
0.029588986188173294
0.05166678503155708
0.02410735934972763
0.07965254783630371
0.028447184711694717
0.055528201162815094
0.027270274236798286
0.013331419788300991
0.01666310615837574
0.03476058319211006
0.06270140409469604
0.055726416409015656
0.03525311127305031
0.020840931683778763
0.07555533200502396
0.0367518849670887
0.012941588647663593
0.009925974532961845
0.036809537559747696
0.06480930000543594
0.014130947180092335
0.025482190772891045
0.022450324147939682
0.024833576753735542
0.04419104382395744
0.018835674971342087
0.014160281978547573
0.016605282202363014
0.06434598565101624
0.03495972231030464
0.011770004406571388
0.011035216972231865
0.012949480675160885
0.10936073958873749
0.005677492823451757
0.03974205255508423
0.008581328205764294
0.03137356787919998
0.018515514209866524
0.01732814870774746
0.04607827588915825
0.04302775114774704
0.012518568895757198
0.0567077100276947
0.06277146190404892
0.162431001663208
0.0952000841498375
0.018478205427527428
0.01968635804951191
0.027594447135925293
0.034440089017152786
0.014035359025001526
0.05385852977633476
0.08543802797794342
0.01961727812886238
0.034690916538238525
0.019968939945101738
0.022824762389063835
0.03636360540986061
0.0535397082567215
0.015585051849484444
0.06883617490530014
0.039387788623571396
0.01289635431021452
0.023688962683081627
0.11605808883905411
0.05685833841562271
0.028314923867583275
0.02505316771566868
0.18711841106414795
0.015445215627551079
0.18022949993610382
0.024630026891827583
0.049987513571977615
0.1306353360414505
0.029984623193740845
0.017508115619421005
0.05490205064415932
0.02080569416284561
0.06997548043727875
0.051690466701984406
0.01837535947561264
0.06135302037000656
0.033997662365436554
0.23419804871082306
0.005852675996720791
0.0872533842921257
0.020777098834514618
0.06772969663143158
0.03217644616961479
0.09825905412435532
0.02042016200721264
0.045851316303014755
0.006865515373647213
0.03408229723572731
0.03168977424502373
0.013769806362688541
0.05202147737145424
0.06826388835906982
0.025205641984939575
0.10060908645391464
0.03951883316040039
0.02909240499138832
0.02747027575969696
0.02778898924589157
0.012726143933832645
0.09813650697469711
0.010684431530535221
0.00852480623871088
0.03390546888113022
0.023987822234630585
0.04650918394327164
0.012393967248499393
0.00842339638620615
0.07369611412286758
0.013365297578275204
0.050504330545663834
0.03514360636472702
0.024864638224244118
0.0383160226047039
0.021258525550365448
0.06958878040313721
0.06459241360425949
0.18445467948913574
0.013732160441577435
0.02019597217440605
0.03498942777514458
0.041088271886110306
0.03809642791748047
0.012270965613424778
0.04632972925901413
0.013326643966138363
0.01911989599466324
0.008528820239007473
0.006774153094738722
0.06432517617940903
0.007821007631719112
0.027684859931468964
0.14493905007839203
0.0298424381762743
0.025695230811834335
0.10378563404083252
0.03991995379328728
0.009214475750923157
0.03457951918244362
0.009815753437578678
0.030088379979133606
0.014794732443988323
0.032880574464797974
0.0627552941441536
0.018248511478304863
0.024639282375574112
0.009550269693136215
0.08487703651189804
0.12242764234542847
0.04795176535844803
0.020809946581721306
0.14058054983615875
0.02383095771074295
0.022363299503922462
0.0635802149772644
0.007007976062595844
0.006412924733012915
0.024190302938222885
0.029400385916233063
0.006059295032173395
0.04779701307415962
0.005525906104594469
0.02452692575752735
0.027057617902755737
0.009181829169392586
0.01337770652025938
0.013066875748336315
0.048564933240413666
0.06465817987918854
0.034740421921014786
0.07132600247859955
0.06879058480262756
0.01790502853691578
0.035875216126441956
0.03364160656929016
0.01216471940279007
0.013953299261629581
0.012445561587810516
0.03973572701215744
0.0360557995736599
0.034745920449495316
0.0433492586016655
0.01602613553404808
0.019176606088876724
0.057108763605356216
0.07363434135913849
0.022765904664993286
0.020247966051101685
0.012662461027503014
0.01539207249879837
0.06440677493810654
0.037474483251571655
0.009828061796724796
0.01435785461217165
0.03258943557739258
0.02381587028503418
0.007071611471474171
0.01129236537963152
0.041957829147577286
0.006139435805380344
0.05851462110877037
0.014548144303262234
0.011293953284621239
0.06296949833631516
0.008725415915250778
0.04535115882754326
0.04346086457371712
0.007096273824572563
0.023948386311531067
0.10148131847381592
0.006364150904119015
0.02261325716972351
0.011189852841198444
0.06007498502731323
0.02623225934803486
0.09234998375177383
0.051653821021318436
0.04223615303635597
0.012089365161955357
0.015755558386445045
0.020756209269165993
0.0710720419883728
0.016811106353998184
0.08053496479988098
0.10011543333530426
0.01640588976442814
0.06586368381977081
0.10033724457025528
0.027473026886582375
0.050430119037628174
0.012297783978283405
0.013465691357851028
0.028036918491125107
0.029581889510154724
0.006879148539155722
0.09531991183757782
0.021294862031936646
0.048352498561143875
0.07870673388242722
0.07326599955558777
0.023846566677093506
0.024465980008244514
0.1550455391407013
0.03558605909347534
0.020425518974661827
0.008786151185631752
0.030653947964310646
0.05534540116786957
0.06158105283975601
0.028397738933563232
0.014682982116937637
0.12017311155796051
0.036480579525232315
0.00905120000243187
0.019013186916708946
0.039326976984739304
0.1090678796172142
0.010262636467814445
0.019140947610139847
0.04929383471608162
0.021814092993736267
0.03025834821164608
0.06374331563711166
0.017750727012753487
0.08348722755908966
0.11474224925041199
0.04863080382347107
0.0062722573056817055
0.037506651133298874
0.018899748101830482
0.06885705143213272
0.009953673928976059
0.014053914695978165
0.010353507474064827
0.0197709072381258
0.013878279365599155
0.09858182817697525
0.0584532767534256
0.015198437497019768
0.025410227477550507
0.025305116549134254
0.034385234117507935
0.02115418016910553
0.01130106020718813
0.04227099195122719
0.08424034714698792
0.008053318597376347
0.00897620152682066
0.013507096096873283
0.11677288264036179
0.09818678349256516
0.006676127668470144
0.020068852230906487
0.0699373334646225
0.06386318057775497
0.07714517414569855
0.006068674381822348
0.044269926846027374
0.009659240953624249
0.018442878499627113
0.08534102141857147
0.01888061687350273
0.009882752783596516
0.01717728190124035
0.048208728432655334
0.02265525795519352
0.020762309432029724
0.06638778001070023
0.025512920692563057
0.02967158891260624
0.06234576925635338
0.01293816976249218
0.019968444481492043
0.07028187811374664
0.01965230517089367
0.0478878878057003
0.07532185316085815
0.03346899896860123
0.021581444889307022
0.023950345814228058
0.008165465667843819
0.08041970431804657
0.05448533222079277
0.04259278625249863
0.03043953701853752
0.07567639648914337
0.04551549255847931
0.008787669241428375
0.014771548099815845
0.029257243499159813
0.018958156928420067
0.1521831601858139
0.05993717908859253
0.03788479417562485
0.007901047356426716
0.10237134993076324
0.05081317946314812
0.14485721290111542
0.03147595003247261
0.02808361127972603
0.017488548532128334
0.1309940367937088
0.07418029010295868
0.018221575766801834
0.05869193747639656
0.0401403047144413
0.22832047939300537
0.019799426198005676
0.018300825729966164
0.008563476614654064
0.01934630796313286
0.11242232471704483
0.005683265160769224
0.04340492561459541
0.006148452404886484
0.02031032182276249
0.013556097634136677
0.013588305562734604
0.06087047606706619
0.1089523583650589
0.048950664699077606
0.039455655962228775
0.005393915809690952
0.04133422672748566
0.02447335608303547
0.06411946564912796
0.011454262770712376
0.0913860946893692
0.018257422372698784
0.005592213943600655
0.06496582925319672
0.015053787268698215
0.021885650232434273
0.03687752038240433
0.004878415260463953
0.02772272564470768
0.02075432799756527
0.035096101462841034
0.013681595213711262
0.014409580267965794
0.0068923369981348515
0.011213026940822601
0.01619313471019268
0.04046991467475891
0.027082301676273346
0.04348967224359512
0.05653970688581467
0.02745181880891323
0.024433990940451622
0.027478361502289772
0.046836480498313904
0.0627693459391594
0.06264317780733109
0.033357977867126465
0.01165185496211052
0.018990408629179
0.057071566581726074
0.04997234418988228
0.024641655385494232
0.0793701633810997
0.02478543482720852
0.06731763482093811
0.020032504573464394
0.004991599358618259
0.04671742767095566
0.21578994393348694
0.03188932314515114
0.04227498546242714
0.04854290932416916
0.023168666288256645
0.019985171034932137
0.020080259069800377
0.018281307071447372
0.016683369874954224
0.05837314948439598
0.07922898977994919
0.01735450141131878
0.14909569919109344
0.11100106686353683
0.00410305755212903
0.02690860442817211
0.0066805011592805386
0.037064649164676666
0.022721117362380028
0.009782877750694752
0.07677125185728073
0.03272867947816849
0.004243690054863691
0.06895288079977036
0.05340203270316124
0.04478573054075241
0.05247253552079201
0.013521479442715645
0.020577628165483475
0.09167410433292389
0.009534412063658237
0.041257575154304504
0.05054750666022301
0.12867124378681183
0.015275274403393269
0.06726231426000595
0.12918291985988617
0.019028395414352417
0.014759451150894165
0.03602396324276924
0.00788326095789671
0.005459052976220846
0.009903032332658768
0.03403160348534584
0.020098241046071053
0.002592699369415641
0.01286664791405201
0.14722034335136414
0.06482627987861633
0.016129689291119576
0.06417472660541534
0.02263728715479374
0.029752150177955627
0.010338972322642803
0.027745993807911873
0.07882463186979294
0.05653785541653633
0.03005209006369114
0.015195758081972599
0.010053214617073536
0.021975573152303696
0.037848006933927536
0.022857461124658585
0.011856822296977043
0.006038390100002289
0.10115223377943039
0.03024025820195675
0.005264192819595337
0.12452071905136108
0.011727478355169296
0.04134136438369751
0.013123249635100365
0.022001715376973152
0.16353890299797058
0.054347094148397446
0.021519850939512253
0.16484369337558746
0.02476409822702408
0.006275040563195944
0.029176143929362297
0.04275444149971008
0.03208979219198227
0.012360836379230022
0.015961186960339546
0.09308874607086182
0.022328495979309082
0.019228899851441383
0.07113028317689896
0.012349890545010567
0.07243049889802933
0.02399217151105404
0.02506357803940773
0.03783215582370758
0.07065591216087341
0.013702232390642166
0.10028316080570221
0.032480042427778244
0.03348224610090256
0.06569960713386536
0.005179454106837511
0.003575667040422559
0.010491271503269672
0.11373800039291382
0.06371348351240158
0.014409532770514488
0.01293368823826313
0.024629566818475723
0.07102011889219284
0.016049794852733612
0.008355386555194855
0.04004018008708954
0.10425695776939392
0.09615381807088852
0.0401906743645668
0.030662065371870995
0.07508343458175659
0.04603319615125656
0.10921239107847214
0.05443882197141647
0.05629008263349533
0.013331837020814419
0.0316908061504364
0.014316453598439693
0.018262743949890137
0.010122356936335564
0.015305525623261929
0.009274655021727085
0.011078806594014168
0.06915076076984406
0.00971220526844263
0.040906306356191635
0.07076948881149292
0.023396756500005722
0.009673044085502625
0.058732133358716965
0.057120926678180695
0.058963920921087265
0.008860831148922443
0.0373675636947155
0.022055134177207947
0.004620768595486879
0.014075785875320435
0.040314801037311554
0.02305619977414608
0.004495052620768547
0.1126304641366005
0.014796823263168335
0.038004446774721146
0.04196374863386154
0.014654933474957943
0.024561049416661263
0.02224608324468136
0.013692090287804604
0.07332433015108109
0.06921236217021942
0.10908850282430649
0.028743116185069084
0.006399816367775202
0.0038354441057890654
0.030929530039429665
0.01333296112716198
0.020010797306895256
0.04640037566423416
0.006478582974523306
0.013406760059297085
0.050589434802532196
0.01568073406815529
0.043438997119665146
0.09304384887218475
0.047295842319726944
0.02224024198949337
0.030269667506217957
0.04003804549574852
0.03153266757726669
0.029730869457125664
0.010158895514905453
0.04024801403284073
0.07919874042272568
0.011972282081842422
0.03446055203676224
0.05570228397846222
0.0399932861328125
0.046278174966573715
0.02947142906486988
0.013276716694235802
0.022681212052702904
0.03389030694961548
0.005421672947704792
0.01829797588288784
0.03392115607857704
0.03702325001358986
0.047828614711761475
0.019207611680030823
0.06158693879842758
0.012828512117266655
0.047727275639772415
0.02348240651190281
0.021234050393104553
0.048230092972517014
0.045281603932380676
0.046641405671834946
0.00981523934751749
0.027551895007491112
0.03639613837003708
0.038627345114946365
0.020670223981142044
0.04381190240383148
0.0189373716711998
0.015130081214010715
0.0315927192568779
0.00843876227736473
0.1640450805425644
0.014700736850500107
0.04405416548252106
0.00548167061060667
0.009489764459431171
0.012427086941897869
0.07992841303348541
0.008775876834988594
0.03515200689435005
0.0037044757045805454
0.10864745080471039
0.04540229216217995
0.069241963326931
0.010613949969410896
0.0114841777831316
0.00623762933537364
0.04173573851585388
0.009895788505673409
0.012838237918913364
0.04222129285335541
0.024143055081367493
0.03208097442984581
0.014114534482359886
0.023751765489578247
0.05130909010767937
0.06918412446975708
0.024106595665216446
0.011613466776907444
0.02292909100651741
0.04688235744833946
0.11204434186220169
0.043704088777303696
0.009691845625638962
0.09932906925678253
0.007568692322820425
0.022769225761294365
0.04730939492583275
0.022204212844371796
0.012585637159645557
0.03830839321017265
0.015958454459905624
0.025532562285661697
0.007187158800661564
0.06776438653469086
0.1099969670176506
0.027476375922560692
0.029222236946225166
0.041489142924547195
0.027370240539312363
0.01876337081193924
0.010773428715765476
0.09065977483987808
0.019908133894205093
0.07487377524375916
0.016561565920710564
0.016224190592765808
0.0876370519399643
0.05323050171136856
0.023877141997218132
0.027685752138495445
0.004841085057705641
0.011297003366053104
0.04598449915647507
0.0651477575302124
0.062388498336076736
0.0059671904891729355
0.005223520565778017
0.025827784091234207
0.15414945781230927
0.012278939597308636
0.01761658303439617
0.023768510669469833
0.01982419565320015
0.0658109188079834
0.012800932861864567
0.009592672809958458
0.012624414637684822
0.08931197226047516
0.11208747327327728
0.02090572752058506
0.057725537568330765
0.031245043501257896
0.011205822229385376
0.0049855513498187065
0.09246040880680084
0.03580455109477043
0.06468071788549423
0.05289880558848381
0.010635585524141788
0.04195275157690048
0.06566641479730606
0.008146860636770725
0.023402715101838112
0.0062898071482777596
0.035406582057476044
0.02284848690032959
0.017649542540311813
0.0015461056027561426
0.005311078857630491
0.05652046203613281
0.00555414566770196
0.04229005426168442
0.09420066326856613
0.089749276638031
0.08786609023809433
0.02882525697350502
0.03985993191599846
0.07049255818128586
0.009177484549582005
0.07919774949550629
0.003718408988788724
0.06759899109601974
0.04640721529722214
0.02751500904560089
0.04259304702281952
0.04083823412656784
0.0122700659558177
0.011092046275734901
0.04987484589219093
0.09989225119352341
0.005888984072953463
0.15147382020950317
0.010257360525429249
0.011342322453856468
0.01451367698609829
0.019124800339341164
0.13107040524482727
0.033236246556043625
0.03137151896953583
0.01564304530620575
0.07010635733604431
0.012077976018190384
0.014412002637982368
0.011481954716145992
0.10302995145320892
0.022007090970873833
0.03441916033625603
0.020600058138370514
0.031812526285648346
0.00625820504501462
0.012136740610003471
0.02780638076364994
0.03789886087179184
0.0229131281375885
0.005971052683889866
0.026496509090065956
0.015472657978534698
0.016699207946658134
0.02247532084584236
0.06912653148174286
0.009721874259412289
0.013409880921244621
0.005972902290523052
0.048813603818416595
0.055451229214668274
0.005757259204983711
0.12906098365783691
0.017646318301558495
0.07190904021263123
0.01488111075013876
0.014199451543390751
0.035191673785448074
0.03805083781480789
0.014521780423820019
0.016115568578243256
0.03153698891401291
0.05580230429768562
0.00817017164081335
0.037688255310058594
0.03035770356655121
0.010532754473388195
0.05009807273745537
0.042438361793756485
0.008449277840554714
0.0493413507938385
0.016648797318339348
0.005807898007333279
0.0033013243228197098
0.021413657814264297
0.006366733927279711
0.021283119916915894
0.09575727581977844
0.012905874289572239
0.08569952845573425
0.037980835884809494
0.12424673140048981
0.023788252845406532
0.06934542953968048
0.00661661010235548
0.022824427112936974
0.012214710004627705
0.0658264309167862
0.10041669756174088
0.0154629060998559
0.007961460389196873
0.051611267030239105
0.017688481137156487
0.02435973845422268
0.02310052327811718
0.03345564380288124
0.14475496113300323
0.02003704011440277
0.05453960970044136
0.059911396354436874
0.006289329379796982
0.053726308047771454
0.0041846358217298985
0.052827559411525726
0.021599426865577698
0.011937662959098816
0.04154577851295471
0.07000637799501419
0.03342028334736824
0.017036648467183113
0.017355961725115776
0.008559639565646648
0.015814829617738724
0.18771377205848694
0.012154900468885899
0.04983455315232277
0.04143892601132393
0.08516117185354233
0.014367128722369671
0.012333535589277744
0.02628287300467491
0.008800658397376537
0.007773640099912882
0.012117011472582817
0.016312746331095695
0.050781819969415665
0.04815154895186424
0.0481194406747818
0.08852716535329819
0.024799847975373268
0.01894492283463478
0.10614853352308273
0.012338285334408283
0.00393131747841835
0.02645513229072094
0.013293280266225338
0.02400934137403965
0.02760101854801178
0.012171237729489803
0.028669007122516632
0.014497983269393444
0.07291769981384277
0.03415221720933914
0.05180337280035019
0.043627191334962845
0.12081693857908249
0.017363669350743294
0.06691868603229523
0.015937983989715576
0.03530175983905792
0.0032155844382941723
0.012149859219789505
0.028229473158717155
0.11485444754362106
0.08071181178092957
0.062091417610645294
0.02172909490764141
0.007137424312531948
0.004854870494455099
0.018901020288467407
0.22387272119522095
0.014102586545050144
0.2138473242521286
