12.160843776
12.159778816
12.163334144
12.167364608
12.18551808
12.182355968
12.18347008
12.184305664
12.184977408
12.185288704
12.183191552
12.184158208
12.184403968
12.184551424
12.184584192
12.1847808
12.164481024
12.164481024
12.17052672
12.17052672
12.164005888
12.164005888
12.180570112
12.180570112
12.160237568
12.160237568
12.158451712
12.158451712
12.16217088
12.16217088
12.155387904
12.155387904
12.17200128
12.17200128
12.156616704
12.156616704
12.151963648
12.151963648
12.160581632
12.160581632
12.160581632
12.160581632
12.160581632
12.160581632
12.152291328
12.152291328
12.149260288
12.149260288
12.170510336
12.170510336
12.161908736
12.161908736
12.165251072
12.165251072
12.146507776
12.146507776
12.146507776
12.146507776
12.146507776
12.146507776
12.139659264
12.139659264
12.138364928
12.138364928
12.14537728
12.14537728
12.140986368
12.140986368
12.152946688
12.152946688
12.13751296
12.13751296
12.136316928
12.136316928
12.145655808
12.145655808
12.137152512
12.137152512
12.155469824
12.155469824
12.141674496
12.141674496
12.138856448
12.138856448
12.151717888
12.151717888
12.139118592
12.139118592
12.158763008
12.158763008
12.14357504
12.14357504
12.138921984
12.138921984
12.153913344
12.153913344
12.175163392
12.175163392
12.175163392
12.175163392
12.142034944
12.142034944
12.138758144
12.138758144
12.138758144
12.138758144
12.138758144
12.138758144
12.137037824
12.137037824
12.1450496
12.1450496
12.138725376
12.138725376
12.15643648
12.15643648
12.142313472
12.142313472
12.139200512
12.139200512
12.149456896
12.149456896
12.156862464
12.156862464
12.175343616
12.175343616
12.141019136
12.141019136
12.13816832
12.13816832
12.153126912
12.153126912
12.138217472
12.138217472
12.157845504
12.157845504
12.141920256
12.141920256
12.139020288
12.139020288
12.154175488
12.154175488
12.138938368
12.138938368
12.138938368
12.138938368
12.138938368
12.138938368
12.13874176
12.13874176
12.156157952
12.156157952
12.138561536
12.138561536
12.138545152
12.138545152
12.144771072
12.144771072
12.138594304
12.138594304
12.138594304
12.138594304
12.138594304
12.138594304
12.138151936
12.138151936
12.148670464
12.148670464
12.138348544
12.138348544
12.15840256
12.15840256
12.141641728
12.141641728
12.138594304
12.138594304
12.166168576
12.166168576
12.166168576
12.166168576
12.173017088
12.173017088
12.154486784
12.154486784
12.151717888
12.151717888
12.151717888
12.151717888
12.146819072
12.146819072
12.143853568
12.143853568
12.148850688
12.148850688
12.162613248
12.162613248
12.178587648
12.178587648
12.1401344
12.1401344
12.13874176
12.13874176
12.147621888
12.147621888
12.138758144
12.138758144
12.156157952
12.156157952
12.142329856
12.142329856
12.138921984
12.138921984
12.151996416
12.151996416
12.139380736
12.139380736
12.158795776
12.158795776
12.143640576
12.143640576
12.139266048
12.139266048
12.154322944
12.154322944
12.154322944
12.154322944
12.154322944
12.154322944
12.142592
12.142592
12.139380736
12.139380736
12.154585088
12.154585088
12.139364352
12.139364352
12.137578496
12.137578496
12.145344512
12.145344512
12.138938368
12.138938368
12.156305408
12.156305408
12.142231552
12.142231552
12.138872832
12.138872832
12.149342208
12.149342208
12.13841408
12.13841408
12.158189568
12.158189568
12.14152704
12.14152704
12.138184704
12.138184704
12.152864768
12.152864768
12.137316352
12.137316352
12.157222912
12.157222912
12.140756992
12.140756992
12.137545728
12.137545728
12.169527296
12.169527296
12.154585088
12.154585088
12.136579072
12.136579072
12.142886912
12.142886912
12.138184704
12.138184704
12.15553536
12.15553536
12.13833216
12.13833216
12.138299392
12.138299392
12.144377856
12.144377856
12.138364928
12.138364928
12.155830272
12.155830272
12.155830272
12.155830272
12.138364928
12.138364928
12.148555776
12.148555776
12.068339712
12.068339712
12.087967744
12.087967744
12.071550976
12.071550976
12.06812672
12.06812672
12.06812672
12.06812672
12.06812672
12.06812672
12.090097664
12.090097664
12.070977536
12.070977536
12.06779904
12.06779904
12.083232768
12.083232768
12.06820864
12.06820864
12.06697984
12.06697984
12.073189376
12.073189376
12.068470784
12.068470784
12.085968896
12.085968896
12.070158336
12.070158336
12.068683776
12.068683776
12.077367296
12.077367296
12.06796288
12.06796288
12.085477376
12.085477376
12.071043072
12.071043072
12.06788096
12.06788096
12.1008128
12.1008128
12.08590336
12.08590336
12.086951936
12.086951936
12.086951936
12.086951936
12.067438592
12.067438592
12.082429952
12.082429952
12.067504128
12.067504128
12.091129856
12.091129856
12.071092224
12.071092224
12.067586048
12.067586048
12.08287232
12.08287232
12.0676352
12.0676352
12.066226176
12.066226176
12.073795584
12.073795584
12.067831808
12.067831808
12.067831808
12.067831808
12.070633472
12.070633472
12.067487744
12.067487744
12.0778752
12.0778752
12.06738944
12.06738944
12.092309504
12.092309504
12.075712512
12.075712512
12.0725504
12.0725504
12.087640064
12.087640064
12.07238656
12.07238656
12.092112896
12.092112896
12.07525376
12.07525376
12.072108032
12.072108032
12.09516032
12.09516032
12.084330496
12.084330496
12.082757632
12.082757632
12.088950784
12.088950784
12.08418304
12.08418304
12.102303744
12.102303744
12.084936704
12.084936704
12.084936704
12.084936704
12.09114624
12.09114624
12.10228736
12.10228736
12.10228736
12.10228736
12.10228736
12.10228736
12.082003968
12.082003968
12.092162048
12.092162048
12.08205312
12.08205312
12.102090752
12.102090752
12.085297152
12.085297152
12.081954816
12.081954816
12.096569344
12.096569344
12.081905664
12.081905664
12.103712768
12.103712768
12.084985856
12.084985856
12.082200576
12.082200576
12.097306624
12.097306624
12.082102272
12.082102272
12.080922624
12.080922624
12.087181312
12.087181312
12.082429952
12.082429952
12.0999936
12.0999936
12.103663616
12.103663616
12.101074944
12.101074944
12.110381056
12.110381056
12.101451776
12.101451776
12.11129856
12.11129856
12.094046208
12.094046208
12.090933248
12.090933248
12.1024512
12.1024512
12.088344576
12.088344576
12.1065472
12.1065472
12.089311232
12.089311232
12.08467456
12.08467456
12.099846144
12.099846144
12.08475648
12.08475648
12.108251136
12.108251136
12.087394304
12.087394304
12.095963136
12.095963136
12.095963136
12.095963136
12.095963136
12.095963136
12.075466752
12.075466752
12.083724288
12.083724288
12.077907968
12.077907968
12.095930368
12.095930368
12.082102272
12.082102272
12.079497216
12.079497216
12.089950208
12.089950208
12.07967744
12.07967744
12.099977216
12.099977216
12.083150848
12.083150848
12.079497216
12.079497216
12.094717952
12.094717952
12.079448064
12.079448064
12.099518464
12.099518464
12.08311808
12.08311808
12.079726592
12.079726592
12.09483264
12.09483264
12.077268992
12.077268992
12.076384256
12.076384256
12.082806784
12.082806784
12.077924352
12.077924352
12.095488
12.095488
12.078055424
12.078055424
12.07795712
12.07795712
12.084609024
12.084609024
12.078579712
12.078579712
12.095946752
12.095946752
12.081741824
12.081741824
12.07844864
12.07844864
12.088950784
12.088950784
12.07861248
12.07861248
12.098453504
12.098453504
12.0819712
12.0819712
12.09524224
12.09524224
12.108447744
12.108447744
12.07918592
12.07918592
12.101435392
12.101435392
12.082479104
12.082479104
12.079038464
12.079038464
12.094242816
12.094242816
12.079284224
12.079284224
12.07730176
12.07730176
12.083707904
12.083707904
12.078989312
12.078989312
12.096487424
12.096487424
12.080709632
12.080709632
12.079153152
12.079153152
12.086509568
12.086509568
12.078891008
12.078891008
12.096339968
12.096339968
12.081774592
12.081774592
12.078661632
12.078661632
12.091506688
12.091506688
12.078727168
12.078727168
12.0983552
12.0983552
12.0832
12.0832
12.078759936
12.078759936
12.093898752
12.093898752
12.078841856
12.078841856
12.102139904
12.102139904
12.082118656
12.082118656
12.079300608
12.079300608
12.094210048
12.094210048
12.078989312
12.078989312
12.077105152
12.077105152
12.08516608
12.08516608
12.079136768
12.079136768
12.096667648
12.096667648
12.082495488
12.082495488
12.079104
12.079104
12.105940992
12.105940992
12.093882368
12.093882368
12.095176704
12.095176704
12.079235072
12.079235072
12.076384256
12.076384256
12.091850752
12.091850752
12.077367296
12.077367296
12.097191936
12.097191936
12.080840704
12.080840704
12.077416448
12.077416448
12.09253888
12.09253888
12.077662208
12.077662208
12.076056576
12.076056576
12.082249728
12.082249728
12.077613056
12.077613056
12.095291392
12.095291392
12.095291392
12.095291392
12.095291392
12.095291392
12.084396032
12.084396032
12.078071808
12.078071808
12.095373312
12.095373312
12.081348608
12.081348608
12.078071808
12.078071808
12.088475648
12.088475648
12.077907968
12.077907968
12.097683456
12.097683456
12.081168384
12.081168384
12.077973504
12.077973504
12.093046784
12.093046784
12.078006272
12.078006272
12.100026368
12.100026368
12.080939008
12.080939008
12.077678592
12.077678592
12.09270272
12.09270272
12.077727744
12.077727744
12.075548672
12.075548672
12.100222976
12.100222976
12.094685184
12.094685184
12.094980096
12.094980096
12.079202304
12.079202304
12.077907968
12.077907968
12.08672256
12.08672256
12.078006272
12.078006272
12.095275008
12.095275008
12.080971776
12.080971776
12.077842432
12.077842432
12.090359808
12.090359808
12.077907968
12.077907968
12.097765376
12.097765376
12.082446336
12.082446336
12.077842432
12.077842432
12.09270272
12.09270272
12.077596672
12.077596672
12.101009408
12.101009408
12.080857088
12.080857088
12.077498368
12.077498368
12.092850176
12.092850176
12.077449216
12.077449216
12.076105728
12.076105728
12.08410112
12.08410112
12.07795712
12.07795712
12.07795712
12.07795712
12.0807424
12.0807424
12.077842432
12.077842432
12.088147968
12.088147968
12.078153728
12.078153728
12.098093056
12.098093056
12.081627136
12.081627136
12.07836672
12.07836672
12.093423616
12.093423616
12.078432256
12.078432256
12.098469888
12.098469888
12.101500928
12.101500928
12.097142784
12.097142784
12.091359232
12.091359232
12.0762368
12.0762368
12.074729472
12.074729472
12.081676288
12.081676288
12.077170688
12.077170688
12.094930944
12.094930944
12.094930944
12.094930944
12.094930944
12.094930944
12.085477376
12.085477376
12.079546368
12.079546368
12.079546368
12.079546368
12.079546368
12.079546368
12.079087616
12.079087616
12.089442304
12.089442304
12.079087616
12.079087616
12.098977792
12.098977792
12.082511872
12.082511872
12.079104
12.079104
12.094029824
12.094029824
12.078923776
12.078923776
12.101271552
12.101271552
12.082610176
12.082610176
12.082610176
12.082610176
12.082610176
12.082610176
12.079087616
12.079087616
12.077268992
12.077268992
12.07894016
12.07894016
12.078743552
12.078743552
12.078170112
12.078170112
12.08541184
12.08541184
12.077776896
12.077776896
12.095340544
12.095340544
12.076204032
12.076204032
12.111364096
12.111364096
12.080611328
12.080611328
12.080611328
12.080611328
12.106334208
12.106334208
12.074500096
12.074500096
12.074500096
12.074500096
12.074500096
12.074500096
12.0725504
12.0725504
12.079988736
12.079988736
12.079988736
12.079988736
12.079988736
12.079988736
12.073402368
12.073402368
12.095209472
12.095209472
12.076204032
12.076204032
12.072812544
12.072812544
12.079792128
12.079792128
12.072124416
12.072124416
12.090343424
12.090343424
12.071256064
12.071256064
12.103090176
12.103090176
12.073992192
12.073992192
12.07074816
12.07074816
12.082429952
12.082429952
12.084461568
12.084461568
12.104105984
12.104105984
12.083331072
12.083331072
12.083331072
12.083331072
12.087820288
12.087820288
12.080021504
12.080021504
12.095062016
12.095062016
12.075843584
12.075843584
12.096503808
12.096503808
12.075810816
12.075810816
12.070223872
12.070223872
12.075597824
12.075597824
12.06935552
12.06935552
12.085542912
12.085542912
12.068585472
12.068585472
12.097503232
12.097503232
12.071632896
12.071632896
12.06812672
12.06812672
12.120375296
12.120375296
12.120375296
12.120375296
12.085264384
12.085264384
12.066717696
12.066717696
12.066717696
12.073828352
12.073828352
12.073828352
