59.12
64.64
63.28
64.24
71.78
64.20
63.89
63.92
63.69
64.02
63.39
64.23
63.82
63.51
64.35
63.39
56.77
56.77
17.91
17.91
19.00
19.00
19.12
19.12
18.16
18.16
18.11
18.11
18.22
18.22
19.17
19.17
18.24
18.24
18.19
18.19
20.59
20.59
17.29
17.29
18.02
18.02
18.58
18.58
19.49
19.49
17.54
17.54
22.51
22.51
25.23
25.23
19.28
19.28
17.94
17.94
19.20
19.20
19.74
19.74
19.18
19.18
18.97
18.97
20.21
20.21
19.58
19.58
17.48
17.48
19.45
19.45
17.34
17.34
19.54
19.54
17.84
17.84
19.06
19.06
17.26
17.26
19.82
19.82
16.95
16.95
19.28
19.28
17.84
17.84
20.02
20.02
19.13
19.13
17.71
17.71
18.57
18.57
19.53
19.53
17.08
17.08
19.10
19.10
18.66
18.66
18.53
18.53
18.71
18.71
19.69
19.69
17.40
17.40
19.16
19.16
19.54
19.54
17.67
17.67
19.05
19.05
23.81
23.81
17.66
17.66
20.05
20.05
19.60
19.60
18.46
18.46
18.62
18.62
18.64
18.64
18.87
18.87
19.23
19.23
19.56
19.56
17.74
17.74
17.62
17.62
18.39
18.39
19.50
19.50
16.53
16.53
18.92
18.92
18.68
18.68
18.74
18.74
16.49
16.49
19.63
19.63
18.47
18.47
18.38
18.38
19.16
19.16
18.95
18.95
17.47
17.47
19.53
19.53
19.06
19.06
20.47
20.47
18.77
18.77
17.85
17.85
18.56
18.56
19.17
19.17
17.24
17.24
19.05
19.05
18.80
18.80
18.39
18.39
24.37
24.37
19.96
19.96
19.38
19.38
18.17
18.17
19.00
19.00
18.40
18.40
19.74
19.74
17.77
17.77
19.88
19.88
19.08
19.08
19.53
19.53
18.31
18.31
19.05
19.05
17.63
17.63
17.72
17.72
17.68
17.68
19.07
19.07
18.17
18.17
17.96
17.96
19.03
19.03
19.11
19.11
18.02
18.02
18.87
18.87
18.62
18.62
19.11
19.11
18.71
18.71
19.93
19.93
17.94
17.94
19.43
19.43
19.31
19.31
18.78
18.78
18.82
18.82
18.62
18.62
18.02
18.02
17.55
17.55
18.95
18.95
19.74
19.74
27.73
27.73
19.69
19.69
19.00
19.00
19.22
19.22
18.02
18.02
18.06
18.06
19.30
19.30
19.65
19.65
17.70
17.70
18.00
18.00
18.06
18.06
17.89
17.89
19.49
19.49
18.92
18.92
19.17
19.17
18.33
18.33
17.93
17.93
19.46
19.46
18.95
18.95
17.88
17.88
19.28
19.28
17.56
17.56
17.92
17.92
21.13
21.13
17.46
17.46
18.12
18.12
18.35
18.35
19.88
19.88
18.23
18.23
18.88
18.88
18.08
18.08
17.71
17.71
18.73
18.73
18.93
18.93
18.63
18.63
17.53
17.53
24.42
24.42
18.81
18.81
20.15
20.15
18.54
18.54
17.75
17.75
18.34
18.34
19.43
19.43
18.06
18.06
19.37
19.37
19.88
19.88
18.34
18.34
19.48
19.48
17.61
17.61
18.64
18.64
20.72
20.72
18.33
18.33
18.69
18.69
19.35
19.35
18.01
18.01
18.38
18.38
24.49
24.49
17.80
17.80
19.49
19.49
18.20
18.20
18.19
18.19
19.50
19.50
17.74
17.74
19.33
19.33
39.12
39.12
31.32
31.32
18.84
18.84
18.78
18.78
17.92
17.92
19.02
19.02
19.05
19.05
19.60
19.60
17.54
17.54
24.32
24.32
17.96
17.96
20.34
20.34
19.06
19.06
18.88
18.88
19.03
19.03
19.00
19.00
18.11
18.11
18.50
18.50
18.09
18.09
19.79
19.79
17.23
17.23
20.08
20.08
23.40
23.40
19.69
19.69
19.38
19.38
22.24
22.24
18.85
18.85
19.48
19.48
17.57
17.57
20.61
20.61
17.73
17.73
19.86
19.86
17.35
17.35
20.74
20.74
20.46
20.46
18.32
18.32
18.46
18.46
19.11
19.11
18.78
18.78
18.55
18.55
17.92
17.92
18.70
18.70
19.08
19.08
19.63
19.63
18.23
18.23
26.69
26.69
18.59
18.59
18.55
18.55
19.05
19.05
18.04
18.04
18.36
18.36
19.84
19.84
20.09
20.09
17.96
17.96
18.74
18.74
18.24
18.24
19.39
19.39
18.02
18.02
18.61
18.61
17.80
17.80
18.90
18.90
18.26
18.26
18.12
18.12
19.12
19.12
20.16
20.16
19.27
19.27
19.17
19.17
18.35
18.35
17.38
17.38
18.84
18.84
19.49
19.49
19.30
19.30
17.91
17.91
18.46
18.46
18.41
18.41
18.64
18.64
17.63
17.63
18.79
18.79
18.29
18.29
19.05
19.05
17.61
17.61
19.57
19.57
21.54
21.54
19.86
19.86
19.11
19.11
18.96
18.96
18.15
18.15
18.19
18.19
19.54
19.54
17.83
17.83
18.95
18.95
18.77
18.77
18.51
18.51
17.61
17.61
19.05
19.05
18.68
18.68
19.23
19.23
19.45
19.45
18.34
18.34
18.31
18.31
18.80
18.80
18.63
18.63
17.48
17.48
18.82
18.82
19.12
19.12
18.01
18.01
19.16
19.16
18.79
18.79
18.18
18.18
21.38
21.38
18.97
18.97
17.48
17.48
18.09
18.09
18.20
18.20
18.02
18.02
18.90
18.90
18.67
18.67
18.37
18.37
23.33
23.33
18.23
18.23
20.92
20.92
18.14
18.14
18.50
18.50
18.82
18.82
19.04
19.04
18.16
18.16
18.37
18.37
18.52
18.52
19.08
19.08
17.76
17.76
19.23
19.23
17.48
17.48
18.91
18.91
19.03
19.03
19.22
19.22
17.92
17.92
18.77
18.77
17.72
17.72
19.11
19.11
17.90
17.90
19.00
19.00
19.03
19.03
18.51
18.51
17.78
17.78
18.65
18.65
18.83
18.83
18.87
18.87
17.45
17.45
19.29
19.29
18.04
18.04
18.64
18.64
19.13
19.13
18.29
18.29
19.17
19.17
27.00
27.00
18.25
18.25
18.55
18.55
19.74
19.74
17.86
17.86
18.69
18.69
18.45
18.45
19.88
19.88
19.26
19.26
18.31
18.31
19.67
19.67
17.85
17.85
18.20
18.20
18.14
18.14
18.90
18.90
18.48
18.48
19.24
19.24
18.40
18.40
18.93
18.93
17.15
17.15
19.68
19.68
18.29
18.29
19.86
19.86
16.12
16.12
20.09
20.09
17.91
17.91
18.57
18.57
19.56
19.56
17.86
17.86
19.33
19.33
18.95
18.95
18.15
18.15
18.40
18.40
18.38
18.38
18.88
18.88
17.95
17.95
22.11
22.11
21.81
21.81
19.43
19.43
18.49
18.49
18.88
18.88
18.87
18.87
19.48
19.48
16.63
16.63
21.01
21.01
22.85
22.85
18.62
18.62
18.42
18.42
17.27
17.27
19.38
19.38
18.65
18.65
17.26
17.26
19.18
19.18
18.16
18.16
17.81
17.81
19.98
19.98
18.31
18.31
18.82
18.82
17.77
17.77
19.08
19.08
18.58
18.58
18.24
18.24
19.13
19.13
18.29
18.29
16.97
16.97
13.79
13.79
10.01
10.01
9.96
9.96
10.10
10.10
10.56
10.56
9.10
9.10
10.54
10.54
7.85
7.85
17.38
17.38
9.40
9.40
12.08
12.08
10.13
10.13
9.19
9.19
10.67
10.67
9.21
9.21
9.14
9.14
10.87
10.87
9.90
9.90
9.44
9.44
9.56
9.56
8.69
8.69
10.07
10.07
10.54
10.54
7.73
7.73
10.10
10.10
9.68
9.68
9.56
9.56
10.64
10.64
9.39
9.39
10.91
10.91
9.14
9.14
10.96
10.96
10.38
10.38
8.37
8.37
10.58
10.58
10.15
10.15
10.58
10.58
9.62
9.62
9.81
9.81
9.29
9.29
9.21
9.21
10.68
10.68
9.62
9.62
8.48
8.48
10.62
10.62
9.37
9.37
9.25
9.25
26.20
26.20
12.08
12.08
16.64
16.64
9.67
9.67
9.67
12.72
12.72
12.72
