0.06818026304244995
0.06212668493390083
0.06528577208518982
0.015887737274169922
0.023891061544418335
0.02786223217844963
0.04730501025915146
0.048351775854825974
0.02703261934220791
0.0856505036354065
0.08109263330698013
0.027937082573771477
0.04255926236510277
0.09805047512054443
0.1157192513346672
0.1262848973274231
0.012613821774721146
0.16455289721488953
0.03448357805609703
0.046901289373636246
0.12068361788988113
0.012323660776019096
0.026026740670204163
0.020574690774083138
0.011576597578823566
0.07958253473043442
0.024315185844898224
0.08377832174301147
0.05053131654858589
0.06522675603628159
0.12908406555652618
0.18298907577991486
0.04610510542988777
0.2713696360588074
0.027194080874323845
0.12269255518913269
0.08345500379800797
0.01574358157813549
0.02884519100189209
0.11669934540987015
0.051716744899749756
0.025785455480217934
0.03967747092247009
0.028327200561761856
0.05390113219618797
0.09105100482702255
0.05827179178595543
0.07203330844640732
0.11162964254617691
0.020567869767546654
0.03639499470591545
0.06183426454663277
0.09992591291666031
0.03578374162316322
0.08055800199508667
0.012486856430768967
0.117616206407547
0.05519401654601097
0.06044770032167435
0.06703245639801025
0.07281310111284256
0.024215733632445335
0.05543336272239685
0.019590184092521667
0.020902087911963463
0.10759078711271286
0.04440559446811676
0.029304519295692444
0.04106549173593521
0.06402202695608139
0.027038896456360817
0.020331289619207382
0.013190091587603092
0.09495100378990173
0.02646603435277939
0.024027027189731598
0.07477966696023941
0.04082455113530159
0.06209835782647133
0.018967535346746445
0.05612081661820412
0.05107070133090019
0.029334289953112602
0.07882165163755417
0.020303716883063316
0.08179102092981339
0.06961103528738022
0.06782782077789307
0.013817522674798965
0.03447275608778
0.030758026987314224
0.07094015926122665
0.07427462190389633
0.0253470279276371
0.08120978623628616
0.04575319588184357
0.01927986927330494
0.016179459169507027
0.009754986502230167
0.01730809174478054
0.0169355571269989
0.20016899704933167
0.018866034224629402
0.010384682565927505
0.020030386745929718
0.07203677296638489
0.2514755427837372
0.05525243282318115
0.02696988172829151
0.06996718049049377
0.08410714566707611
0.026204146444797516
0.016234517097473145
0.0635358989238739
0.0062507628463208675
0.09538373351097107
0.04120181128382683
0.03676976263523102
0.05408453941345215
0.030378110706806183
0.045943666249513626
0.03423728421330452
0.013799712993204594
0.0161215178668499
0.07012239843606949
0.12593545019626617
0.11497543752193451
0.09964644908905029
0.028767835348844528
0.038412705063819885
0.049853261560201645
0.11146362125873566
0.043827611953020096
0.07696550339460373
0.03136244788765907
0.055009376257658005
0.04389103874564171
0.011262212879955769
0.06946941465139389
0.04085618630051613
0.017847135663032532
0.003350070910528302
0.03334226459264755
0.023437321186065674
0.023543450981378555
0.08863776922225952
0.020513344556093216
0.04169080778956413
0.040200576186180115
0.028882687911391258
0.1497987061738968
0.06153975427150726
0.05718876048922539
0.0455155223608017
0.015082551166415215
0.1847163438796997
0.04821965843439102
0.05557311326265335
0.010948430746793747
0.15241025388240814
0.10984569787979126
0.008306190371513367
0.05814550817012787
0.0430893637239933
0.05017310008406639
0.04660573974251747
0.0665777176618576
0.042484600096940994
0.07026635855436325
0.026013528928160667
0.06023732200264931
0.06589283794164658
0.03332974761724472
0.036884330213069916
0.012630376033484936
0.0897243469953537
0.03854650259017944
0.033445168286561966
0.03200578689575195
0.11358240246772766
0.04310066998004913
0.06369460374116898
0.029939940199255943
0.12261325865983963
0.06435000896453857
0.09226565062999725
0.09529823809862137
0.10279037803411484
0.03976212069392204
0.034396231174468994
0.038718972355127335
0.04381612315773964
0.010498326271772385
0.12157605588436127
0.009305666200816631
0.015441850759088993
0.060727786272764206
0.013387355953454971
0.025022108107805252
0.09997153282165527
0.017745815217494965
0.12197688221931458
0.022326113656163216
0.03983468562364578
0.05557608604431152
0.038838233798742294
0.019435372203588486
0.033306293189525604
0.017690109089016914
0.047734614461660385
0.018138352781534195
0.016054902225732803
0.027051232755184174
0.019947508350014687
0.02998788096010685
0.029459752142429352
0.05177340283989906
0.011512603610754013
0.12722420692443848
0.01795876771211624
0.013580016791820526
0.01786414533853531
0.06219153851270676
0.02281539887189865
0.016814326867461205
0.015551934950053692
0.06213611736893654
0.03844422847032547
0.017639026045799255
0.017794234678149223
0.17672346532344818
0.049004822969436646
0.03300114721059799
0.055069293826818466
0.008500312454998493
0.04024391621351242
0.01448047999292612
0.052299704402685165
0.055257637053728104
0.011518456973135471
0.01397993415594101
0.009870009496808052
0.12496381998062134
0.04393320530653
0.018978634849190712
0.07107482105493546
0.03545161336660385
0.05863793566823006
0.018588246777653694
0.032404061406850815
0.1845255047082901
0.0461631640791893
0.05775308609008789
0.01919211819767952
0.0577554926276207
0.016093874350190163
0.023713745176792145
0.047734107822179794
0.01756427250802517
0.04487588256597519
0.0791718065738678
0.022244198247790337
0.06577789038419724
0.024179479107260704
0.05134620890021324
0.13018132746219635
0.07047339528799057
0.06915225833654404
0.09934481233358383
0.10345188528299332
0.08111897855997086
0.07955170422792435
0.020164772868156433
0.06548941880464554
0.018320774659514427
0.09390627592802048
0.03135672211647034
0.028787225484848022
0.02502034418284893
0.021538402885198593
0.010321895591914654
0.05057715252041817
0.04478812962770462
0.02687837928533554
0.030751682817935944
0.057779714465141296
0.03451620787382126
0.08485844731330872
0.0561324767768383
0.0617259182035923
0.022768288850784302
0.015219602733850479
0.022589877247810364
0.025218132883310318
0.006620265543460846
0.04546209052205086
0.10165920108556747
0.03266589716076851
0.02526400424540043
0.05726078152656555
0.0580933578312397
0.08566216379404068
0.028664372861385345
0.0402095764875412
0.0131683349609375
0.03679599240422249
0.026228612288832664
0.06393764913082123
0.014949391596019268
0.021985340863466263
0.01493852399289608
0.015563691966235638
0.05795004218816757
0.03015599399805069
0.02408413030207157
0.05315514653921127
0.047709982842206955
0.036976199597120285
0.01991875283420086
0.0593508780002594
0.019429072737693787
0.012213503941893578
0.04550182819366455
0.03790028393268585
0.011799671687185764
0.01311427541077137
0.06532612442970276
0.05510513111948967
0.012954088859260082
0.020648354664444923
0.05669982731342316
0.01873157173395157
0.004769214428961277
0.032076917588710785
0.019553883001208305
0.019418863579630852
0.014800901524722576
0.03737739101052284
0.11761844903230667
0.18928828835487366
0.03565862029790878
0.02355564758181572
0.02163267321884632
0.03425537794828415
0.02653709053993225
0.0632643923163414
0.03953066095709801
0.052757032215595245
0.016464971005916595
0.0616166852414608
0.035317420959472656
0.12365467846393585
0.014544987119734287
0.068464495241642
0.038247574120759964
0.027309339493513107
0.01243295706808567
0.027353785932064056
0.09857314079999924
0.03944803774356842
0.009054568596184254
0.010387206450104713
0.06122152879834175
0.018247226253151894
0.043976400047540665
0.03081108257174492
0.02011391893029213
0.065096914768219
0.021087072789669037
0.0987006276845932
0.07642529904842377
0.023678798228502274
0.24379077553749084
0.01986796222627163
0.057624224573373795
0.024710625410079956
0.019319213926792145
0.01119866594672203
0.0991777703166008
0.020495682954788208
0.028765246272087097
0.05219997465610504
0.048353131860494614
0.051868587732315063
0.1453363448381424
0.04133257642388344
0.049916256219148636
0.04702838882803917
0.011770795099437237
0.027124609798192978
0.04193287342786789
0.06011084467172623
0.05276987701654434
0.08062446117401123
0.047536253929138184
0.014617428183555603
0.01243608444929123
0.011313097551465034
0.08123984932899475
0.014525733888149261
0.11018000543117523
0.034179817885160446
0.036158762872219086
0.10881517082452774
0.016559259966015816
0.06082215532660484
0.08283582329750061
0.03630430996417999
0.10478653013706207
0.06166623532772064
0.06967892497777939
0.029433175921440125
0.0368986539542675
0.056602947413921356
0.035027094185352325
0.052929818630218506
0.058901719748973846
0.071849025785923
0.028466545045375824
0.07126300781965256
0.050830285996198654
0.04940629005432129
0.03503654524683952
0.1899065375328064
0.009084906429052353
0.018456028774380684
0.07512865215539932
0.026897495612502098
0.020542969927191734
0.01890319213271141
0.13627108931541443
0.08429599553346634
0.05649363994598389
0.09247132390737534
0.07485298067331314
0.051610130816698074
0.015142823569476604
0.025965483859181404
0.02526962384581566
0.022223224863409996
0.014134404249489307
0.10073725134134293
0.09013908356428146
0.029970359057188034
0.07676643878221512
0.09663427621126175
0.027573106810450554
0.058546777814626694
0.06762203574180603
0.08748171478509903
0.0515480563044548
0.036308884620666504
0.04660032317042351
0.015321437269449234
0.06161060929298401
0.019058305770158768
0.030802462249994278
0.06235351040959358
0.07138710469007492
0.08160475641489029
0.026307575404644012
0.029169583693146706
0.10570088028907776
0.048637863248586655
0.08011209964752197
0.02047313190996647
0.06679469347000122
0.01727934740483761
0.049396075308322906
0.022959917783737183
0.06735402345657349
0.022613218054175377
0.02166849747300148
0.03767606243491173
0.005354888271540403
0.19629520177841187
0.038687679916620255
0.034619394689798355
0.014250115491449833
0.020810091868042946
0.14427974820137024
0.0963154211640358
0.003531852038577199
0.056027088314294815
0.018444443121552467
0.12975408136844635
0.059790849685668945
0.12463387846946716
0.011680901050567627
0.17094731330871582
0.1736418753862381
0.014898434281349182
0.05080380663275719
0.10701940208673477
0.06239921227097511
0.014556318521499634
0.05817362293601036
0.03450750559568405
0.019713373854756355
0.15638400614261627
0.029853878542780876
0.04071085900068283
0.05568771809339523
0.02125113643705845
0.1272435337305069
0.008459842763841152
0.06312566995620728
0.009221565909683704
0.06552798300981522
0.051625996828079224
0.09842373430728912
0.06424973160028458
0.05813758820295334
0.06381767988204956
0.033467456698417664
0.04530651122331619
0.027967561036348343
0.0077324179001152515
0.07307975739240646
0.032851442694664
0.024189865216612816
0.11915288865566254
0.10539550334215164
0.04143707454204559
0.03072253055870533
0.017471402883529663
0.21890409290790558
0.017103949561715126
0.1386261284351349
0.02109481394290924
0.1374453455209732
0.0893600657582283
0.04255612567067146
0.01518747117370367
0.06709812581539154
0.09417763352394104
0.05867491662502289
0.0234727431088686
0.16420942544937134
0.04688117653131485
0.17236384749412537
0.05035819858312607
0.017774390056729317
0.02732708305120468
0.09508614987134933
0.006167988758534193
0.017042215913534164
0.052622947841882706
0.019171807914972305
0.02355722151696682
0.020053602755069733
0.03162441402673721
0.03942951560020447
0.057849958539009094
0.03864093869924545
0.052726756781339645
0.08991160243749619
0.04097086563706398
0.08787281066179276
0.03072783164680004
0.0996408611536026
0.10967779904603958
0.0414138063788414
0.04468785598874092
0.0885007232427597
0.012003668583929539
0.028719646856188774
0.03456087037920952
0.048865217715501785
0.014605225995182991
0.054975710809230804
0.05352718010544777
0.02030486986041069
0.025939514860510826
0.017870686948299408
0.02294059656560421
0.008667836897075176
0.05586794763803482
0.007818772457540035
0.026794131845235825
0.038285478949546814
0.13053882122039795
0.09076253324747086
0.047917094081640244
0.053137488663196564
0.19616302847862244
0.017303787171840668
0.0958050861954689
0.12101715058088303
0.005389096215367317
0.006755275186151266
0.021391743794083595
0.10106687992811203
0.12489532679319382
0.01863514818251133
0.021084735170006752
0.016967033967375755
0.023219875991344452
0.01079665869474411
0.026937788352370262
0.0462595671415329
0.018184758722782135
0.0734257772564888
0.06510137021541595
0.08994073420763016
0.016064682975411415
0.17200352251529694
0.08070117235183716
0.029004884883761406
0.060156408697366714
0.08314511924982071
0.09044960141181946
0.012554495595395565
0.0455906018614769
0.02038189209997654
0.09245140850543976
0.11360601335763931
0.13854406774044037
0.05907755717635155
0.008754195645451546
0.010069307871162891
0.04821527376770973
0.11106152832508087
0.04015645757317543
0.09711187332868576
0.057499125599861145
0.013957283459603786
0.07752149552106857
0.04989289119839668
0.04207891970872879
0.03334846720099449
0.23949532210826874
0.04405378922820091
0.01664738729596138
0.09744881093502045
0.15035080909729004
0.06540077924728394
0.09312445670366287
0.0840773731470108
0.038081567734479904
0.015925172716379166
0.12157198041677475
0.07723602652549744
0.05391128361225128
0.018945934250950813
0.03734203428030014
0.042637258768081665
0.07614586502313614
0.02686842530965805
0.04764001443982124
0.040213216096162796
0.022819817066192627
0.03901087865233421
0.042297422885894775
0.00891828816384077
0.0202683936804533
0.07332504540681839
0.06916661560535431
0.0160573348402977
0.03638111427426338
0.019915979355573654
0.07947520911693573
0.030634010210633278
0.07737918943166733
0.057575635612010956
0.012924833223223686
0.15179115533828735
0.018923558294773102
0.0629291832447052
0.17613458633422852
0.054939329624176025
0.09728606790304184
0.04256870597600937
0.051761094480752945
0.02751816250383854
0.03890733793377876
0.0585542730987072
0.010726365260779858
0.055687058717012405
0.0242968387901783
0.11823683977127075
0.04814174771308899
0.017031779512763023
0.04590027406811714
0.036392100155353546
0.014212196692824364
0.10210217535495758
0.011671842075884342
0.014759087935090065
0.03142503276467323
0.09380702674388885
0.03553703427314758
0.0631747618317604
0.06944978982210159
0.03226301446557045
0.025106674060225487
0.026439214125275612
0.06312135607004166
0.0970732644200325
0.047748155891895294
0.04414612799882889
0.02590199187397957
0.09185678511857986
0.05796687677502632
0.06590565294027328
0.02965727634727955
0.01081688143312931
0.036620792001485825
0.06618645787239075
0.04348136484622955
0.060231491923332214
0.04566414654254913
0.03906180337071419
0.04235401004552841
0.07618968933820724
0.01959630474448204
0.07069725543260574
0.01377684623003006
0.04920956864953041
0.054609689861536026
0.008750753477215767
0.09754326939582825
0.012596792541444302
0.020711196586489677
0.019913360476493835
0.019610881805419922
0.07408454269170761
0.010228701867163181
0.015649527311325073
0.08240761607885361
0.013892119750380516
0.05005254969000816
0.021932052448391914
0.016444088891148567
0.014062664471566677
0.01126151904463768
0.11889871209859848
0.15491214394569397
0.02579174004495144
0.030016234144568443
0.04848933592438698
0.03798697516322136
0.0418778695166111
0.008911170065402985
0.04070691391825676
0.06524504721164703
0.06349613517522812
0.1462278813123703
0.008649705909192562
0.008814449422061443
0.029408609494566917
0.030470123514533043
0.08760557323694229
0.03953346982598305
0.010154899209737778
0.018816065043210983
0.10264518111944199
0.044574253261089325
0.018106024712324142
0.03550475835800171
0.011280893348157406
0.0807720422744751
0.017674285918474197
0.062986359000206
0.012150065042078495
0.0225507989525795
0.044173404574394226
0.026542233303189278
0.012426653876900673
0.03965946286916733
0.027721092104911804
0.017611611634492874
0.04688136279582977
0.02413535863161087
0.020504340529441833
0.1973513960838318
0.11335925757884979
0.11076360195875168
0.12795785069465637
0.019907750189304352
0.04365171119570732
0.08867375552654266
0.07749234884977341
0.012782257981598377
0.024001063778996468
0.0674433633685112
0.10510101169347763
0.041320860385894775
0.04171834886074066
0.024377793073654175
0.05606437847018242
0.007601333316415548
0.05904368311166763
0.07388149201869965
0.015394204296171665
0.0659288763999939
0.025004500523209572
0.03667537122964859
0.06606325507164001
0.03942857310175896
0.02991199493408203
0.02185298688709736
0.061441294848918915
0.08941274136304855
0.016228128224611282
0.05625266209244728
0.01693788170814514
0.02769414708018303
0.06732020527124405
0.017443155869841576
0.013453047722578049
0.09796304255723953
0.031337399035692215
0.021786155179142952
0.05614425987005234
0.05099267140030861
0.008669317699968815
0.009872686117887497
0.10788451135158539
0.01887582801282406
0.05979813262820244
0.1333443820476532
0.055651627480983734
0.049094583839178085
0.020339343696832657
0.06137273088097572
0.02545742504298687
0.033108413219451904
0.018632275983691216
0.006867493502795696
0.07413451373577118
0.015099053271114826
0.018779601901769638
0.03380192443728447
0.07632517069578171
0.05901974439620972
0.07586650550365448
0.04765738919377327
0.033567629754543304
0.012077405117452145
0.03317040577530861
0.015213671140372753
0.07694750279188156
0.04265119135379791
0.0438992902636528
0.13121509552001953
0.010251626372337341
0.03325512632727623
0.1407347470521927
0.08616127073764801
0.008083918131887913
0.022495180368423462
0.03177143633365631
0.03324879705905914
0.004141335841268301
0.04567577317357063
0.010687310248613358
0.14942783117294312
0.02711164392530918
0.07370847463607788
0.02516608126461506
0.015197781845927238
0.08176721632480621
0.02104746364057064
0.01583671383559704
0.0643097534775734
0.025108668953180313
0.062448494136333466
0.05828844755887985
0.05760812759399414
0.0682457983493805
0.014568069018423557
0.01854647696018219
0.1075846329331398
0.08161383122205734
0.0869901180267334
0.06029484421014786
0.01235134620219469
0.08098011463880539
0.07763122022151947
0.04853876307606697
0.02788466401398182
0.043492723256349564
0.04710889607667923
0.01487797498703003
0.024162907153367996
0.17594574391841888
0.04310869425535202
0.07155971974134445
0.040423572063446045
0.0077383569441735744
0.039269957691431046
0.01477557048201561
0.04608488827943802
0.012852203100919724
0.016688141971826553
0.021841146051883698
0.015035108663141727
0.028569916263222694
0.0747859925031662
0.04056142643094063
0.08154402673244476
0.052511584013700485
0.05296853557229042
0.058233801275491714
0.05522424355149269
0.14212903380393982
0.038551393896341324
0.038706522434949875
0.05727780610322952
0.18925023078918457
0.05958183482289314
0.03179232403635979
0.03328133001923561
0.011065632104873657
0.02117135003209114
0.02185211144387722
0.03997082635760307
0.08606668561697006
0.020049212500452995
0.13234278559684753
0.054486628621816635
0.006686240900307894
0.011849976144731045
0.05658644437789917
0.014250467531383038
0.02012554183602333
0.02635357715189457
0.014789378270506859
0.003344749566167593
0.0288247037678957
0.03337634727358818
0.0031187175773084164
0.033207569271326065
0.014670050702989101
0.12755271792411804
0.041952211409807205
0.1790042370557785
0.05137239396572113
0.001663698349148035
