12.341968896
12.34419712
12.343361536
12.347277312
12.297273344
12.306530304
12.319408128
12.231196672
12.235063296
12.236242944
12.233375744
12.234735616
12.231376896
12.232736768
12.23327744
12.233179136
12.233179136
12.254445568
12.254445568
12.234375168
12.234375168
12.22770688
12.22770688
12.24269824
12.24269824
12.21451776
12.21451776
12.2064896
12.2064896
12.212748288
12.212748288
12.212748288
12.212748288
12.212748288
12.212748288
12.20452352
12.20452352
12.201705472
12.201705472
12.211863552
12.211863552
12.202196992
12.202196992
12.240519168
12.240519168
12.222169088
12.222169088
12.158042112
12.158042112
12.173131776
12.173131776
12.158255104
12.158255104
12.178112512
12.178112512
12.161499136
12.161499136
12.15848448
12.15848448
12.17052672
12.17052672
12.155568128
12.155568128
12.1540608
12.1540608
12.16012288
12.16012288
12.152045568
12.152045568
12.169609216
12.169609216
12.15176704
12.15176704
12.153307136
12.153307136
12.158976
12.158976
12.152782848
12.152782848
12.169986048
12.169986048
12.1561088
12.1561088
12.152848384
12.152848384
12.165709824
12.165709824
12.152733696
12.152733696
12.152733696
12.152733696
12.155682816
12.155682816
12.152389632
12.152389632
12.152389632
12.152389632
12.152389632
12.152389632
12.176031744
12.176031744
12.155846656
12.155846656
12.152717312
12.152717312
12.169527296
12.169527296
12.154503168
12.154503168
12.152717312
12.152717312
12.15873024
12.15873024
12.15873024
12.15873024
12.204064768
12.204064768
12.186779648
12.186779648
12.164366336
12.164366336
12.164366336
12.164366336
12.169019392
12.169019392
12.18650112
12.18650112
12.172460032
12.172460032
12.169347072
12.169347072
12.181897216
12.181897216
12.168904704
12.168904704
12.188844032
12.188844032
12.173819904
12.173819904
12.169281536
12.169281536
12.1843712
12.1843712
12.169527296
12.169527296
12.193153024
12.193153024
12.174589952
12.174589952
12.169773056
12.169773056
12.169773056
12.169773056
12.169773056
12.169773056
12.16782336
12.16782336
12.189827072
12.189827072
12.182224896
12.182224896
12.199641088
12.199641088
12.185485312
12.185485312
12.178243584
12.178243584
12.18609152
12.18609152
12.175376384
12.175376384
12.194430976
12.194430976
12.176359424
12.176359424
12.170821632
12.170821632
12.188188672
12.188188672
12.173033472
12.173033472
12.195282944
12.195282944
12.176539648
12.176539648
12.173410304
12.173410304
12.188172288
12.188172288
12.189794304
12.189794304
12.189794304
12.189794304
12.189794304
12.189794304
12.17093632
12.17093632
12.18904064
12.18904064
12.172034048
12.172034048
12.173197312
12.173197312
12.177784832
12.177784832
12.1716736
12.1716736
12.189581312
12.189581312
12.175327232
12.175327232
12.172115968
12.172115968
12.185403392
12.185403392
12.172394496
12.172394496
12.192432128
12.192432128
12.175736832
12.175736832
12.11990016
12.11990016
12.11990016
12.11990016
12.11990016
12.11990016
12.143706112
12.143706112
12.123406336
12.123406336
12.123406336
12.123406336
12.123406336
12.123406336
12.119523328
12.119523328
12.118409216
12.118409216
12.124880896
12.124880896
12.124880896
12.124880896
12.137398272
12.137398272
12.121571328
12.121571328
12.119457792
12.119457792
12.128714752
12.128714752
12.120358912
12.120358912
12.137611264
12.137611264
12.12342272
12.12342272
12.120014848
12.120014848
12.132892672
12.132892672
12.139020288
12.139020288
12.15717376
12.15717376
12.124045312
12.124045312
12.119343104
12.119343104
12.134367232
12.134367232
12.119539712
12.119539712
12.14291968
12.14291968
12.12473344
12.12473344
12.119785472
12.119785472
12.137381888
12.137381888
12.120064
12.120064
12.118474752
12.118474752
12.12555264
12.12555264
12.119539712
12.119539712
12.13652992
12.13652992
12.122259456
12.122259456
12.119375872
12.119375872
12.119375872
12.119375872
12.119375872
12.119375872
12.075188224
12.075188224
12.05542912
12.05542912
12.052135936
12.052135936
12.068634624
12.068634624
12.054872064
12.054872064
12.07697408
12.07697408
12.058099712
12.058099712
12.054806528
12.054806528
12.070191104
12.070191104
12.069715968
12.069715968
12.066996224
12.066996224
12.0733696
12.0733696
12.068601856
12.068601856
12.086116352
12.086116352
12.064653312
12.064653312
12.064063488
12.064063488
12.067979264
12.067979264
12.059148288
12.059148288
12.093898752
12.093898752
12.078055424
12.078055424
12.054708224
12.054708224
12.067373056
12.067373056
12.054822912
12.054822912
12.074745856
12.074745856
12.058099712
12.058099712
12.054757376
12.054757376
12.069502976
12.069502976
12.054593536
12.054593536
12.077760512
12.077760512
12.057526272
12.057526272
12.054315008
12.054315008
12.069257216
12.069257216
12.054216704
12.054216704
12.052414464
12.052414464
12.058525696
12.058525696
12.053987328
12.053987328
12.071141376
12.071141376
12.055379968
12.055379968
12.053807104
12.053807104
12.06263808
12.06263808
12.053905408
12.053905408
12.071223296
12.071223296
12.0569856
12.0569856
12.053807104
12.053807104
12.06624256
12.06624256
12.053364736
12.053364736
12.073304064
12.073304064
12.05805056
12.05805056
12.053266432
12.053266432
12.06829056
12.06829056
12.053086208
12.053086208
12.076515328
12.076515328
12.05813248
12.05813248
12.053479424
12.053479424
12.090589184
12.090589184
12.06910976
12.06910976
12.051546112
12.051546112
12.059492352
12.059492352
12.059492352
12.059492352
12.059492352
12.059492352
12.05665792
12.05665792
12.05338112
12.05338112
12.063850496
12.063850496
12.053397504
12.053397504
12.073566208
12.073566208
12.056887296
12.056887296
12.053676032
12.053676032
12.068634624
12.068634624
12.053692416
12.053692416
12.073549824
12.073549824
12.057001984
12.057001984
12.053725184
12.053725184
12.068651008
12.068651008
12.05379072
12.05379072
12.052217856
12.052217856
12.058116096
12.058116096
12.053364736
12.053364736
12.070715392
12.070715392
12.053282816
12.053282816
12.054708224
12.054708224
12.059262976
12.059262976
12.053610496
12.053610496
12.176457728
12.176457728
12.162023424
12.162023424
12.158910464
12.158910464
12.171624448
12.171624448
12.171624448
12.171624448
12.171624448
12.171624448
12.157042688
12.157042688
12.152307712
12.152307712
12.166086656
12.166086656
12.167528448
12.167528448
12.174917632
12.174917632
12.10851328
12.10851328
12.105220096
12.105220096
12.120539136
12.120539136
12.105203712
12.105203712
12.103581696
12.103581696
12.109840384
12.109840384
12.105203712
12.105203712
12.123062272
12.123062272
12.107595776
12.107595776
12.105826304
12.105826304
12.105826304
12.105826304
12.105793536
12.105793536
12.12547072
12.12547072
12.109037568
12.109037568
12.10580992
12.10580992
12.118310912
12.118310912
12.105842688
12.105842688
12.12555264
12.12555264
12.110544896
12.110544896
12.105744384
12.105744384
12.120424448
12.120424448
12.105728
12.105728
12.12923904
12.12923904
12.110610432
12.110610432
12.10589184
12.10589184
12.123291648
12.123291648
12.1061376
12.1061376
12.104515584
12.104515584
12.11244544
12.11244544
12.106366976
12.106366976
12.106366976
12.106366976
12.109217792
12.109217792
12.105940992
12.105940992
12.116525056
12.116525056
12.124438528
12.124438528
12.143149056
12.143149056
12.107382784
12.107382784
12.104843264
12.104843264
12.120276992
12.120276992
12.105252864
12.105252864
12.127485952
12.127485952
12.127485952
12.127485952
12.127485952
12.127485952
12.119851008
12.119851008
12.104777728
12.104777728
12.103155712
12.103155712
12.10957824
12.10957824
12.104925184
12.104925184
12.122406912
12.122406912
12.105039872
12.105039872
12.106334208
12.106334208
12.111167488
12.111167488
12.10507264
12.10507264
12.122456064
12.122456064
12.122456064
12.122456064
12.1184256
12.1184256
12.130320384
12.130320384
12.117917696
12.117917696
12.138135552
12.138135552
12.118065152
12.118065152
12.11326464
12.11326464
12.126748672
12.126748672
12.110413824
12.110413824
12.130287616
12.130287616
12.109053952
12.109053952
12.105383936
12.105383936
12.120014848
12.120014848
12.105416704
12.105416704
12.10384384
12.10384384
12.11031552
12.11031552
12.11031552
12.11031552
12.14070784
12.14070784
12.123652096
12.123652096
12.1049088
12.1049088
12.114214912
12.114214912
12.105007104
12.105007104
12.122456064
12.122456064
12.108283904
12.108283904
12.105285632
12.105285632
12.1184256
12.1184256
12.105728
12.105728
12.105728
12.105728
12.105728
12.105728
12.105744384
12.105744384
12.120850432
12.120850432
12.105695232
12.105695232
12.1290752
12.1290752
12.110004224
12.110004224
12.10507264
12.10507264
12.122996736
12.122996736
12.122996736
12.122996736
12.103909376
12.103909376
12.111511552
12.111511552
12.105252864
12.105252864
12.122734592
12.122734592
12.108562432
12.108562432
12.105383936
12.105383936
12.115755008
12.115755008
12.105596928
12.105596928
12.125683712
12.125683712
12.108857344
12.108857344
12.105744384
12.105744384
12.105744384
12.105744384
12.105465856
12.105465856
12.127617024
12.127617024
12.109103104
12.109103104
12.106088448
12.106088448
12.121309184
12.121309184
12.123308032
12.123308032
12.1028608
12.1028608
12.109479936
12.109479936
12.105121792
12.105121792
12.122636288
12.122636288
12.105187328
12.105187328
12.105187328
12.105187328
12.11170816
12.11170816
12.105580544
12.105580544
12.122734592
12.122734592
12.108709888
12.108709888
12.105596928
12.105596928
12.118032384
12.118032384
12.105203712
12.105203712
12.124930048
12.124930048
12.10851328
12.10851328
12.105138176
12.105138176
12.120195072
12.120195072
12.105105408
12.105105408
12.128763904
12.128763904
12.10834944
12.10834944
12.105285632
12.105285632
12.120211456
12.120211456
12.10507264
12.10507264
12.10343424
12.10343424
12.10974208
12.10974208
12.10974208
12.10974208
12.1257984
12.1257984
12.110462976
12.110462976
12.108660736
12.108660736
12.117475328
12.117475328
12.109053952
12.109053952
12.126584832
12.126584832
12.112216064
12.112216064
12.10925056
12.10925056
12.12194816
12.12194816
12.127223808
12.127223808
12.127223808
12.127223808
12.127223808
12.127223808
12.107546624
12.107546624
12.12301312
12.12301312
12.108136448
12.108136448
12.131713024
12.131713024
12.113084416
12.113084416
12.108201984
12.108201984
12.125929472
12.125929472
12.108660736
12.108660736
12.106694656
12.106694656
12.114427904
12.114427904
12.108578816
12.108578816
12.12604416
12.12604416
12.111773696
12.111773696
12.109021184
12.109021184
12.11940864
12.11940864
12.109512704
12.109512704
12.129452032
12.129452032
12.112707584
12.112707584
12.109643776
12.109643776
12.124618752
12.124618752
12.1094144
12.1094144
12.1319424
12.1319424
12.113117184
12.113117184
12.110135296
12.110135296
12.125356032
12.125356032
12.110774272
12.110774272
12.124864512
12.124864512
12.147310592
12.147310592
12.126978048
12.126978048
12.115001344
12.115001344
12.109643776
12.109643776
12.12178432
12.12178432
12.107300864
12.107300864
12.127076352
12.127076352
12.122963968
12.122963968
12.122963968
12.122963968
12.110987264
12.110987264
12.10482688
12.10482688
12.121194496
12.121194496
12.104794112
12.104794112
12.079120384
12.079120384
12.055166976
12.055166976
12.051398656
12.051398656
12.058771456
12.058771456
12.050694144
12.050694144
12.069126144
12.069126144
12.069126144
12.069126144
12.069126144
12.069126144
12.05444608
12.05444608
12.049629184
12.049629184
12.063571968
12.063571968
12.04944896
12.04944896
12.068913152
12.068913152
12.049186816
12.049186816
12.047466496
12.047466496
12.047466496
12.047466496
12.048809984
12.048809984
12.064948224
12.064948224
12.048384
12.048384
12.070240256
12.070240256
12.05108736
12.05108736
12.048973824
12.048973824
12.054839296
12.054839296
12.047171584
12.047171584
12.065882112
12.065882112
12.047269888
12.047269888
12.079300608
12.079300608
12.050300928
12.050300928
12.046712832
12.046712832
12.058230784
12.058230784
12.046467072
12.046467072
12.0643584
12.0643584
12.0467456
12.0467456
12.09950208
12.09950208
12.06657024
12.06657024
12.0451072
12.0451072
12.061376512
12.061376512
12.044730368
12.044730368
12.053528576
12.053528576
12.053528576
12.044500992
12.044500992
