54.08
65.39
64.57
63.41
70.43
67.00
68.80
64.83
64.07
63.99
63.22
63.45
64.43
63.98
63.36
62.35
62.35
27.96
27.96
19.08
19.08
17.74
17.74
19.30
19.30
24.68
24.68
20.27
20.27
19.68
19.68
17.71
17.71
19.88
19.88
20.71
20.71
18.89
18.89
20.82
20.82
19.96
19.96
25.80
25.80
20.35
20.35
18.84
18.84
18.93
18.93
19.34
19.34
17.59
17.59
19.31
19.31
19.75
19.75
20.80
20.80
18.45
18.45
19.47
19.47
18.37
18.37
18.78
18.78
19.65
19.65
18.09
18.09
19.29
19.29
22.80
22.80
19.56
19.56
18.98
18.98
17.49
17.49
19.06
19.06
19.52
19.52
18.93
18.93
16.77
16.77
19.94
19.94
18.34
18.34
19.15
19.15
17.86
17.86
19.13
19.13
18.40
18.40
18.78
18.78
18.72
18.72
18.66
18.66
19.39
19.39
18.78
18.78
29.76
29.76
25.31
25.31
20.22
20.22
20.76
20.76
22.21
22.21
20.24
20.24
18.08
18.08
19.66
19.66
19.38
19.38
17.78
17.78
18.99
18.99
19.53
19.53
17.69
17.69
17.25
17.25
20.44
20.44
18.20
18.20
19.11
19.11
17.40
17.40
19.03
19.03
17.38
17.38
18.53
18.53
17.66
17.66
20.64
20.64
19.01
19.01
18.52
18.52
18.28
18.28
18.39
18.39
19.44
19.44
18.52
18.52
17.34
17.34
18.80
18.80
19.86
19.86
20.41
20.41
17.86
17.86
19.25
19.25
18.98
18.98
19.38
19.38
17.84
17.84
28.96
28.96
19.02
19.02
19.84
19.84
20.01
20.01
17.70
17.70
18.86
18.86
18.80
18.80
19.97
19.97
18.95
18.95
17.15
17.15
19.68
19.68
19.02
19.02
17.86
17.86
20.36
20.36
18.27
18.27
18.34
18.34
18.27
18.27
18.34
18.34
19.83
19.83
18.13
18.13
19.99
19.99
19.05
19.05
17.88
17.88
18.24
18.24
19.13
19.13
18.09
18.09
19.12
19.12
19.50
19.50
18.33
18.33
18.34
18.34
17.89
17.89
19.01
19.01
17.75
17.75
17.10
17.10
19.89
19.89
18.77
18.77
23.42
23.42
19.12
19.12
19.41
19.41
18.69
18.69
19.98
19.98
17.15
17.15
19.10
19.10
19.20
19.20
19.38
19.38
19.80
19.80
17.66
17.66
18.80
18.80
18.57
18.57
19.68
19.68
18.10
18.10
18.90
18.90
18.55
18.55
17.80
17.80
20.39
20.39
18.92
18.92
18.39
18.39
18.95
18.95
25.62
25.62
26.61
26.61
19.97
19.97
18.21
18.21
20.84
20.84
20.72
20.72
20.74
20.74
18.20
18.20
19.61
19.61
19.18
19.18
18.35
18.35
18.20
18.20
18.88
18.88
19.38
19.38
18.84
18.84
23.68
23.68
18.39
18.39
19.93
19.93
17.79
17.79
18.80
18.80
17.73
17.73
19.42
19.42
17.99
17.99
19.46
19.46
18.98
18.98
18.50
18.50
18.67
18.67
17.73
17.73
19.38
19.38
17.61
17.61
18.98
18.98
18.76
18.76
18.49
18.49
18.35
18.35
18.78
18.78
18.80
18.80
19.32
19.32
17.76
17.76
18.92
18.92
19.25
19.25
17.70
17.70
18.54
18.54
19.05
19.05
19.58
19.58
17.43
17.43
18.55
18.55
18.35
18.35
19.11
19.11
18.24
18.24
18.80
18.80
18.93
18.93
24.96
24.96
20.26
20.26
19.78
19.78
17.62
17.62
19.74
19.74
17.28
17.28
19.87
19.87
18.75
18.75
18.93
18.93
20.15
20.15
17.22
17.22
18.65
18.65
18.31
18.31
17.95
17.95
18.82
18.82
18.54
18.54
19.21
19.21
17.70
17.70
19.76
19.76
17.46
17.46
19.28
19.28
17.29
17.29
19.91
19.91
17.96
17.96
18.61
18.61
19.30
19.30
18.93
18.93
18.54
18.54
19.15
19.15
18.64
18.64
18.04
18.04
18.19
18.19
19.75
19.75
18.07
18.07
18.53
18.53
18.23
18.23
19.51
19.51
24.26
24.26
18.64
18.64
20.61
20.61
17.91
17.91
19.08
19.08
17.50
17.50
19.90
19.90
17.79
17.79
19.98
19.98
24.80
24.80
19.85
19.85
19.81
19.81
17.84
17.84
20.59
20.59
19.60
19.60
18.50
18.50
18.11
18.11
18.82
18.82
18.45
18.45
19.33
19.33
18.25
18.25
17.69
17.69
20.34
20.34
18.79
18.79
18.22
18.22
20.04
20.04
17.34
17.34
18.87
18.87
23.24
23.24
18.53
18.53
18.72
18.72
19.69
19.69
18.34
18.34
18.70
18.70
18.92
18.92
18.51
18.51
22.82
22.82
19.97
19.97
19.61
19.61
17.38
17.38
19.93
19.93
19.24
19.24
17.07
17.07
19.06
19.06
19.48
19.48
16.92
16.92
19.04
19.04
19.80
19.80
18.12
18.12
18.32
18.32
19.08
19.08
18.62
18.62
18.04
18.04
18.88
18.88
20.34
20.34
16.07
16.07
19.21
19.21
19.63
19.63
18.06
18.06
19.61
19.61
18.24
18.24
18.34
18.34
19.08
19.08
18.29
18.29
18.65
18.65
19.05
19.05
17.54
17.54
19.32
19.32
17.96
17.96
17.76
17.76
18.96
18.96
18.72
18.72
18.45
18.45
25.52
25.52
19.16
19.16
18.06
18.06
19.22
19.22
18.75
18.75
17.86
17.86
19.89
19.89
19.20
19.20
18.48
18.48
19.23
19.23
19.11
19.11
18.80
18.80
18.44
18.44
19.42
19.42
18.58
18.58
18.32
18.32
19.10
19.10
18.92
18.92
18.52
18.52
19.35
19.35
18.80
18.80
18.79
18.79
19.07
19.07
19.25
19.25
18.78
18.78
18.80
18.80
16.47
16.47
20.40
20.40
19.20
19.20
18.36
18.36
17.88
17.88
18.36
18.36
18.27
18.27
18.48
18.48
19.41
19.41
19.46
19.46
18.90
18.90
23.70
23.70
18.60
18.60
19.58
19.58
17.55
17.55
17.78
17.78
17.98
17.98
20.53
20.53
16.93
16.93
20.00
20.00
19.82
19.82
18.77
18.77
19.18
19.18
17.45
17.45
18.27
18.27
19.41
19.41
17.61
17.61
18.33
18.33
18.83
18.83
18.34
18.34
19.23
19.23
18.07
18.07
17.98
17.98
19.87
19.87
17.98
17.98
20.85
20.85
19.18
19.18
18.55
18.55
20.98
20.98
16.95
16.95
21.16
21.16
16.60
16.60
21.03
21.03
17.91
17.91
18.77
18.77
18.19
18.19
18.24
18.24
23.56
23.56
18.87
18.87
19.38
19.38
20.88
20.88
18.47
18.47
20.32
20.32
19.79
19.79
20.32
20.32
19.96
19.96
20.89
20.89
21.04
21.04
19.64
19.64
19.61
19.61
20.80
20.80
21.84
21.84
21.90
21.90
24.55
24.55
21.34
21.34
26.74
26.74
21.03
21.03
21.30
21.30
23.07
23.07
20.17
20.17
22.12
22.12
21.03
21.03
21.59
21.59
22.71
22.71
18.42
18.42
20.90
20.90
17.10
17.10
18.61
18.61
12.86
12.86
12.62
12.62
9.17
9.17
9.60
9.60
9.65
9.65
9.47
9.47
20.79
20.79
9.89
9.89
11.35
11.35
10.17
10.17
8.79
8.79
10.23
10.23
12.58
12.58
9.87
9.87
11.37
11.37
8.67
8.67
10.58
10.58
9.43
9.43
9.60
9.60
10.25
10.25
10.33
10.33
7.71
7.71
11.10
11.10
9.40
9.40
9.13
9.13
13.65
13.65
10.55
10.55
10.15
10.15
9.83
9.83
10.55
10.55
9.19
9.19
8.07
8.07
10.77
10.77
9.77
9.77
9.38
9.38
10.62
10.62
10.93
10.93
9.87
9.87
10.79
10.79
10.40
10.40
9.87
9.87
8.98
8.98
10.97
10.97
12.95
12.95
10.21
10.21
15.59
15.59
11.61
11.61
10.55
10.55
9.65
9.65
8.73
8.73
11.40
11.40
11.40
12.76
12.76
