0.09325481206178665
0.08293971419334412
0.0524149127304554
0.05616004765033722
0.08432886004447937
0.023800991475582123
0.08354943245649338
0.0682896301150322
0.019262271001935005
0.09117653220891953
0.06575904786586761
0.08418434858322144
0.11530444025993347
0.07553166896104813
0.14543238282203674
0.08493492007255554
0.02891978994011879
0.09777265787124634
0.06279397010803223
0.15847563743591309
0.09159108251333237
0.04758717492222786
0.1184314489364624
0.12184415012598038
0.08059313148260117
0.09258084744215012
0.03904297202825546
0.1702674776315689
0.0604700967669487
0.2141657918691635
0.055100198835134506
0.037063002586364746
0.12984202802181244
0.14650027453899384
0.026077229529619217
0.061837393790483475
0.19708746671676636
0.05956393480300903
0.042826488614082336
0.09208837896585464
0.1474531888961792
0.09330502152442932
0.0440412200987339
0.05553222447633743
0.07591131329536438
0.05284973978996277
0.14573004841804504
0.03055659309029579
0.08892053365707397
0.09249480068683624
0.04209918528795242
0.19994913041591644
0.054620541632175446
0.04556126892566681
0.030463777482509613
0.06400559097528458
0.04400431737303734
0.08503678441047668
0.03666045889258385
0.06270130723714828
0.07513535767793655
0.08577112853527069
0.13190996646881104
0.044577181339263916
0.051103949546813965
0.054642777889966965
0.21081218123435974
0.08177720010280609
0.16245673596858978
0.06413546949625015
0.1471559703350067
0.12103374302387238
0.12848658859729767
0.07733458280563354
0.09829343110322952
0.0950000211596489
0.17310731112957
0.05179391801357269
0.1604098379611969
0.14824648201465607
0.03603360801935196
0.022596605122089386
0.1344316452741623
0.11790408194065094
0.05285355821251869
0.03203117847442627
0.024860147386789322
0.10328488051891327
0.05556204915046692
0.13317449390888214
0.03546589985489845
0.08682391792535782
0.057786863297224045
0.0593881718814373
0.16421189904212952
0.0946706235408783
0.134652242064476
0.09509121626615524
0.20020584762096405
0.04674539342522621
0.10057149827480316
0.09189121425151825
0.10117335617542267
0.03027469664812088
0.06405356526374817
0.0731867328286171
0.03992364928126335
0.04136717692017555
0.06402952969074249
0.07274944335222244
0.06743455678224564
0.1339450627565384
0.04138627275824547
0.06180845946073532
0.20323233306407928
0.1666647046804428
0.11992451548576355
0.12567786872386932
0.1068098247051239
0.022693512961268425
0.04204139485955238
0.03648509830236435
0.06658941507339478
0.04925926774740219
0.10082092881202698
0.07274235039949417
0.18264105916023254
0.06960631161928177
0.06617867201566696
0.05664196237921715
0.03609296306967735
0.029460258781909943
0.07422707229852676
0.06618741154670715
0.05653507262468338
0.046234194189310074
0.03123404085636139
0.09055229276418686
0.20889204740524292
0.05160953104496002
0.01905222237110138
0.11473562568426132
0.13393136858940125
0.09858942031860352
0.0565001480281353
0.034452907741069794
0.1132429987192154
0.03739817440509796
0.07080534100532532
0.07526779174804688
0.08891884982585907
0.043878067284822464
0.10369721800088882
0.02291938289999962
0.06579340249300003
0.11199246346950531
0.013616278767585754
0.2865879237651825
0.031193673610687256
0.07903425395488739
0.07493101805448532
0.06893068552017212
0.07518497854471207
0.048048652708530426
0.09930907189846039
0.0663217082619667
0.15867914259433746
0.030871067196130753
0.042710110545158386
0.13391445577144623
0.037257615476846695
0.09295641630887985
0.04287764057517052
0.20828329026699066
0.021117251366376877
0.05349470302462578
0.12111113965511322
0.03129340335726738
0.06064615771174431
0.07437269389629364
0.03647414967417717
0.06910239160060883
0.09099487960338593
0.06035717576742172
0.03835440054535866
0.031170224770903587
0.055828582495450974
0.0382719412446022
0.03479864075779915
0.11170089244842529
0.17966443300247192
0.030659204348921776
0.07386519759893417
0.13478492200374603
0.07305917888879776
0.0349770113825798
0.21141207218170166
0.04185228794813156
0.034449268132448196
0.05147453397512436
0.025258854031562805
0.07030587643384933
0.13121259212493896
0.15751710534095764
0.04551490396261215
0.09611169248819351
0.14094887673854828
0.05948711559176445
0.054155394434928894
0.09601446986198425
0.047074511647224426
0.18549734354019165
0.057737402617931366
0.044939521700143814
0.0398280993103981
0.06266595423221588
0.040977343916893005
0.042116738855838776
0.08919372409582138
0.06397856771945953
0.26323172450065613
0.06642445921897888
0.02265474759042263
0.07645060122013092
0.06326162815093994
0.15428918600082397
0.08355259895324707
0.06692394614219666
0.19547048211097717
0.08895545452833176
0.03439566120505333
0.05676854029297829
0.07538356631994247
0.19709940254688263
0.10346529632806778
0.05615878105163574
0.079897940158844
0.06180248036980629
0.1460331529378891
0.14047235250473022
0.047744542360305786
0.07558120042085648
0.11391915380954742
0.03586390241980553
0.08874848484992981
0.03867706283926964
0.09000921994447708
0.10568436980247498
0.12482547014951706
0.08087017387151718
0.1208333894610405
0.03611175715923309
0.019856981933116913
0.027859387919306755
0.035095568746328354
0.032197825610637665
0.07343675941228867
0.10994686186313629
0.05042159557342529
0.1698605865240097
0.08586426824331284
0.06182689219713211
0.11580584943294525
0.04006950557231903
0.038489751517772675
0.06551120430231094
0.06385548412799835
0.038276199251413345
0.03075239434838295
0.019435951486229897
0.21663103997707367
0.038127362728118896
0.0369873121380806
0.09255950152873993
0.06897154450416565
0.20538581907749176
0.036463938653469086
0.09637385606765747
0.08188353478908539
0.06274072825908661
0.06600538641214371
0.04237550124526024
0.04822675511240959
0.024033360183238983
0.06712127476930618
0.08928222209215164
0.05435873940587044
0.029400015249848366
0.042108204215765
0.09429957717657089
0.07638084888458252
0.037449128925800323
0.05974248796701431
0.17651742696762085
0.05710695683956146
0.02311745285987854
0.10870611667633057
0.0670967549085617
0.08647900819778442
0.052038099616765976
0.10948503017425537
0.06449556350708008
0.08515916019678116
0.03838421776890755
0.07902003824710846
0.024943755939602852
0.04590800032019615
0.05109246075153351
0.04038390889763832
0.03879135102033615
0.08110979199409485
0.109922856092453
0.1441780924797058
0.04389723017811775
0.07363355904817581
0.09185908734798431
0.16153135895729065
0.04198547825217247
0.04354417324066162
0.1370268613100052
0.06974340975284576
0.07962235808372498
0.048425834625959396
0.1046576201915741
0.09067990630865097
0.05998372659087181
0.08460799604654312
0.09514988958835602
0.0767497643828392
0.07930581271648407
0.22481422126293182
0.04848692938685417
0.03909847140312195
0.03805306926369667
0.05289352312684059
0.026421107351779938
0.11467187106609344
0.038477614521980286
0.0074397805146873
0.13285353779792786
0.04574024677276611
0.027883639559149742
0.03164266049861908
0.0489138625562191
0.0787878930568695
0.16722935438156128
0.06917589157819748
0.008886286988854408
0.08578237891197205
0.08092732727527618
0.06786950677633286
0.061065059155225754
0.09836040437221527
0.05378464609384537
0.12481117248535156
0.11005779355764389
0.031203683465719223
0.03707263618707657
0.21437126398086548
0.03897618129849434
0.08930448442697525
0.08004692196846008
0.04833057522773743
0.018264316022396088
0.19616486132144928
0.04593221843242645
0.11547461897134781
0.12761954963207245
0.032177917659282684
0.10449349135160446
0.09890688210725784
0.02603468857705593
0.13446222245693207
0.017897605895996094
0.030787160620093346
0.10707207769155502
0.06101777404546738
0.06643091887235641
0.03155959025025368
0.13466058671474457
0.05606351047754288
0.04326803609728813
0.0879731997847557
0.10923264920711517
0.04293098673224449
0.07494476437568665
0.020539408549666405
0.1281253844499588
0.06049862876534462
0.055561747401952744
0.030239790678024292
0.08328638225793839
0.13937163352966309
0.10589934140443802
0.06261271238327026
0.13749516010284424
0.09956119954586029
0.12193246930837631
0.037045594304800034
0.07659350335597992
0.04860571399331093
0.12131384015083313
0.08459228277206421
0.14834241569042206
0.04850531741976738
0.02231639064848423
0.06384988874197006
0.03784254938364029
0.0731523409485817
0.08348273485898972
0.08607183396816254
0.08067996799945831
0.21237191557884216
0.10112621635198593
0.06300078332424164
0.0675438642501831
0.05811311677098274
0.06893022358417511
0.10753623396158218
0.05198337137699127
0.03303273767232895
0.07526449859142303
0.06649625301361084
0.04254458472132683
0.04558667913079262
0.22270344197750092
0.01062813214957714
0.09171150624752045
0.0732463151216507
0.042044222354888916
0.12971673905849457
0.0298771895468235
0.026993760839104652
0.03591770678758621
0.056270062923431396
0.07704507559537888
0.04988715052604675
0.14354000985622406
0.06355096399784088
0.11288423091173172
0.05299333855509758
0.022718066349625587
0.1837659776210785
0.022538254037499428
0.1348116099834442
0.09258967638015747
0.1445026993751526
0.08102494478225708
0.045415375381708145
0.032919496297836304
0.06281042844057083
0.1356026530265808
0.06901675462722778
0.031869541853666306
0.022233137860894203
0.04471435397863388
0.04869147017598152
0.051300421357154846
0.08329766243696213
0.0983293429017067
0.07569070160388947
0.3656685948371887
0.06575480848550797
0.10268925875425339
0.09340756386518478
0.0148653294891119
0.07036952674388885
0.03219517692923546
0.02896229736506939
0.10573488473892212
0.029130449518561363
0.037948645651340485
0.24870498478412628
0.03949074447154999
0.052981600165367126
0.028321348130702972
0.05817282199859619
0.0706590935587883
0.034338220953941345
0.13186250627040863
0.08860396593809128
0.198569655418396
0.06421800702810287
0.0471600741147995
0.08325925469398499
0.027321286499500275
0.05635075643658638
0.03519686311483383
0.028510576114058495
0.05324913188815117
0.14568771421909332
0.01710592955350876
0.18667085468769073
0.06730856746435165
0.008080250583589077
0.046605173498392105
0.0725281611084938
0.03056345134973526
0.0929340273141861
0.13455389440059662
0.04826948046684265
0.0308045856654644
0.03713299334049225
0.1458025425672531
0.04101448878645897
0.0916094183921814
0.06886925548315048
0.08192775398492813
0.006312293000519276
0.1197601705789566
0.039043448865413666
0.13153983652591705
0.059012096375226974
0.03200135380029678
0.07810181379318237
0.1973586529493332
0.22152504324913025
0.019498733803629875
0.10093246400356293
0.1362784057855606
0.04584183543920517
0.021613603457808495
0.03714027628302574
0.12800174951553345
0.07895229756832123
0.045009683817625046
0.0938514694571495
0.10156851261854172
0.12293531745672226
0.07713858783245087
0.208257257938385
0.02430081181228161
0.18215058743953705
0.0881744772195816
0.037110231816768646
0.04866243153810501
0.09573203325271606
0.016354845836758614
0.06307992339134216
0.0432986356317997
0.09494905173778534
0.14356066286563873
0.20164240896701813
0.08274315297603607
0.11339302361011505
0.12644585967063904
0.04409344866871834
0.03287932276725769
0.10949213057756424
0.0221425648778677
0.04909271374344826
0.03761851042509079
0.14733538031578064
0.06558962166309357
0.03131537139415741
0.09089495986700058
0.06335613131523132
0.10713902115821838
0.09181275963783264
0.14875364303588867
0.044480256736278534
0.055528055876493454
0.04659399017691612
0.019378717988729477
0.08098714798688889
0.08643672615289688
0.07641543447971344
0.021479224786162376
0.06486775726079941
0.03670692443847656
0.0329522043466568
0.06454568356275558
0.03325677290558815
0.07241736352443695
0.017444804310798645
0.09824525564908981
0.01292890589684248
0.07619040459394455
0.12836675345897675
0.11488287150859833
0.09498623013496399
0.07087504863739014
0.04968150332570076
0.06880578398704529
0.04266439750790596
0.05945300683379173
0.07416598498821259
0.08281778544187546
0.021034665405750275
0.03868863359093666
0.02353476546704769
0.044402264058589935
0.05049353837966919
0.05525337532162666
0.02933310717344284
0.07417672872543335
0.05481809750199318
0.0727345421910286
0.07966576516628265
0.10246709734201431
0.1108040139079094
0.03445464372634888
0.017099635675549507
0.03452826291322708
0.08258056640625
0.05969531461596489
0.17132028937339783
0.1614033281803131
0.08895928412675858
0.1430475413799286
0.023756852373480797
0.0632978081703186
0.10560470819473267
0.037778355181217194
0.06790263950824738
0.03761664032936096
0.11046065390110016
0.08590010553598404
0.11868971586227417
0.06758852303028107
0.03648349270224571
0.07636289298534393
0.013148355297744274
0.07772284001111984
0.02982637658715248
0.04370082542300224
0.06260474771261215
0.05412782356142998
0.08021468669176102
0.029694605618715286
0.07638651132583618
0.024318616837263107
0.05940230190753937
0.04722076654434204
0.08947081118822098
0.03324412927031517
0.1527523547410965
0.09724126756191254
0.1579778790473938
0.12412190437316895
0.02817661128938198
0.10695338994264603
0.07532458007335663
0.03988458588719368
0.07387994974851608
0.02861347422003746
0.036088727414608
0.07841771841049194
0.15511943399906158
0.15159949660301208
0.07609691470861435
0.04421352595090866
0.039766840636730194
0.16374431550502777
0.11084297299385071
0.0966997966170311
0.06027895584702492
0.0655057355761528
0.183145672082901
0.04689539223909378
0.03834358602762222
0.08516687154769897
0.05831453576683998
0.03276908025145531
0.047536976635456085
0.15720656514167786
0.03286344185471535
0.12777893245220184
0.11106261610984802
0.027982095256447792
0.02181689254939556
0.13074401021003723
0.06705067306756973
0.06638310104608536
0.01924476958811283
0.06281180679798126
0.09548075497150421
0.05384599044919014
0.07157747447490692
0.015366923995316029
0.017143910750746727
0.17924609780311584
0.017559530213475227
0.02578148990869522
0.08316996693611145
0.13080261647701263
0.03608841449022293
0.011688655242323875
0.052593380212783813
0.11321543902158737
0.09615951776504517
0.025906752794981003
0.10372642427682877
0.12845052778720856
0.11917827278375626
0.05859695002436638
0.06315996497869492
0.05023934692144394
0.11557511985301971
0.052152831107378006
0.09437740594148636
0.08831843733787537
0.1176145151257515
0.033946361392736435
0.028017837554216385
0.012937265448272228
0.05584400147199631
0.040386248379945755
0.05410008504986763
0.10780584812164307
0.04108704999089241
0.052957139909267426
0.07205017656087875
0.14684660732746124
0.015301750972867012
0.03781909495592117
0.047007277607917786
0.01458637323230505
0.05099937692284584
0.0844990536570549
0.015778370201587677
0.05914168432354927
0.008537841960787773
0.0420076921582222
0.0620562918484211
0.047547269612550735
0.062411412596702576
0.10022172331809998
0.025458790361881256
0.0785464271903038
0.06132610887289047
0.09107086807489395
0.06119002774357796
0.050384972244501114
0.03143129125237465
0.022264985367655754
0.015422115102410316
0.035844992846250534
0.06084061786532402
0.09506680816411972
0.12967514991760254
0.03419651463627815
0.05888226628303528
0.017891157418489456
0.01906491629779339
0.032488781958818436
0.011686128564178944
0.012804672122001648
0.05203738063573837
0.07531557977199554
0.06737153977155685
0.11248110979795456
0.050629872828722
0.035240866243839264
0.11460200697183609
0.04800746217370033
0.09942476451396942
0.04072905331850052
0.0794675201177597
0.016265230253338814
0.0633929967880249
0.027346614748239517
0.025356639176607132
0.07728437334299088
0.038600970059633255
0.03734830021858215
0.0191199854016304
0.036434657871723175
0.15681985020637512
0.0582280196249485
0.04226312041282654
0.026451293379068375
0.018720943480730057
0.023792853578925133
0.03609027341008186
0.08791051059961319
0.04640951007604599
0.0795603021979332
0.08284131437540054
0.07004399597644806
0.03359612822532654
0.021140269935131073
0.11117853224277496
0.021592603996396065
0.039498403668403625
0.0682101920247078
0.06037977337837219
0.04419831186532974
0.02788369730114937
0.020525481551885605
0.14373277127742767
0.054624043405056
0.05252249911427498
0.11417202651500702
0.014305543154478073
0.08260165899991989
0.0229934174567461
0.027924692258238792
0.10412132740020752
0.05187012255191803
0.07671976089477539
0.06052462011575699
0.030397921800613403
0.08632846921682358
0.05322517082095146
0.13869361579418182
0.13536633551120758
0.01982908509671688
0.05741205811500549
0.0806603953242302
0.1480051726102829
0.08551380038261414
0.06733803451061249
0.07224150747060776
0.03474734351038933
0.06291672587394714
0.05790141597390175
0.025032127276062965
0.053640302270650864
0.026154719293117523
0.07937897741794586
0.04207981750369072
0.0987701565027237
0.10746897011995316
0.20123980939388275
0.109408438205719
0.1253836303949356
0.03137302026152611
0.11276332288980484
0.028478018939495087
0.07503251731395721
0.05162477865815163
0.075047068297863
0.03229344263672829
0.0444965660572052
0.041856613010168076
0.10553564876317978
0.016398685052990913
0.03816739842295647
0.08839704841375351
0.04811129346489906
0.03459269925951958
0.06739423424005508
0.040098629891872406
0.040489211678504944
0.06162271276116371
0.0418231375515461
0.031683530658483505
0.03182586655020714
0.012803812511265278
0.03596831113100052
0.06235876306891441
0.033762283623218536
0.07992485910654068
0.025347081944346428
0.019538050517439842
0.016583694145083427
0.018288617953658104
0.008172783069312572
0.049893759191036224
0.08465324342250824
0.06774943321943283
0.014353400096297264
0.05191705375909805
0.02401542477309704
0.08545058965682983
0.04404691234230995
0.045499615371227264
0.043219197541475296
0.06927845627069473
0.06591001898050308
0.02130589261651039
0.03803730010986328
0.012920207343995571
0.10576281696557999
0.0983809307217598
0.06063143536448479
0.06565593183040619
0.04515070095658302
0.0516318678855896
0.06215127184987068
0.05703427270054817
0.06255686283111572
0.09116563946008682
0.10109283030033112
0.05619710311293602
0.16213443875312805
0.025952491909265518
0.03922176733613014
0.029635827988386154
0.02208666503429413
0.019342295825481415
0.07418278604745865
0.07686272263526917
0.050632938742637634
0.11670076847076416
0.09130683541297913
0.039849091321229935
0.08741085976362228
0.03630002588033676
0.0941193625330925
0.18808384239673615
0.1722339689731598
0.015305997803807259
0.08108055591583252
0.0852222591638565
0.04276198148727417
0.17240965366363525
0.01730928011238575
0.08800434321165085
0.08985251188278198
0.013500320725142956
0.06421157717704773
0.017554903402924538
0.048897869884967804
0.1864449381828308
0.04364932328462601
0.017671018838882446
0.013632647693157196
0.023138118907809258
0.025185925886034966
0.18463188409805298
0.03415389731526375
0.013467449694871902
0.06477726995944977
0.17828980088233948
0.03327260911464691
0.015270612202584743
0.020547084510326385
0.057432062923908234
0.05687877535820007
0.046565618366003036
0.06696641445159912
0.07754744589328766
0.04643993824720383
0.03720703721046448
0.018299385905265808
0.1431678831577301
0.007560245227068663
0.013390686362981796
