12.196511744
12.197855232
12.173361152
12.150587392
12.16233472
12.169986048
12.171247616
12.172460032
12.172230656
12.172427264
12.172427264
12.172427264
12.172623872
12.173361152
12.174065664
12.175228928
12.169068544
12.169068544
12.16790528
12.16790528
12.184600576
12.184600576
12.164349952
12.164349952
12.16176128
12.16176128
12.16176128
12.16176128
12.16176128
12.16176128
12.17175552
12.17175552
12.156993536
12.156993536
12.152029184
12.152029184
12.162646016
12.162646016
12.14857216
12.14857216
12.166823936
12.166823936
12.151177216
12.151177216
12.151177216
12.151177216
12.16110592
12.16110592
12.145410048
12.145410048
12.16790528
12.16790528
12.144787456
12.144787456
12.135940096
12.135940096
12.170821632
12.170821632
12.154404864
12.154404864
12.095913984
12.095913984
12.104384512
12.104384512
12.098732032
12.098732032
12.098732032
12.098732032
12.098732032
12.098732032
12.093718528
12.093718528
12.1044992
12.1044992
12.094898176
12.094898176
12.115165184
12.115165184
12.098945024
12.098945024
12.096094208
12.096094208
12.111560704
12.111560704
12.111560704
12.111560704
12.117164032
12.117164032
12.100468736
12.100468736
12.09761792
12.09761792
12.113215488
12.113215488
12.09851904
12.09851904
12.09729024
12.09729024
12.104368128
12.104368128
12.100091904
12.100091904
12.11793408
12.11793408
12.10089472
12.10089472
12.101419008
12.101419008
12.101419008
12.101419008
12.102320128
12.102320128
12.120178688
12.120178688
12.106186752
12.106186752
12.103630848
12.103630848
12.114444288
12.114444288
12.104368128
12.104368128
12.104368128
12.104368128
12.104368128
12.104368128
12.105859072
12.105859072
12.121423872
12.121423872
12.121423872
12.121423872
12.121423872
12.121423872
12.10949632
12.10949632
12.106940416
12.106940416
12.122669056
12.122669056
12.108054528
12.108054528
12.106842112
12.106842112
12.113690624
12.113690624
12.109479936
12.109479936
12.127502336
12.127502336
12.111593472
12.111593472
12.110249984
12.110249984
12.110249984
12.110249984
12.110249984
12.110249984
12.1278464
12.1278464
12.1135104
12.1135104
12.110331904
12.110331904
12.122980352
12.122980352
12.110430208
12.110430208
12.138102784
12.138102784
12.118048768
12.118048768
12.112330752
12.112330752
12.127551488
12.127551488
12.112625664
12.112625664
12.098502656
12.098502656
12.062457856
12.062457856
12.058738688
12.058738688
12.07566336
12.07566336
12.057116672
12.057116672
12.057116672
12.057116672
12.061933568
12.061933568
12.055330816
12.055330816
12.072124416
12.072124416
12.057427968
12.057427968
12.052660224
12.052660224
12.062998528
12.062998528
12.070715392
12.070715392
12.070715392
12.070715392
12.05231616
12.05231616
12.049055744
12.049055744
12.049055744
12.049055744
12.049055744
12.049055744
12.071305216
12.071305216
12.052578304
12.052578304
12.049432576
12.049432576
12.064555008
12.064555008
12.049481728
12.049481728
12.047958016
12.047958016
12.05477376
12.05477376
12.050251776
12.050251776
12.067700736
12.067700736
12.050235392
12.050235392
12.050563072
12.050563072
12.05673984
12.05673984
12.050612224
12.050612224
12.067930112
12.067930112
12.053757952
12.053757952
12.050448384
12.050448384
12.061032448
12.061032448
12.050972672
12.050972672
12.070862848
12.070862848
12.05403648
12.05403648
12.050890752
12.050890752
12.066340864
12.066340864
12.051349504
12.051349504
12.073566208
12.073566208
12.054708224
12.054708224
12.051464192
12.051464192
12.066586624
12.066586624
12.066586624
12.066586624
12.049973248
12.049973248
12.05649408
12.05649408
12.05182464
12.05182464
12.089573376
12.089573376
12.073091072
12.073091072
12.051382272
12.051382272
12.051382272
12.051382272
12.051382272
12.051382272
12.069453824
12.069453824
12.055232512
12.055232512
12.051857408
12.051857408
12.064145408
12.064145408
12.021727232
12.021727232
11.998445568
11.998445568
11.983880192
11.983880192
11.979358208
11.979358208
11.994218496
11.994218496
11.979259904
11.979259904
12.002902016
12.002902016
11.982405632
11.982405632
11.979440128
11.979440128
11.994365952
11.994365952
11.978964992
11.978964992
11.978964992
11.978964992
11.985108992
11.985108992
11.979145216
11.979145216
11.996971008
11.996971008
11.982716928
11.982716928
11.979587584
11.979587584
11.990204416
11.990204416
11.9808
11.9808
12.00070656
12.00070656
11.983765504
11.983765504
11.980193792
11.980193792
11.995365376
11.995365376
11.98047232
11.98047232
12.000362496
12.000362496
11.98374912
11.98374912
11.980357632
11.980357632
12.014239744
12.014239744
11.997134848
11.997134848
11.977703424
11.977703424
11.9844864
11.9844864
11.979948032
11.979948032
11.997167616
11.997167616
11.979718656
11.979718656
11.979718656
11.979718656
11.979718656
11.979718656
11.980046336
11.980046336
11.997151232
11.997151232
11.982667776
11.982667776
11.979587584
11.979587584
11.990024192
11.990024192
11.979538432
11.979538432
11.999363072
11.999363072
11.982536704
11.982536704
11.979358208
11.979358208
11.99480832
11.99480832
11.979767808
11.979767808
12.00185344
12.00185344
11.982782464
11.982782464
11.978948608
11.978948608
11.994267648
11.994267648
11.979128832
11.979128832
11.977670656
11.977670656
11.9840768
11.9840768
11.979177984
11.979177984
11.99669248
11.99669248
11.98104576
11.98104576
11.979440128
11.979440128
11.979440128
11.979440128
11.979440128
11.979440128
11.996725248
11.996725248
11.982848
11.982848
11.979227136
11.979227136
11.979227136
11.979227136
11.997036544
11.997036544
11.997970432
11.997970432
11.983454208
11.983454208
11.978932224
11.978932224
11.993972736
11.993972736
11.978948608
11.978948608
12.002410496
12.002410496
11.982389248
11.982389248
11.979358208
11.979358208
11.994284032
11.994284032
11.994284032
11.994284032
11.994284032
11.994284032
11.98505984
11.98505984
11.979456512
11.979456512
11.99702016
11.99702016
11.982798848
11.982798848
11.979538432
11.979538432
11.98948352
11.98948352
11.979096064
11.979096064
11.99939584
11.99939584
11.98252032
11.98252032
11.978899456
11.978899456
11.994218496
11.994218496
11.979309056
11.979309056
11.999576064
11.999576064
11.983159296
11.983159296
11.980029952
11.980029952
11.995119616
11.995119616
11.979784192
11.979784192
11.978293248
11.978293248
11.984928768
11.984928768
11.979866112
11.979866112
11.99734784
11.99734784
11.979751424
11.979751424
11.980095488
11.980095488
11.986419712
11.986419712
11.99906816
11.99906816
12.016549888
12.016549888
12.016549888
12.016549888
12.016549888
12.016549888
12.095799296
12.095799296
12.085477376
12.085477376
12.102762496
12.102762496
12.084527104
12.084527104
12.079562752
12.079562752
12.093456384
12.093456384
12.07599104
12.07599104
12.095520768
12.095520768
12.07549952
12.07549952
12.072009728
12.072009728
12.085067776
12.085067776
12.06788096
12.06788096
12.064718848
12.064718848
12.068847616
12.068847616
12.062490624
12.062490624
12.078727168
12.078727168
12.061392896
12.061392896
12.057935872
12.057935872
12.064145408
12.064145408
12.05403648
12.05403648
12.070125568
12.070125568
12.054462464
12.054462464
12.049383424
12.049383424
12.060393472
12.060393472
12.046286848
12.046286848
12.063424512
12.063424512
12.04699136
12.04699136
12.039716864
12.039716864
12.053200896
12.053200896
12.036407296
12.036407296
12.05870592
12.05870592
12.037914624
12.037914624
12.034555904
12.034555904
12.067930112
12.067930112
12.051447808
12.051447808
12.032524288
12.032524288
12.04043776
12.04043776
12.034162688
12.034162688
12.051382272
12.051382272
12.03740672
12.03740672
12.034244608
12.034244608
12.044877824
12.044877824
12.034523136
12.034523136
12.034523136
12.034523136
12.037554176
12.037554176
12.034670592
12.034670592
12.049563648
12.049563648
12.034408448
12.034408448
12.054413312
12.054413312
12.037783552
12.037783552
12.037193728
12.037193728
12.053938176
12.053938176
12.054315008
12.054315008
12.053004288
12.053004288
12.05886976
12.05886976
12.05444608
12.05444608
12.072763392
12.072763392
12.052938752
12.052938752
12.051398656
12.051398656
12.05567488
12.05567488
12.045828096
12.045828096
12.061392896
12.061392896
12.061392896
12.061392896
12.061392896
12.061392896
12.051349504
12.051349504
12.040830976
12.040830976
12.060557312
12.060557312
12.044058624
12.044058624
12.040552448
12.040552448
12.074090496
12.074090496
12.074090496
12.074090496
12.074090496
12.074090496
12.041224192
12.041224192
12.037931008
12.037931008
12.053315584
12.053315584
12.038029312
12.038029312
12.036407296
12.036407296
12.043157504
12.043157504
12.043157504
12.043157504
12.043157504
12.043157504
12.039847936
12.039847936
12.038012928
12.038012928
12.046942208
12.046942208
12.03789824
12.03789824
12.055855104
12.055855104
12.04158464
12.04158464
12.038127616
12.038127616
12.050776064
12.050776064
12.03789824
12.03789824
12.05796864
12.05796864
12.042780672
12.042780672
12.036161536
12.036161536
12.051611648
12.051611648
12.036702208
12.036702208
12.060033024
12.060033024
12.060033024
12.060033024
12.036374528
12.036374528
12.051546112
12.051546112
12.036440064
12.036440064
12.03503104
12.03503104
12.04281344
12.04281344
12.036538368
12.036538368
12.054085632
12.054085632
12.039962624
12.039962624
12.037423104
12.037423104
12.04772864
12.04772864
12.055494656
12.055494656
12.073959424
12.073959424
12.040896512
12.040896512
12.03748864
12.03748864
12.052611072
12.052611072
12.037603328
12.037603328
12.057329664
12.057329664
12.040749056
12.040749056
12.037455872
12.037455872
12.052709376
12.052709376
12.037685248
12.037685248
12.035751936
12.035751936
12.042141696
12.042141696
12.037259264
12.037259264
12.05518336
12.05518336
12.037636096
12.037636096
12.037718016
12.037718016
12.043599872
12.043599872
12.037259264
12.037259264
12.054904832
12.054904832
12.040503296
12.040503296
12.037275648
12.037275648
12.04764672
12.04764672
12.037144576
12.037144576
12.05682176
12.05682176
12.040503296
12.040503296
12.037095424
12.037095424
12.065619968
12.065619968
12.049301504
12.049301504
12.049301504
12.049301504
12.053315584
12.053315584
12.049219584
12.049219584
12.063440896
12.063440896
12.045860864
12.045860864
12.043419648
12.043419648
12.047269888
12.047269888
12.058329088
12.058329088
12.074123264
12.074123264
12.039323648
12.039323648
12.0377344
12.0377344
12.046368768
12.046368768
12.037586944
12.037586944
12.055314432
12.055314432
12.04109312
12.04109312
12.038045696
12.038045696
12.050808832
12.050808832
12.03740672
12.03740672
12.057182208
12.057182208
12.042420224
12.042420224
12.037849088
12.037849088
12.053004288
12.053004288
12.037931008
12.037931008
12.061376512
12.061376512
12.04117504
12.04117504
12.037914624
12.037914624
12.053037056
12.053037056
12.03830784
12.03830784
12.03675136
12.03675136
12.038242304
12.038242304
12.058312704
12.058312704
12.054478848
12.054478848
12.051808256
12.051808256
12.037521408
12.037521408
12.056346624
12.056346624
12.036161536
12.036161536
12.033540096
12.033540096
12.040912896
12.040912896
12.034555904
12.034555904
12.050890752
12.050890752
12.034195456
12.034195456
12.056068096
12.056068096
12.036980736
12.036980736
12.03314688
12.03314688
12.05927936
12.05927936
12.04969472
12.04969472
12.050415616
12.050415616
12.031213568
12.031213568
12.063064064
12.063064064
12.03388416
12.03388416
12.030558208
12.030558208
12.04207616
12.04207616
12.030509056
12.030509056
12.050071552
12.050071552
12.030328832
12.030328832
12.028592128
12.028592128
12.034752512
12.034752512
12.029853696
12.029853696
12.045811712
12.045811712
11.976835072
11.976835072
11.99874048
11.99874048
11.979472896
11.979472896
11.976196096
11.976196096
11.981930496
11.981930496
11.97498368
11.97498368
11.991154688
11.991154688
11.975081984
11.975081984
12.004098048
12.004098048
11.977900032
11.977900032
11.974475776
11.974475776
11.985911808
11.985911808
11.973722112
11.973722112
11.992252416
11.992252416
11.973541888
11.973541888
12.008439808
12.008439808
11.977572352
11.977572352
11.972608
11.972608
11.988942848
11.988942848
11.972460544
11.972460544
11.99194112
11.99194112
11.97350912
11.97350912
11.97350912
11.99046656
11.99046656
11.99046656
11.971526656
11.971526656
