58.49
67.87
67.42
65.00
67.81
63.91
63.73
63.55
64.81
64.81
64.22
63.93
63.57
64.20
64.21
62.96
61.02
61.02
23.42
23.42
19.78
19.78
22.37
22.37
18.29
18.29
18.54
18.54
18.82
18.82
17.89
17.89
18.89
18.89
18.86
18.86
18.34
18.34
19.56
19.56
19.25
19.25
18.82
18.82
19.84
19.84
18.44
18.44
18.57
18.57
18.27
18.27
19.52
19.52
18.45
18.45
24.77
24.77
19.51
19.51
18.91
18.91
19.15
19.15
18.80
18.80
18.29
18.29
19.84
19.84
18.48
18.48
19.35
19.35
18.98
18.98
19.69
19.69
20.26
20.26
18.02
18.02
18.64
18.64
18.61
18.61
18.93
18.93
18.27
18.27
19.55
19.55
18.21
18.21
18.15
18.15
19.53
19.53
18.06
18.06
18.65
18.65
19.56
19.56
18.16
18.16
17.49
17.49
19.40
19.40
18.10
18.10
18.83
18.83
17.91
17.91
20.44
20.44
17.96
17.96
18.24
18.24
18.55
18.55
19.41
19.41
18.72
18.72
17.25
17.25
24.63
24.63
18.79
18.79
20.09
20.09
18.33
18.33
17.68
17.68
20.07
20.07
18.89
18.89
18.89
18.89
19.81
19.81
19.61
19.61
18.16
18.16
18.38
18.38
18.58
18.58
17.98
17.98
18.20
18.20
19.34
19.34
19.71
19.71
19.00
19.00
18.64
18.64
20.73
20.73
17.77
17.77
18.82
18.82
18.80
18.80
18.44
18.44
18.83
18.83
18.44
18.44
20.14
20.14
17.32
17.32
18.71
18.71
19.25
19.25
18.72
18.72
19.39
19.39
17.90
17.90
19.31
19.31
19.43
19.43
18.03
18.03
29.24
29.24
18.30
18.30
19.21
19.21
19.25
19.25
19.69
19.69
16.55
16.55
18.51
18.51
20.66
20.66
18.14
18.14
19.63
19.63
17.54
17.54
20.19
20.19
17.34
17.34
19.65
19.65
18.83
18.83
18.93
18.93
18.79
18.79
19.06
19.06
17.56
17.56
19.82
19.82
20.02
20.02
17.48
17.48
18.09
18.09
20.13
20.13
19.88
19.88
18.25
18.25
17.25
17.25
20.40
20.40
19.73
19.73
17.74
17.74
17.11
17.11
18.98
18.98
18.82
18.82
18.60
18.60
18.34
18.34
17.79
17.79
18.50
18.50
23.30
23.30
20.07
20.07
19.58
19.58
19.01
19.01
18.24
18.24
18.04
18.04
17.72
17.72
20.01
20.01
18.65
18.65
20.83
20.83
19.58
19.58
18.98
18.98
18.63
18.63
18.21
18.21
19.15
19.15
18.49
18.49
19.08
19.08
18.40
18.40
18.65
18.65
18.85
18.85
17.58
17.58
19.98
19.98
17.97
17.97
18.70
18.70
19.14
19.14
18.90
18.90
18.03
18.03
23.26
23.26
19.61
19.61
21.05
21.05
19.64
19.64
18.40
18.40
19.55
19.55
18.54
18.54
18.19
18.19
18.90
18.90
25.09
25.09
18.59
18.59
18.65
18.65
19.53
19.53
22.72
22.72
17.99
17.99
18.83
18.83
19.00
19.00
19.11
19.11
20.44
20.44
17.70
17.70
18.84
18.84
19.66
19.66
18.64
18.64
18.36
18.36
18.98
18.98
16.93
16.93
19.78
19.78
19.31
19.31
19.07
19.07
19.03
19.03
19.48
19.48
18.92
18.92
18.93
18.93
19.04
19.04
18.82
18.82
19.76
19.76
17.84
17.84
20.79
20.79
17.13
17.13
19.93
19.93
16.78
16.78
19.21
19.21
19.12
19.12
18.55
18.55
18.57
18.57
22.82
22.82
23.99
23.99
20.19
20.19
18.52
18.52
18.13
18.13
18.20
18.20
20.47
20.47
18.48
18.48
20.37
20.37
18.18
18.18
18.90
18.90
17.92
17.92
20.05
20.05
19.63
19.63
19.05
19.05
18.18
18.18
18.57
18.57
19.26
19.26
17.54
17.54
19.90
19.90
17.91
17.91
18.84
18.84
18.54
18.54
19.21
19.21
19.59
19.59
18.33
18.33
17.83
17.83
20.48
20.48
19.74
19.74
16.94
16.94
19.59
19.59
18.85
18.85
16.97
16.97
18.85
18.85
18.96
18.96
19.60
19.60
18.54
18.54
26.02
26.02
19.47
19.47
18.38
18.38
20.11
20.11
17.74
17.74
19.11
19.11
18.02
18.02
19.03
19.03
21.16
21.16
19.96
19.96
18.66
18.66
18.19
18.19
19.18
19.18
19.43
19.43
17.10
17.10
19.02
19.02
18.31
18.31
19.15
19.15
18.72
18.72
18.41
18.41
18.56
18.56
20.21
20.21
18.72
18.72
19.06
19.06
19.35
19.35
20.14
20.14
18.13
18.13
18.01
18.01
19.34
19.34
18.85
18.85
18.49
18.49
18.72
18.72
19.12
19.12
17.59
17.59
19.64
19.64
18.16
18.16
17.69
17.69
24.06
24.06
19.09
19.09
19.33
19.33
19.46
19.46
17.24
17.24
19.22
19.22
18.07
18.07
18.75
18.75
18.67
18.67
18.11
18.11
18.49
18.49
18.01
18.01
18.94
18.94
19.80
19.80
18.76
18.76
17.92
17.92
18.65
18.65
19.78
19.78
20.92
20.92
20.37
20.37
18.06
18.06
18.74
18.74
19.54
19.54
18.43
18.43
19.13
19.13
18.40
18.40
19.03
19.03
19.21
19.21
17.26
17.26
18.54
18.54
17.88
17.88
19.40
19.40
19.29
19.29
18.50
18.50
18.96
18.96
18.86
18.86
28.25
28.25
19.10
19.10
18.68
18.68
18.84
18.84
18.90
18.90
17.87
17.87
20.01
20.01
20.46
20.46
17.80
17.80
20.01
20.01
18.45
18.45
17.70
17.70
18.74
18.74
18.19
18.19
19.31
19.31
18.07
18.07
18.34
18.34
19.04
19.04
18.52
18.52
18.57
18.57
18.78
18.78
17.91
17.91
19.41
19.41
18.47
18.47
19.29
19.29
18.64
18.64
19.69
19.69
19.88
19.88
18.50
18.50
20.09
20.09
18.45
18.45
18.95
18.95
19.05
19.05
18.16
18.16
17.88
17.88
18.91
18.91
16.69
16.69
24.95
24.95
17.99
17.99
20.52
20.52
17.70
17.70
18.99
18.99
19.17
19.17
17.90
17.90
18.65
18.65
20.06
20.06
17.83
17.83
17.46
17.46
19.65
19.65
17.74
17.74
18.94
18.94
19.16
19.16
17.84
17.84
19.41
19.41
17.61
17.61
19.49
19.49
18.54
18.54
19.51
19.51
17.98
17.98
20.46
20.46
17.13
17.13
19.62
19.62
20.15
20.15
18.42
18.42
22.96
22.96
17.99
17.99
19.15
19.15
18.41
18.41
18.57
18.57
18.20
18.20
18.16
18.16
20.06
20.06
17.91
17.91
23.88
23.88
17.41
17.41
19.94
19.94
18.12
18.12
19.55
19.55
17.52
17.52
18.65
18.65
18.79
18.79
18.53
18.53
18.68
18.68
19.24
19.24
19.15
19.15
18.47
18.47
17.10
17.10
18.18
18.18
18.80
18.80
17.37
17.37
18.55
18.55
18.50
18.50
17.99
17.99
24.62
24.62
19.04
19.04
14.83
14.83
20.44
20.44
13.27
13.27
14.86
14.86
9.96
9.96
9.17
9.17
10.87
10.87
9.19
9.19
11.08
11.08
10.57
10.57
12.35
12.35
11.88
11.88
9.31
9.31
10.85
10.85
11.20
11.20
21.71
21.71
9.44
9.44
12.08
12.08
9.46
9.46
10.83
10.83
7.94
7.94
10.83
10.83
10.28
10.28
10.67
10.67
9.99
9.99
11.20
11.20
8.81
8.81
9.96
9.96
9.67
9.67
10.60
10.60
9.66
9.66
8.90
8.90
10.15
10.15
9.42
9.42
9.23
9.23
9.65
9.65
9.67
9.67
9.88
9.88
8.85
8.85
12.15
12.15
8.92
8.92
11.75
11.75
9.65
9.65
8.92
8.92
10.71
10.71
9.00
9.00
10.60
10.60
9.69
9.69
10.85
10.85
9.43
9.43
11.03
11.03
8.78
8.78
8.78
10.38
10.38
10.38
11.60
11.60
