0.005448621232062578
0.03888139873743057
0.1027306616306305
0.04690425097942352
0.05055868253111839
0.03120596334338188
0.014151687733829021
0.026181155815720558
0.043848782777786255
0.014986475929617882
0.013087124563753605
0.02335897646844387
0.005913193803280592
0.038492750376462936
0.048612069338560104
0.04321325197815895
0.01410153042525053
0.00333358789794147
0.04340725019574165
0.06558755785226822
0.011699384078383446
0.034692537039518356
0.07686635851860046
0.01026673149317503
0.08806336671113968
0.08842220902442932
0.013164863921701908
0.03178440406918526
0.004670694470405579
0.006845103111118078
0.007414460647851229
0.01306875329464674
0.017004886642098427
0.10363681614398956
0.036452848464250565
0.01969003491103649
0.021093903109431267
0.06731747090816498
0.03567332401871681
0.01587028056383133
0.014331212267279625
0.048349570482969284
0.00491816783323884
0.04057919606566429
0.011259190738201141
0.008868536911904812
0.02316361851990223
0.018305040895938873
0.012523623183369637
0.016921397298574448
0.031221654266119003
0.0647570937871933
0.006629300769418478
0.09078040719032288
0.06588006019592285
0.018649883568286896
0.007450892589986324
0.005092743784189224
0.03207899630069733
0.060002636164426804
0.0042584859766066074
0.012324649840593338
0.04164612293243408
0.010727190412580967
0.018450245261192322
0.1183556616306305
0.016526181250810623
0.01614673249423504
0.00786113552749157
0.016278695315122604
0.004712326917797327
0.08959714323282242
0.052353449165821075
0.009741739369928837
0.013204059563577175
0.07103610038757324
0.014842590317130089
0.01109221950173378
0.10994377732276917
0.02963736280798912
0.039124101400375366
0.045662038028240204
0.011092150583863258
0.0275186188519001
0.002737527946010232
0.11194434016942978
0.1880812644958496
0.006040157284587622
0.04288168624043465
0.0358203761279583
0.031259432435035706
0.07428967207670212
0.1071348562836647
0.01687583699822426
0.011623004451394081
0.005839320831000805
0.009301325306296349
0.02452699840068817
0.03820135444402695
0.0024959787260740995
0.004645020700991154
0.007959730923175812
0.016350341960787773
0.040858518332242966
0.009534002281725407
0.03507256880402565
0.11367408186197281
0.035691265016794205
0.046419259160757065
0.04816170036792755
0.04284859448671341
0.003216697834432125
0.13663071393966675
0.008369345217943192
0.020824162289500237
0.009255941025912762
0.009702859446406364
0.07710929214954376
0.038311854004859924
0.013367277570068836
0.03207956254482269
0.056117381900548935
0.007651267107576132
0.01690339669585228
0.1002633348107338
0.007483529392629862
0.026383884251117706
0.003947720862925053
0.0339730829000473
0.058106064796447754
0.006412182468920946
0.04909776523709297
0.007009186316281557
0.07778241485357285
0.00563360471278429
0.03544098883867264
0.017038865014910698
0.01678776554763317
0.011716161854565144
0.009248207323253155
0.015008256770670414
0.0779694989323616
0.0033366873394697905
0.019961612299084663
0.019472340121865273
0.13455802202224731
0.008846811950206757
0.03906392306089401
0.11486341059207916
0.05262268707156181
0.03295307978987694
0.026003528386354446
0.028520919382572174
0.042945075780153275
0.12041255086660385
0.008905463851988316
0.015348740853369236
0.004579698666930199
0.007927032187581062
0.04142109304666519
0.07095958292484283
0.1833626627922058
0.013015703298151493
0.00869790744036436
0.11000561714172363
0.02331536076962948
0.059239260852336884
0.016965307295322418
0.016310827806591988
0.02773735485970974
0.06664285063743591
0.0872545912861824
0.03458567336201668
0.057452861219644547
0.00978375505656004
0.01717469096183777
0.02475598268210888
0.016771715134382248
0.023738734424114227
0.010364389047026634
0.05665775388479233
0.03473282977938652
0.024893753230571747
0.03133701905608177
0.02610035426914692
0.04909239336848259
0.04966608062386513
0.05481184273958206
0.06153920665383339
0.027827691286802292
0.021242672577500343
0.014303709380328655
0.01714053750038147
0.013539656065404415
0.009858066216111183
0.055324677377939224
0.010812202468514442
0.027855200693011284
0.008778367191553116
0.010503900237381458
0.010722151026129723
0.017367778345942497
0.0395301952958107
0.06146698817610741
0.052970949560403824
0.01658574864268303
0.01928596757352352
0.012258736416697502
0.025240393355488777
0.01452722493559122
0.006811751052737236
0.00709178764373064
0.006369647569954395
0.008636659942567348
0.029452592134475708
0.02852848544716835
0.03906923905014992
0.05264168232679367
0.012075033038854599
0.050903089344501495
0.02458234317600727
0.007623847108334303
0.029307473450899124
0.05182422325015068
0.024610072374343872
0.003425205359235406
0.0327322781085968
0.019218988716602325
0.006292604375630617
0.004490021150559187
0.08438180387020111
0.08447572588920593
0.01113059464842081
0.01644982025027275
0.009374197572469711
0.01723311096429825
0.07305005937814713
0.055328648537397385
0.020098786801099777
0.03543053939938545
0.011725712567567825
0.09974826127290726
0.02329110912978649
0.03038688935339451
0.04363032057881355
0.003398740431293845
0.022484147921204567
0.07994452118873596
0.04689352214336395
0.04008639231324196
0.03306412324309349
0.03243443742394447
0.0032448701094835997
0.00947088748216629
0.03401639685034752
0.002645871601998806
0.048810891807079315
0.023370735347270966
0.015506546944379807
0.013199478387832642
0.04467955604195595
0.014942574314773083
0.021090473979711533
0.010114869102835655
0.011623651720583439
0.018715662881731987
0.010114293545484543
0.020306933671236038
0.030142879113554955
0.023749787360429764
0.014224572107195854
0.013380208984017372
0.015937667340040207
0.060867663472890854
0.03589527681469917
0.03444748371839523
0.05007793754339218
0.005938862916082144
0.01860613375902176
0.022792894393205643
0.05746299400925636
0.04577060788869858
0.018640564754605293
0.016784073784947395
0.0054474323987960815
0.009534328244626522
0.026335852220654488
0.04174208641052246
0.018032655119895935
0.01953500509262085
0.012393277138471603
0.007301607169210911
0.014309595339000225
0.021325180307030678
0.003953630570322275
0.00809272937476635
0.02014646865427494
0.017454298213124275
0.059802912175655365
0.04491075873374939
0.03543074056506157
0.07295450568199158
0.02602517604827881
0.01617717184126377
0.06684380024671555
0.009542668238282204
0.003375748172402382
0.023102881386876106
0.024392008781433105
0.2715931534767151
0.008399585261940956
0.010809620842337608
0.0071961586363613605
0.0064327772706747055
0.02904018945991993
0.024605588987469673
0.03286204859614372
0.02041883021593094
0.029250003397464752
0.09597520530223846
0.0751456618309021
0.009805034846067429
0.057380277663469315
0.01328686811029911
0.004391171038150787
0.02418503910303116
0.026158323511481285
0.04069460183382034
0.025075329467654228
0.03046480566263199
0.010901507921516895
0.014358453452587128
0.11906829476356506
0.017861561849713326
0.017431234940886497
0.04619082435965538
0.020305490121245384
0.04753093421459198
0.027603644877672195
0.014258342795073986
0.018875638023018837
0.028828084468841553
0.007120760157704353
0.08856453001499176
0.015009209513664246
0.016180410981178284
0.025646844878792763
0.004708490800112486
0.09339728206396103
0.01934955269098282
0.0037943164352327585
0.05601383373141289
0.04164344072341919
0.007323635276407003
0.049380112439394
0.040952276438474655
0.03123573027551174
0.015792323276400566
0.030267193913459778
0.06561879813671112
0.0417262427508831
0.008510456420481205
0.07619429379701614
0.011513653211295605
0.024781808257102966
0.008705778047442436
0.012552844360470772
0.11087904125452042
0.002388544613495469
0.03671930357813835
0.004389301873743534
0.02947738952934742
0.011773350648581982
0.04278917610645294
0.042235877364873886
0.00857634749263525
0.021732665598392487
0.0018586647929623723
0.07419417798519135
0.0214928537607193
0.05379346385598183
0.008191658183932304
0.07606884837150574
0.02673443779349327
0.010172075591981411
0.03578682616353035
0.01596936397254467
0.02140536531805992
0.031082388013601303
0.015826188027858734
0.01603737659752369
0.10034550726413727
0.022419128566980362
0.009712704457342625
0.03264250606298447
0.01310171838849783
0.014285676181316376
0.029374372214078903
0.02231467515230179
0.007758928928524256
0.01440020464360714
0.031125498935580254
0.06534963846206665
0.012963876128196716
0.019109684973955154
0.021661624312400818
0.02248438447713852
0.029731344431638718
0.06710010021924973
0.03052130900323391
0.010662175714969635
0.005579045508056879
0.18910780549049377
0.039964720606803894
0.012942595407366753
0.031005727127194405
0.0719376653432846
0.016885489225387573
0.05719419941306114
0.026281867176294327
0.025373371317982674
0.025883305817842484
0.02754492498934269
0.014944859780371189
0.005875810515135527
0.008511294610798359
0.012971540912985802
0.042778629809617996
0.11779709160327911
0.05377240851521492
0.005131761077791452
0.01997106336057186
0.010174496099352837
0.010164865292608738
0.021561188623309135
0.07779990136623383
0.016094189137220383
0.013691682368516922
0.13420425355434418
0.007611266802996397
0.011273195035755634
0.012896423228085041
0.011245040223002434
0.04700344428420067
0.007884101942181587
0.007064109668135643
0.16419081389904022
0.014835565350949764
0.010594723746180534
0.006156627554446459
0.007830278016626835
0.18708254396915436
0.007452205289155245
0.027830861508846283
0.1880905032157898
0.04301648959517479
0.007485130336135626
0.025966867804527283
0.019139418378472328
0.005169624462723732
0.006918714847415686
0.056811291724443436
0.004822551738470793
0.0118820546194911
0.09616084396839142
0.01652853935956955
0.023122411221265793
0.016121454536914825
0.012789247557520866
0.0065987021662294865
0.01753673143684864
0.004283582791686058
0.05435989424586296
0.008606291376054287
0.021343395113945007
0.02036815695464611
0.005180352833122015
0.0297999270260334
0.011052504181861877
0.029389137402176857
0.005154655780643225
0.0757329985499382
0.008015688508749008
0.007570766378194094
0.015180917456746101
0.022529132664203644
0.009051919914782047
0.02630404382944107
0.023352602496743202
0.018337424844503403
0.007507817819714546
0.012801801785826683
0.07886458188295364
0.038831356912851334
0.06343520432710648
0.0567927286028862
0.08485044538974762
0.005681859795004129
0.01093495637178421
0.023531204089522362
0.003490941831842065
0.03906610608100891
0.013581985607743263
0.020382333546876907
0.03858412429690361
0.023116344586014748
0.013433419167995453
0.019627751782536507
0.020464537665247917
0.020545216277241707
0.013357771560549736
0.07862318307161331
0.006101061124354601
0.018754901364445686
0.0869903564453125
0.007845310494303703
0.07635415345430374
0.01637636125087738
0.0135056022554636
0.02047026716172695
0.03377610072493553
0.049132391810417175
0.012600129470229149
0.02540747821331024
0.010939545929431915
0.05723946541547775
0.005539976060390472
0.04926548898220062
0.017314966768026352
0.030184123665094376
0.007159677799791098
0.020138511434197426
0.03334524482488632
0.014430911280214787
0.02637822926044464
0.03951241821050644
0.006762383505702019
0.0057439496740698814
0.012169714085757732
0.010767504572868347
0.026201779022812843
0.0657680481672287
0.007644877769052982
0.05943065509200096
0.043873075395822525
0.0068321735598146915
0.006226643919944763
0.015291131101548672
0.0025708931498229504
0.011500225402414799
0.0229603573679924
0.00943925604224205
0.05329035222530365
0.029349857941269875
0.014979992993175983
0.014523318037390709
0.0056040906347334385
0.020797109231352806
0.04158918932080269
0.06227553263306618
0.008175786584615707
0.07234527915716171
0.0967087373137474
0.020220808684825897
0.01688428968191147
0.022460153326392174
0.013040304183959961
0.009072435088455677
0.013707616366446018
0.018761945888400078
0.010424274019896984
0.0030000850092619658
0.15188764035701752
0.013942720368504524
0.060665860772132874
0.03985089436173439
0.09583674371242523
0.014173643663525581
0.005270821508020163
0.0028095715679228306
0.010344562120735645
0.0072104171849787235
0.03609203174710274
0.04887434467673302
0.007932215929031372
0.0321091003715992
0.04991136118769646
0.03157220780849457
0.042488548904657364
0.010037746280431747
0.053242478519678116
0.1410452425479889
0.008851835504174232
0.06462372094392776
0.12245767563581467
0.013289003632962704
0.020603744313120842
0.017247062176465988
0.016202222555875778
0.015658721327781677
0.0551772378385067
0.03904945030808449
0.061834078282117844
0.012291861698031425
0.0359584279358387
0.03454236686229706
0.017040159553289413
0.03546437248587608
0.009764366783201694
0.048187628388404846
0.05748967453837395
0.02820981852710247
0.018557317554950714
0.010036103427410126
0.020126257091760635
0.021823031827807426
0.03474977985024452
0.047243840992450714
0.05422508716583252
0.05188014358282089
0.08746568113565445
0.012904271483421326
0.02343246340751648
0.0594201423227787
0.019561534747481346
0.026375245302915573
0.030737100169062614
0.00783261377364397
0.05587441474199295
0.007141135632991791
0.04447338357567787
0.004414528142660856
0.1087631955742836
0.08160606026649475
0.01713569648563862
0.012904011644423008
0.008771862834692001
0.08963525295257568
0.0035505560226738453
0.018010295927524567
0.01266524475067854
0.009677140042185783
0.04717782139778137
0.04147692769765854
0.025573624297976494
0.016180966049432755
0.028010962530970573
0.01360328495502472
0.17423903942108154
0.012410543859004974
0.016022173687815666
0.05207463726401329
0.010719459503889084
0.0027225075755268335
0.035742565989494324
0.012812694534659386
0.0063111972995102406
0.021638235077261925
0.04062894731760025
0.02288222871720791
0.060515180230140686
0.03732778877019882
0.05834879353642464
0.013344638980925083
0.007972536608576775
0.0007360512972809374
0.007926871068775654
0.028064195066690445
0.007826530374586582
0.004147050902247429
0.01015000231564045
0.00796023290604353
0.009698397479951382
0.00276505621150136
0.022332433611154556
0.04437877610325813
0.03788113221526146
0.13075995445251465
0.009183918125927448
0.009441649541258812
0.10100836306810379
0.03763908892869949
0.04088122397661209
0.0277207400649786
0.007168314885348082
0.04182365909218788
0.07489710301160812
0.04558776319026947
0.008744455873966217
0.02702740766108036
0.012293325737118721
0.08460793644189835
0.021685903891921043
0.026957442983984947
0.0524628646671772
0.03612607717514038
0.023177413269877434
0.003325582714751363
0.016256829723715782
0.027707144618034363
0.003136564278975129
0.010823313146829605
0.02296276018023491
0.004270314704626799
0.07163302600383759
0.046892520040273666
0.01001906581223011
0.04218205064535141
0.007501971907913685
0.012139338068664074
0.04905464127659798
0.02622915804386139
0.014638337306678295
0.008861293084919453
0.06414895504713058
0.026064323261380196
0.05878119170665741
0.06256217509508133
0.011633066460490227
0.05367862060666084
0.07039935141801834
0.07103796303272247
0.020470868796110153
0.06538447737693787
0.014944314956665039
0.01564331166446209
0.026573466137051582
0.00957087054848671
0.014687739312648773
0.01897740177810192
0.0060884179547429085
0.04033204913139343
0.0052944389171898365
0.06282570213079453
0.012069794349372387
0.020977064967155457
0.01836743764579296
0.03390007093548775
0.007496837992221117
0.002946036634966731
0.03137855604290962
0.015189400874078274
0.015508736483752728
0.03527188301086426
0.01881641522049904
0.009121829643845558
0.07876904308795929
0.01249635498970747
0.017442641779780388
0.03520547226071358
0.05812136083841324
0.03149642422795296
0.005647330544888973
0.004153118934482336
0.018219081684947014
0.01556423306465149
0.044907346367836
0.03201170265674591
0.07647279649972916
0.024118836969137192
0.06121430918574333
0.011799548752605915
0.02343209832906723
0.10446318984031677
0.035908546298742294
0.014831427484750748
0.03513532131910324
0.013679624535143375
0.007654122076928616
0.02640441805124283
0.01143075991421938
0.015976954251527786
0.03780286759138107
0.023980893194675446
0.017877288162708282
0.007527530193328857
0.0037298789247870445
0.003900698618963361
0.09701833128929138
0.01882234588265419
0.07221711426973343
0.012262257747352123
0.014541600830852985
0.040173452347517014
0.049932725727558136
0.01630263775587082
0.03788125514984131
0.06689398735761642
0.011043690145015717
0.01987656019628048
0.010973287746310234
0.03889661282300949
0.10114328563213348
0.007500587496906519
0.012375843711197376
0.03614247217774391
0.0038125189021229744
0.05104934051632881
0.038428422063589096
0.04650646448135376
0.008999527432024479
0.005791215691715479
0.009297235868871212
0.08720178157091141
0.007115871645510197
0.05250931531190872
0.007712319027632475
0.027643712237477303
0.035272303968667984
0.07753264904022217
0.05042499303817749
0.006697186268866062
0.01125015877187252
0.036445461213588715
0.07429824024438858
0.006476435344666243
0.03807716816663742
0.027359358966350555
0.006736421026289463
0.011240288615226746
0.0315316803753376
0.017151903361082077
0.006031232886016369
0.008523792959749699
0.03021211177110672
0.05301579833030701
0.07841213047504425
0.019760314375162125
0.024715784937143326
0.11577542126178741
0.022526929154992104
0.006250410340726376
0.007769122254103422
0.018596457317471504
0.02738078683614731
0.016297224909067154
0.03179115429520607
0.03253377228975296
0.005091976840049028
0.033594220876693726
0.0635688379406929
0.0055795833468437195
0.11431457102298737
0.012971937656402588
0.04219887778162956
0.0019120728829875588
0.005007054191082716
0.018569039180874825
0.07562540471553802
0.12759849429130554
0.040325459092855453
0.010130469687283039
0.08624470978975296
0.012161951512098312
0.027605025097727776
0.04842301830649376
0.005494728218764067
0.020773688331246376
0.12804146111011505
0.011364285834133625
0.01704808697104454
0.01073198951780796
0.006776375230401754
0.014033211395144463
0.05673017352819443
0.015732238069176674
0.026330526918172836
0.017711708322167397
0.012155549600720406
0.008538568392395973
0.013228918425738811
0.02467915043234825
0.08909043669700623
0.07575834542512894
0.013140260241925716
0.0676584541797638
0.01020345464348793
0.023367324844002724
0.05514067783951759
0.012233274057507515
0.013818224892020226
0.019611820578575134
0.013191014528274536
0.005571197718381882
0.0386245995759964
0.0337347611784935
0.11564189195632935
0.02317866124212742
0.013082803227007389
0.03179372847080231
0.033464569598436356
0.011534488759934902
0.022189002484083176
0.005866836290806532
0.021762961521744728
0.03388654440641403
0.014934580773115158
0.02117971144616604
0.03608478605747223
0.004755523521453142
0.01100779976695776
0.08315359801054001
0.018155192956328392
0.04647725820541382
0.06524048000574112
0.030182039365172386
0.005779948551207781
0.013655034825205803
0.022335346788167953
0.01862950250506401
0.03936942294239998
0.019723163917660713
0.008859915658831596
0.05591154471039772
0.00694928877055645
0.17206154763698578
0.048992231488227844
0.005866240710020065
0.04412154108285904
0.005073271691799164
0.0017951278714463115
0.012710954993963242
0.049591779708862305
0.07199399173259735
0.06685817986726761
0.018815351650118828
0.005658045411109924
0.04729652404785156
0.044798512011766434
0.0022387593053281307
0.011684334836900234
0.004053260199725628
0.008252139203250408
0.012932916171848774
0.07501651346683502
0.008595161139965057
0.014224492013454437
0.0059355213306844234
0.009309248998761177
0.1288430541753769
